[2022-05-02 04:29:07,273] {taskinstance.py:1032} INFO - Dependencies all met for <TaskInstance: YellowDataIngestionDag.download_dataset_task scheduled__2019-07-02T06:00:00+00:00 [queued]>
[2022-05-02 04:29:07,295] {taskinstance.py:1032} INFO - Dependencies all met for <TaskInstance: YellowDataIngestionDag.download_dataset_task scheduled__2019-07-02T06:00:00+00:00 [queued]>
[2022-05-02 04:29:07,295] {taskinstance.py:1238} INFO - 
--------------------------------------------------------------------------------
[2022-05-02 04:29:07,295] {taskinstance.py:1239} INFO - Starting attempt 1 of 2
[2022-05-02 04:29:07,295] {taskinstance.py:1240} INFO - 
--------------------------------------------------------------------------------
[2022-05-02 04:29:07,316] {taskinstance.py:1259} INFO - Executing <Task(BashOperator): download_dataset_task> on 2019-07-02 06:00:00+00:00
[2022-05-02 04:29:07,327] {standard_task_runner.py:52} INFO - Started process 1324 to run task
[2022-05-02 04:29:07,335] {standard_task_runner.py:76} INFO - Running: ['***', 'tasks', 'run', 'YellowDataIngestionDag', 'download_dataset_task', 'scheduled__2019-07-02T06:00:00+00:00', '--job-id', '175', '--raw', '--subdir', 'DAGS_FOLDER/ingest_yellow_green_fhv_zones_gcs_dag.py', '--cfg-path', '/tmp/tmpdqvmxvmk', '--error-file', '/tmp/tmp185a2c5r']
[2022-05-02 04:29:07,337] {standard_task_runner.py:77} INFO - Job 175: Subtask download_dataset_task
[2022-05-02 04:29:07,498] {logging_mixin.py:109} INFO - Running <TaskInstance: YellowDataIngestionDag.download_dataset_task scheduled__2019-07-02T06:00:00+00:00 [running]> on host 8238bde88e59
[2022-05-02 04:29:07,564] {warnings.py:110} WARNING - /home/***/.local/lib/python3.7/site-packages/***/utils/context.py:152: AirflowContextDeprecationWarning: Accessing 'execution_date' from the template is deprecated and will be removed in a future version. Please use 'data_interval_start' or 'logical_date' instead.
  warnings.warn(_create_deprecation_warning(key, self._deprecation_replacements[key]))

[2022-05-02 04:29:07,597] {taskinstance.py:1426} INFO - Exporting the following env vars:
AIRFLOW_CTX_DAG_OWNER=***
AIRFLOW_CTX_DAG_ID=YellowDataIngestionDag
AIRFLOW_CTX_TASK_ID=download_dataset_task
AIRFLOW_CTX_EXECUTION_DATE=2019-07-02T06:00:00+00:00
AIRFLOW_CTX_DAG_RUN_ID=scheduled__2019-07-02T06:00:00+00:00
[2022-05-02 04:29:07,598] {subprocess.py:62} INFO - Tmp dir root location: 
 /tmp
[2022-05-02 04:29:07,599] {subprocess.py:74} INFO - Running command: ['bash', '-c', 'curl -sSLf https://s3.amazonaws.com/nyc-tlc/trip+data/yellow_tripdata_2019-07.csv > /opt/***/yellow_taxi_2019-07.csv']
[2022-05-02 04:29:07,619] {subprocess.py:85} INFO - Output:
[2022-05-02 04:29:24,032] {subprocess.py:93} INFO - Command exited with return code 0
[2022-05-02 04:29:24,066] {taskinstance.py:1277} INFO - Marking task as SUCCESS. dag_id=YellowDataIngestionDag, task_id=download_dataset_task, execution_date=20190702T060000, start_date=20220502T042907, end_date=20220502T042924
[2022-05-02 04:29:24,111] {local_task_job.py:154} INFO - Task exited with return code 0
[2022-05-02 04:29:24,165] {local_task_job.py:264} INFO - 1 downstream tasks scheduled from follow-on schedule check
