[2022-05-02 04:42:01,758] {taskinstance.py:1032} INFO - Dependencies all met for <TaskInstance: YellowDataIngestionDag.upload_to_gcs_task scheduled__2020-12-02T06:00:00+00:00 [queued]>
[2022-05-02 04:42:01,772] {taskinstance.py:1032} INFO - Dependencies all met for <TaskInstance: YellowDataIngestionDag.upload_to_gcs_task scheduled__2020-12-02T06:00:00+00:00 [queued]>
[2022-05-02 04:42:01,772] {taskinstance.py:1238} INFO - 
--------------------------------------------------------------------------------
[2022-05-02 04:42:01,772] {taskinstance.py:1239} INFO - Starting attempt 1 of 2
[2022-05-02 04:42:01,772] {taskinstance.py:1240} INFO - 
--------------------------------------------------------------------------------
[2022-05-02 04:42:01,786] {taskinstance.py:1259} INFO - Executing <Task(PythonOperator): upload_to_gcs_task> on 2020-12-02 06:00:00+00:00
[2022-05-02 04:42:01,793] {standard_task_runner.py:52} INFO - Started process 2220 to run task
[2022-05-02 04:42:01,806] {standard_task_runner.py:76} INFO - Running: ['***', 'tasks', 'run', 'YellowDataIngestionDag', 'upload_to_gcs_task', 'scheduled__2020-12-02T06:00:00+00:00', '--job-id', '245', '--raw', '--subdir', 'DAGS_FOLDER/ingest_yellow_green_fhv_zones_gcs_dag.py', '--cfg-path', '/tmp/tmpnj4zxuhc', '--error-file', '/tmp/tmpsrfns4dk']
[2022-05-02 04:42:01,807] {standard_task_runner.py:77} INFO - Job 245: Subtask upload_to_gcs_task
[2022-05-02 04:42:01,908] {logging_mixin.py:109} INFO - Running <TaskInstance: YellowDataIngestionDag.upload_to_gcs_task scheduled__2020-12-02T06:00:00+00:00 [running]> on host 8238bde88e59
[2022-05-02 04:42:01,966] {warnings.py:110} WARNING - /home/***/.local/lib/python3.7/site-packages/***/utils/context.py:152: AirflowContextDeprecationWarning: Accessing 'execution_date' from the template is deprecated and will be removed in a future version. Please use 'data_interval_start' or 'logical_date' instead.
  warnings.warn(_create_deprecation_warning(key, self._deprecation_replacements[key]))

[2022-05-02 04:42:01,993] {taskinstance.py:1426} INFO - Exporting the following env vars:
AIRFLOW_CTX_DAG_OWNER=***
AIRFLOW_CTX_DAG_ID=YellowDataIngestionDag
AIRFLOW_CTX_TASK_ID=upload_to_gcs_task
AIRFLOW_CTX_EXECUTION_DATE=2020-12-02T06:00:00+00:00
AIRFLOW_CTX_DAG_RUN_ID=scheduled__2020-12-02T06:00:00+00:00
[2022-05-02 04:42:01,994] {logging_mixin.py:109} INFO - Entered Upload to GCS DAG
[2022-05-02 04:42:04,523] {logging_mixin.py:109} INFO - Uploaded File to GCS
[2022-05-02 04:42:04,523] {python.py:175} INFO - Done. Returned value was: None
[2022-05-02 04:42:04,538] {taskinstance.py:1277} INFO - Marking task as SUCCESS. dag_id=YellowDataIngestionDag, task_id=upload_to_gcs_task, execution_date=20201202T060000, start_date=20220502T044201, end_date=20220502T044204
[2022-05-02 04:42:04,591] {local_task_job.py:154} INFO - Task exited with return code 0
[2022-05-02 04:42:04,634] {local_task_job.py:264} INFO - 1 downstream tasks scheduled from follow-on schedule check
