[2022-05-02 04:23:03,392] {taskinstance.py:1032} INFO - Dependencies all met for <TaskInstance: GreenDataIngestionDag.upload_to_gcs_task scheduled__2019-01-02T07:00:00+00:00 [queued]>
[2022-05-02 04:23:03,417] {taskinstance.py:1032} INFO - Dependencies all met for <TaskInstance: GreenDataIngestionDag.upload_to_gcs_task scheduled__2019-01-02T07:00:00+00:00 [queued]>
[2022-05-02 04:23:03,418] {taskinstance.py:1238} INFO - 
--------------------------------------------------------------------------------
[2022-05-02 04:23:03,418] {taskinstance.py:1239} INFO - Starting attempt 1 of 2
[2022-05-02 04:23:03,419] {taskinstance.py:1240} INFO - 
--------------------------------------------------------------------------------
[2022-05-02 04:23:03,461] {taskinstance.py:1259} INFO - Executing <Task(PythonOperator): upload_to_gcs_task> on 2019-01-02 07:00:00+00:00
[2022-05-02 04:23:03,472] {standard_task_runner.py:52} INFO - Started process 306 to run task
[2022-05-02 04:23:03,485] {standard_task_runner.py:76} INFO - Running: ['***', 'tasks', 'run', 'GreenDataIngestionDag', 'upload_to_gcs_task', 'scheduled__2019-01-02T07:00:00+00:00', '--job-id', '22', '--raw', '--subdir', 'DAGS_FOLDER/ingest_yellow_green_fhv_zones_gcs_dag.py', '--cfg-path', '/tmp/tmpg0p8sq2k', '--error-file', '/tmp/tmpy_4zhgiw']
[2022-05-02 04:23:03,499] {standard_task_runner.py:77} INFO - Job 22: Subtask upload_to_gcs_task
[2022-05-02 04:23:03,668] {logging_mixin.py:109} INFO - Running <TaskInstance: GreenDataIngestionDag.upload_to_gcs_task scheduled__2019-01-02T07:00:00+00:00 [running]> on host 8238bde88e59
[2022-05-02 04:23:03,798] {warnings.py:110} WARNING - /home/***/.local/lib/python3.7/site-packages/***/utils/context.py:152: AirflowContextDeprecationWarning: Accessing 'execution_date' from the template is deprecated and will be removed in a future version. Please use 'data_interval_start' or 'logical_date' instead.
  warnings.warn(_create_deprecation_warning(key, self._deprecation_replacements[key]))

[2022-05-02 04:23:03,848] {taskinstance.py:1426} INFO - Exporting the following env vars:
AIRFLOW_CTX_DAG_OWNER=***
AIRFLOW_CTX_DAG_ID=GreenDataIngestionDag
AIRFLOW_CTX_TASK_ID=upload_to_gcs_task
AIRFLOW_CTX_EXECUTION_DATE=2019-01-02T07:00:00+00:00
AIRFLOW_CTX_DAG_RUN_ID=scheduled__2019-01-02T07:00:00+00:00
[2022-05-02 04:23:03,849] {logging_mixin.py:109} INFO - Entered Upload to GCS DAG
[2022-05-02 04:23:06,049] {logging_mixin.py:109} INFO - Uploaded File to GCS
[2022-05-02 04:23:06,049] {python.py:175} INFO - Done. Returned value was: None
[2022-05-02 04:23:06,074] {taskinstance.py:1277} INFO - Marking task as SUCCESS. dag_id=GreenDataIngestionDag, task_id=upload_to_gcs_task, execution_date=20190102T070000, start_date=20220502T042303, end_date=20220502T042306
[2022-05-02 04:23:06,138] {local_task_job.py:154} INFO - Task exited with return code 0
[2022-05-02 04:23:06,248] {local_task_job.py:264} INFO - 1 downstream tasks scheduled from follow-on schedule check
