[2022-05-02 04:27:36,150] {taskinstance.py:1032} INFO - Dependencies all met for <TaskInstance: YellowDataIngestionDag.upload_to_gcs_task scheduled__2019-05-02T06:00:00+00:00 [queued]>
[2022-05-02 04:27:36,168] {taskinstance.py:1032} INFO - Dependencies all met for <TaskInstance: YellowDataIngestionDag.upload_to_gcs_task scheduled__2019-05-02T06:00:00+00:00 [queued]>
[2022-05-02 04:27:36,169] {taskinstance.py:1238} INFO - 
--------------------------------------------------------------------------------
[2022-05-02 04:27:36,169] {taskinstance.py:1239} INFO - Starting attempt 1 of 2
[2022-05-02 04:27:36,169] {taskinstance.py:1240} INFO - 
--------------------------------------------------------------------------------
[2022-05-02 04:27:36,190] {taskinstance.py:1259} INFO - Executing <Task(PythonOperator): upload_to_gcs_task> on 2019-05-02 06:00:00+00:00
[2022-05-02 04:27:36,197] {standard_task_runner.py:52} INFO - Started process 1230 to run task
[2022-05-02 04:27:36,202] {standard_task_runner.py:76} INFO - Running: ['***', 'tasks', 'run', 'YellowDataIngestionDag', 'upload_to_gcs_task', 'scheduled__2019-05-02T06:00:00+00:00', '--job-id', '169', '--raw', '--subdir', 'DAGS_FOLDER/ingest_yellow_green_fhv_zones_gcs_dag.py', '--cfg-path', '/tmp/tmpaz089ley', '--error-file', '/tmp/tmp6im2h0p0']
[2022-05-02 04:27:36,203] {standard_task_runner.py:77} INFO - Job 169: Subtask upload_to_gcs_task
[2022-05-02 04:27:36,416] {logging_mixin.py:109} INFO - Running <TaskInstance: YellowDataIngestionDag.upload_to_gcs_task scheduled__2019-05-02T06:00:00+00:00 [running]> on host 8238bde88e59
[2022-05-02 04:27:36,799] {warnings.py:110} WARNING - /home/***/.local/lib/python3.7/site-packages/***/utils/context.py:152: AirflowContextDeprecationWarning: Accessing 'execution_date' from the template is deprecated and will be removed in a future version. Please use 'data_interval_start' or 'logical_date' instead.
  warnings.warn(_create_deprecation_warning(key, self._deprecation_replacements[key]))

[2022-05-02 04:27:37,004] {taskinstance.py:1426} INFO - Exporting the following env vars:
AIRFLOW_CTX_DAG_OWNER=***
AIRFLOW_CTX_DAG_ID=YellowDataIngestionDag
AIRFLOW_CTX_TASK_ID=upload_to_gcs_task
AIRFLOW_CTX_EXECUTION_DATE=2019-05-02T06:00:00+00:00
AIRFLOW_CTX_DAG_RUN_ID=scheduled__2019-05-02T06:00:00+00:00
[2022-05-02 04:27:37,040] {logging_mixin.py:109} INFO - Entered Upload to GCS DAG
[2022-05-02 04:27:43,933] {logging_mixin.py:109} INFO - Uploaded File to GCS
[2022-05-02 04:27:43,933] {python.py:175} INFO - Done. Returned value was: None
[2022-05-02 04:27:43,947] {taskinstance.py:1277} INFO - Marking task as SUCCESS. dag_id=YellowDataIngestionDag, task_id=upload_to_gcs_task, execution_date=20190502T060000, start_date=20220502T042736, end_date=20220502T042743
[2022-05-02 04:27:43,980] {local_task_job.py:154} INFO - Task exited with return code 0
[2022-05-02 04:27:44,026] {local_task_job.py:264} INFO - 1 downstream tasks scheduled from follow-on schedule check
