[2022-05-02 04:24:05,770] {taskinstance.py:1032} INFO - Dependencies all met for <TaskInstance: FHVDataIngestionDag.format_to_parquet_task scheduled__2019-06-02T08:00:00+00:00 [queued]>
[2022-05-02 04:24:05,800] {taskinstance.py:1032} INFO - Dependencies all met for <TaskInstance: FHVDataIngestionDag.format_to_parquet_task scheduled__2019-06-02T08:00:00+00:00 [queued]>
[2022-05-02 04:24:05,801] {taskinstance.py:1238} INFO - 
--------------------------------------------------------------------------------
[2022-05-02 04:24:05,801] {taskinstance.py:1239} INFO - Starting attempt 1 of 2
[2022-05-02 04:24:05,801] {taskinstance.py:1240} INFO - 
--------------------------------------------------------------------------------
[2022-05-02 04:24:05,839] {taskinstance.py:1259} INFO - Executing <Task(PythonOperator): format_to_parquet_task> on 2019-06-02 08:00:00+00:00
[2022-05-02 04:24:05,847] {standard_task_runner.py:52} INFO - Started process 568 to run task
[2022-05-02 04:24:05,873] {standard_task_runner.py:76} INFO - Running: ['***', 'tasks', 'run', 'FHVDataIngestionDag', 'format_to_parquet_task', 'scheduled__2019-06-02T08:00:00+00:00', '--job-id', '64', '--raw', '--subdir', 'DAGS_FOLDER/ingest_yellow_green_fhv_zones_gcs_dag.py', '--cfg-path', '/tmp/tmpm1k13_f5', '--error-file', '/tmp/tmp14a1k5w2']
[2022-05-02 04:24:05,874] {standard_task_runner.py:77} INFO - Job 64: Subtask format_to_parquet_task
[2022-05-02 04:24:06,071] {logging_mixin.py:109} INFO - Running <TaskInstance: FHVDataIngestionDag.format_to_parquet_task scheduled__2019-06-02T08:00:00+00:00 [running]> on host 8238bde88e59
[2022-05-02 04:24:06,224] {warnings.py:110} WARNING - /home/***/.local/lib/python3.7/site-packages/***/utils/context.py:152: AirflowContextDeprecationWarning: Accessing 'execution_date' from the template is deprecated and will be removed in a future version. Please use 'data_interval_start' or 'logical_date' instead.
  warnings.warn(_create_deprecation_warning(key, self._deprecation_replacements[key]))

[2022-05-02 04:24:06,275] {taskinstance.py:1426} INFO - Exporting the following env vars:
AIRFLOW_CTX_DAG_OWNER=***
AIRFLOW_CTX_DAG_ID=FHVDataIngestionDag
AIRFLOW_CTX_TASK_ID=format_to_parquet_task
AIRFLOW_CTX_EXECUTION_DATE=2019-06-02T08:00:00+00:00
AIRFLOW_CTX_DAG_RUN_ID=scheduled__2019-06-02T08:00:00+00:00
[2022-05-02 04:24:06,276] {logging_mixin.py:109} INFO - Entered Parquet format DAG
[2022-05-02 04:24:09,071] {logging_mixin.py:109} INFO - File converted to Parquet
[2022-05-02 04:24:09,081] {python.py:175} INFO - Done. Returned value was: None
[2022-05-02 04:24:09,141] {taskinstance.py:1277} INFO - Marking task as SUCCESS. dag_id=FHVDataIngestionDag, task_id=format_to_parquet_task, execution_date=20190602T080000, start_date=20220502T042405, end_date=20220502T042409
[2022-05-02 04:24:09,450] {local_task_job.py:154} INFO - Task exited with return code 0
[2022-05-02 04:24:09,625] {local_task_job.py:264} INFO - 1 downstream tasks scheduled from follow-on schedule check
