[2022-05-02 04:23:16,654] {taskinstance.py:1032} INFO - Dependencies all met for <TaskInstance: FHVDataIngestionDag.download_dataset_task scheduled__2019-04-02T08:00:00+00:00 [queued]>
[2022-05-02 04:23:16,674] {taskinstance.py:1032} INFO - Dependencies all met for <TaskInstance: FHVDataIngestionDag.download_dataset_task scheduled__2019-04-02T08:00:00+00:00 [queued]>
[2022-05-02 04:23:16,674] {taskinstance.py:1238} INFO - 
--------------------------------------------------------------------------------
[2022-05-02 04:23:16,674] {taskinstance.py:1239} INFO - Starting attempt 1 of 2
[2022-05-02 04:23:16,674] {taskinstance.py:1240} INFO - 
--------------------------------------------------------------------------------
[2022-05-02 04:23:17,302] {taskinstance.py:1259} INFO - Executing <Task(BashOperator): download_dataset_task> on 2019-04-02 08:00:00+00:00
[2022-05-02 04:23:17,439] {standard_task_runner.py:52} INFO - Started process 344 to run task
[2022-05-02 04:23:17,445] {standard_task_runner.py:76} INFO - Running: ['***', 'tasks', 'run', 'FHVDataIngestionDag', 'download_dataset_task', 'scheduled__2019-04-02T08:00:00+00:00', '--job-id', '29', '--raw', '--subdir', 'DAGS_FOLDER/ingest_yellow_green_fhv_zones_gcs_dag.py', '--cfg-path', '/tmp/tmpcp3cj4mw', '--error-file', '/tmp/tmpnlgikj5m']
[2022-05-02 04:23:17,446] {standard_task_runner.py:77} INFO - Job 29: Subtask download_dataset_task
[2022-05-02 04:23:17,822] {logging_mixin.py:109} INFO - Running <TaskInstance: FHVDataIngestionDag.download_dataset_task scheduled__2019-04-02T08:00:00+00:00 [running]> on host 8238bde88e59
[2022-05-02 04:23:18,083] {warnings.py:110} WARNING - /home/***/.local/lib/python3.7/site-packages/***/utils/context.py:152: AirflowContextDeprecationWarning: Accessing 'execution_date' from the template is deprecated and will be removed in a future version. Please use 'data_interval_start' or 'logical_date' instead.
  warnings.warn(_create_deprecation_warning(key, self._deprecation_replacements[key]))

[2022-05-02 04:23:18,354] {taskinstance.py:1426} INFO - Exporting the following env vars:
AIRFLOW_CTX_DAG_OWNER=***
AIRFLOW_CTX_DAG_ID=FHVDataIngestionDag
AIRFLOW_CTX_TASK_ID=download_dataset_task
AIRFLOW_CTX_EXECUTION_DATE=2019-04-02T08:00:00+00:00
AIRFLOW_CTX_DAG_RUN_ID=scheduled__2019-04-02T08:00:00+00:00
[2022-05-02 04:23:18,356] {subprocess.py:62} INFO - Tmp dir root location: 
 /tmp
[2022-05-02 04:23:18,357] {subprocess.py:74} INFO - Running command: ['bash', '-c', 'curl -sSLf https://s3.amazonaws.com/nyc-tlc/trip+data/fhv_tripdata_2019-04.csv > /opt/***/fhv_2019-04.csv']
[2022-05-02 04:23:18,378] {subprocess.py:85} INFO - Output:
[2022-05-02 04:23:23,003] {subprocess.py:93} INFO - Command exited with return code 0
[2022-05-02 04:23:23,066] {taskinstance.py:1277} INFO - Marking task as SUCCESS. dag_id=FHVDataIngestionDag, task_id=download_dataset_task, execution_date=20190402T080000, start_date=20220502T042316, end_date=20220502T042323
[2022-05-02 04:23:23,131] {local_task_job.py:154} INFO - Task exited with return code 0
[2022-05-02 04:23:23,202] {local_task_job.py:264} INFO - 1 downstream tasks scheduled from follow-on schedule check
