[2022-05-02 04:26:39,606] {taskinstance.py:1032} INFO - Dependencies all met for <TaskInstance: GreenDataIngestionDag.format_to_parquet_task scheduled__2020-11-02T07:00:00+00:00 [queued]>
[2022-05-02 04:26:39,619] {taskinstance.py:1032} INFO - Dependencies all met for <TaskInstance: GreenDataIngestionDag.format_to_parquet_task scheduled__2020-11-02T07:00:00+00:00 [queued]>
[2022-05-02 04:26:39,619] {taskinstance.py:1238} INFO - 
--------------------------------------------------------------------------------
[2022-05-02 04:26:39,620] {taskinstance.py:1239} INFO - Starting attempt 1 of 2
[2022-05-02 04:26:39,620] {taskinstance.py:1240} INFO - 
--------------------------------------------------------------------------------
[2022-05-02 04:26:39,819] {taskinstance.py:1259} INFO - Executing <Task(PythonOperator): format_to_parquet_task> on 2020-11-02 07:00:00+00:00
[2022-05-02 04:26:39,829] {standard_task_runner.py:52} INFO - Started process 1135 to run task
[2022-05-02 04:26:39,844] {standard_task_runner.py:76} INFO - Running: ['***', 'tasks', 'run', 'GreenDataIngestionDag', 'format_to_parquet_task', 'scheduled__2020-11-02T07:00:00+00:00', '--job-id', '159', '--raw', '--subdir', 'DAGS_FOLDER/ingest_yellow_green_fhv_zones_gcs_dag.py', '--cfg-path', '/tmp/tmph7p1hts9', '--error-file', '/tmp/tmpjam1ke4f']
[2022-05-02 04:26:39,846] {standard_task_runner.py:77} INFO - Job 159: Subtask format_to_parquet_task
[2022-05-02 04:26:40,056] {logging_mixin.py:109} INFO - Running <TaskInstance: GreenDataIngestionDag.format_to_parquet_task scheduled__2020-11-02T07:00:00+00:00 [running]> on host 8238bde88e59
[2022-05-02 04:26:40,144] {warnings.py:110} WARNING - /home/***/.local/lib/python3.7/site-packages/***/utils/context.py:152: AirflowContextDeprecationWarning: Accessing 'execution_date' from the template is deprecated and will be removed in a future version. Please use 'data_interval_start' or 'logical_date' instead.
  warnings.warn(_create_deprecation_warning(key, self._deprecation_replacements[key]))

[2022-05-02 04:26:40,177] {taskinstance.py:1426} INFO - Exporting the following env vars:
AIRFLOW_CTX_DAG_OWNER=***
AIRFLOW_CTX_DAG_ID=GreenDataIngestionDag
AIRFLOW_CTX_TASK_ID=format_to_parquet_task
AIRFLOW_CTX_EXECUTION_DATE=2020-11-02T07:00:00+00:00
AIRFLOW_CTX_DAG_RUN_ID=scheduled__2020-11-02T07:00:00+00:00
[2022-05-02 04:26:40,178] {logging_mixin.py:109} INFO - Entered Parquet format DAG
[2022-05-02 04:26:40,463] {logging_mixin.py:109} INFO - File converted to Parquet
[2022-05-02 04:26:40,464] {python.py:175} INFO - Done. Returned value was: None
[2022-05-02 04:26:40,487] {taskinstance.py:1277} INFO - Marking task as SUCCESS. dag_id=GreenDataIngestionDag, task_id=format_to_parquet_task, execution_date=20201102T070000, start_date=20220502T042639, end_date=20220502T042640
[2022-05-02 04:26:40,540] {local_task_job.py:154} INFO - Task exited with return code 0
[2022-05-02 04:26:40,602] {local_task_job.py:264} INFO - 1 downstream tasks scheduled from follow-on schedule check
