[2022-05-02 04:33:12,049] {taskinstance.py:1032} INFO - Dependencies all met for <TaskInstance: YellowDataIngestionDag.download_dataset_task scheduled__2019-11-02T06:00:00+00:00 [queued]>
[2022-05-02 04:33:12,064] {taskinstance.py:1032} INFO - Dependencies all met for <TaskInstance: YellowDataIngestionDag.download_dataset_task scheduled__2019-11-02T06:00:00+00:00 [queued]>
[2022-05-02 04:33:12,064] {taskinstance.py:1238} INFO - 
--------------------------------------------------------------------------------
[2022-05-02 04:33:12,064] {taskinstance.py:1239} INFO - Starting attempt 1 of 2
[2022-05-02 04:33:12,064] {taskinstance.py:1240} INFO - 
--------------------------------------------------------------------------------
[2022-05-02 04:33:12,081] {taskinstance.py:1259} INFO - Executing <Task(BashOperator): download_dataset_task> on 2019-11-02 06:00:00+00:00
[2022-05-02 04:33:12,087] {standard_task_runner.py:52} INFO - Started process 1576 to run task
[2022-05-02 04:33:12,094] {standard_task_runner.py:76} INFO - Running: ['***', 'tasks', 'run', 'YellowDataIngestionDag', 'download_dataset_task', 'scheduled__2019-11-02T06:00:00+00:00', '--job-id', '191', '--raw', '--subdir', 'DAGS_FOLDER/ingest_yellow_green_fhv_zones_gcs_dag.py', '--cfg-path', '/tmp/tmpf1r6dmal', '--error-file', '/tmp/tmpdmpyclln']
[2022-05-02 04:33:12,095] {standard_task_runner.py:77} INFO - Job 191: Subtask download_dataset_task
[2022-05-02 04:33:12,173] {logging_mixin.py:109} INFO - Running <TaskInstance: YellowDataIngestionDag.download_dataset_task scheduled__2019-11-02T06:00:00+00:00 [running]> on host 8238bde88e59
[2022-05-02 04:33:12,227] {warnings.py:110} WARNING - /home/***/.local/lib/python3.7/site-packages/***/utils/context.py:152: AirflowContextDeprecationWarning: Accessing 'execution_date' from the template is deprecated and will be removed in a future version. Please use 'data_interval_start' or 'logical_date' instead.
  warnings.warn(_create_deprecation_warning(key, self._deprecation_replacements[key]))

[2022-05-02 04:33:12,252] {taskinstance.py:1426} INFO - Exporting the following env vars:
AIRFLOW_CTX_DAG_OWNER=***
AIRFLOW_CTX_DAG_ID=YellowDataIngestionDag
AIRFLOW_CTX_TASK_ID=download_dataset_task
AIRFLOW_CTX_EXECUTION_DATE=2019-11-02T06:00:00+00:00
AIRFLOW_CTX_DAG_RUN_ID=scheduled__2019-11-02T06:00:00+00:00
[2022-05-02 04:33:12,253] {subprocess.py:62} INFO - Tmp dir root location: 
 /tmp
[2022-05-02 04:33:12,254] {subprocess.py:74} INFO - Running command: ['bash', '-c', 'curl -sSLf https://s3.amazonaws.com/nyc-tlc/trip+data/yellow_tripdata_2019-11.csv > /opt/***/yellow_taxi_2019-11.csv']
[2022-05-02 04:33:12,267] {subprocess.py:85} INFO - Output:
[2022-05-02 04:33:31,467] {subprocess.py:93} INFO - Command exited with return code 0
[2022-05-02 04:33:31,513] {taskinstance.py:1277} INFO - Marking task as SUCCESS. dag_id=YellowDataIngestionDag, task_id=download_dataset_task, execution_date=20191102T060000, start_date=20220502T043312, end_date=20220502T043331
[2022-05-02 04:33:31,568] {local_task_job.py:154} INFO - Task exited with return code 0
[2022-05-02 04:33:31,620] {local_task_job.py:264} INFO - 1 downstream tasks scheduled from follow-on schedule check
