[2022-05-02 04:22:58,773] {taskinstance.py:1032} INFO - Dependencies all met for <TaskInstance: ZoneDataIngestionDag.format_to_parquet_task scheduled__2022-05-01T00:00:00+00:00 [queued]>
[2022-05-02 04:22:58,964] {taskinstance.py:1032} INFO - Dependencies all met for <TaskInstance: ZoneDataIngestionDag.format_to_parquet_task scheduled__2022-05-01T00:00:00+00:00 [queued]>
[2022-05-02 04:22:58,964] {taskinstance.py:1238} INFO - 
--------------------------------------------------------------------------------
[2022-05-02 04:22:58,964] {taskinstance.py:1239} INFO - Starting attempt 1 of 2
[2022-05-02 04:22:58,965] {taskinstance.py:1240} INFO - 
--------------------------------------------------------------------------------
[2022-05-02 04:22:59,114] {taskinstance.py:1259} INFO - Executing <Task(PythonOperator): format_to_parquet_task> on 2022-05-01 00:00:00+00:00
[2022-05-02 04:22:59,170] {standard_task_runner.py:52} INFO - Started process 284 to run task
[2022-05-02 04:22:59,213] {standard_task_runner.py:76} INFO - Running: ['***', 'tasks', 'run', 'ZoneDataIngestionDag', 'format_to_parquet_task', 'scheduled__2022-05-01T00:00:00+00:00', '--job-id', '16', '--raw', '--subdir', 'DAGS_FOLDER/ingest_yellow_green_fhv_zones_gcs_dag.py', '--cfg-path', '/tmp/tmpmu40fl3j', '--error-file', '/tmp/tmp_k39wsl7']
[2022-05-02 04:22:59,216] {standard_task_runner.py:77} INFO - Job 16: Subtask format_to_parquet_task
[2022-05-02 04:22:59,532] {logging_mixin.py:109} INFO - Running <TaskInstance: ZoneDataIngestionDag.format_to_parquet_task scheduled__2022-05-01T00:00:00+00:00 [running]> on host 8238bde88e59
[2022-05-02 04:22:59,911] {taskinstance.py:1426} INFO - Exporting the following env vars:
AIRFLOW_CTX_DAG_OWNER=***
AIRFLOW_CTX_DAG_ID=ZoneDataIngestionDag
AIRFLOW_CTX_TASK_ID=format_to_parquet_task
AIRFLOW_CTX_EXECUTION_DATE=2022-05-01T00:00:00+00:00
AIRFLOW_CTX_DAG_RUN_ID=scheduled__2022-05-01T00:00:00+00:00
[2022-05-02 04:22:59,912] {logging_mixin.py:109} INFO - Entered Parquet format DAG
[2022-05-02 04:23:00,503] {logging_mixin.py:109} INFO - File converted to Parquet
[2022-05-02 04:23:00,504] {python.py:175} INFO - Done. Returned value was: None
[2022-05-02 04:23:00,531] {taskinstance.py:1277} INFO - Marking task as SUCCESS. dag_id=ZoneDataIngestionDag, task_id=format_to_parquet_task, execution_date=20220501T000000, start_date=20220502T042258, end_date=20220502T042300
[2022-05-02 04:23:00,632] {local_task_job.py:154} INFO - Task exited with return code 0
[2022-05-02 04:23:00,780] {local_task_job.py:264} INFO - 1 downstream tasks scheduled from follow-on schedule check
