[2022-05-02 04:22:52,252] {taskinstance.py:1032} INFO - Dependencies all met for <TaskInstance: YellowDataIngestionDag.download_dataset_task scheduled__2019-01-02T06:00:00+00:00 [queued]>
[2022-05-02 04:22:52,267] {taskinstance.py:1032} INFO - Dependencies all met for <TaskInstance: YellowDataIngestionDag.download_dataset_task scheduled__2019-01-02T06:00:00+00:00 [queued]>
[2022-05-02 04:22:52,267] {taskinstance.py:1238} INFO - 
--------------------------------------------------------------------------------
[2022-05-02 04:22:52,267] {taskinstance.py:1239} INFO - Starting attempt 1 of 2
[2022-05-02 04:22:52,267] {taskinstance.py:1240} INFO - 
--------------------------------------------------------------------------------
[2022-05-02 04:22:52,281] {taskinstance.py:1259} INFO - Executing <Task(BashOperator): download_dataset_task> on 2019-01-02 06:00:00+00:00
[2022-05-02 04:22:52,286] {standard_task_runner.py:52} INFO - Started process 222 to run task
[2022-05-02 04:22:52,294] {standard_task_runner.py:76} INFO - Running: ['***', 'tasks', 'run', 'YellowDataIngestionDag', 'download_dataset_task', 'scheduled__2019-01-02T06:00:00+00:00', '--job-id', '9', '--raw', '--subdir', 'DAGS_FOLDER/ingest_yellow_green_fhv_zones_gcs_dag.py', '--cfg-path', '/tmp/tmp3_sc5x3g', '--error-file', '/tmp/tmpkrzavbo9']
[2022-05-02 04:22:52,295] {standard_task_runner.py:77} INFO - Job 9: Subtask download_dataset_task
[2022-05-02 04:22:52,369] {logging_mixin.py:109} INFO - Running <TaskInstance: YellowDataIngestionDag.download_dataset_task scheduled__2019-01-02T06:00:00+00:00 [running]> on host 8238bde88e59
[2022-05-02 04:22:52,421] {warnings.py:110} WARNING - /home/***/.local/lib/python3.7/site-packages/***/utils/context.py:152: AirflowContextDeprecationWarning: Accessing 'execution_date' from the template is deprecated and will be removed in a future version. Please use 'data_interval_start' or 'logical_date' instead.
  warnings.warn(_create_deprecation_warning(key, self._deprecation_replacements[key]))

[2022-05-02 04:22:52,447] {taskinstance.py:1426} INFO - Exporting the following env vars:
AIRFLOW_CTX_DAG_OWNER=***
AIRFLOW_CTX_DAG_ID=YellowDataIngestionDag
AIRFLOW_CTX_TASK_ID=download_dataset_task
AIRFLOW_CTX_EXECUTION_DATE=2019-01-02T06:00:00+00:00
AIRFLOW_CTX_DAG_RUN_ID=scheduled__2019-01-02T06:00:00+00:00
[2022-05-02 04:22:52,448] {subprocess.py:62} INFO - Tmp dir root location: 
 /tmp
[2022-05-02 04:22:52,449] {subprocess.py:74} INFO - Running command: ['bash', '-c', 'curl -sSLf https://s3.amazonaws.com/nyc-tlc/trip+data/yellow_tripdata_2019-01.csv > /opt/***/yellow_taxi_2019-01.csv']
[2022-05-02 04:22:52,461] {subprocess.py:85} INFO - Output:
[2022-05-02 04:23:13,764] {subprocess.py:93} INFO - Command exited with return code 0
[2022-05-02 04:23:14,446] {taskinstance.py:1277} INFO - Marking task as SUCCESS. dag_id=YellowDataIngestionDag, task_id=download_dataset_task, execution_date=20190102T060000, start_date=20220502T042252, end_date=20220502T042314
[2022-05-02 04:23:14,728] {local_task_job.py:154} INFO - Task exited with return code 0
[2022-05-02 04:23:15,280] {local_task_job.py:264} INFO - 1 downstream tasks scheduled from follow-on schedule check
