[2022-05-02 04:24:32,800] {taskinstance.py:1032} INFO - Dependencies all met for <TaskInstance: GreenDataIngestionDag.download_dataset_task scheduled__2019-12-02T07:00:00+00:00 [queued]>
[2022-05-02 04:24:32,881] {taskinstance.py:1032} INFO - Dependencies all met for <TaskInstance: GreenDataIngestionDag.download_dataset_task scheduled__2019-12-02T07:00:00+00:00 [queued]>
[2022-05-02 04:24:32,881] {taskinstance.py:1238} INFO - 
--------------------------------------------------------------------------------
[2022-05-02 04:24:32,881] {taskinstance.py:1239} INFO - Starting attempt 1 of 2
[2022-05-02 04:24:32,881] {taskinstance.py:1240} INFO - 
--------------------------------------------------------------------------------
[2022-05-02 04:24:33,110] {taskinstance.py:1259} INFO - Executing <Task(BashOperator): download_dataset_task> on 2019-12-02 07:00:00+00:00
[2022-05-02 04:24:33,145] {standard_task_runner.py:52} INFO - Started process 701 to run task
[2022-05-02 04:24:33,208] {standard_task_runner.py:76} INFO - Running: ['***', 'tasks', 'run', 'GreenDataIngestionDag', 'download_dataset_task', 'scheduled__2019-12-02T07:00:00+00:00', '--job-id', '89', '--raw', '--subdir', 'DAGS_FOLDER/ingest_yellow_green_fhv_zones_gcs_dag.py', '--cfg-path', '/tmp/tmp9_w4b16i', '--error-file', '/tmp/tmpg2u749ld']
[2022-05-02 04:24:33,220] {standard_task_runner.py:77} INFO - Job 89: Subtask download_dataset_task
[2022-05-02 04:24:34,227] {logging_mixin.py:109} INFO - Running <TaskInstance: GreenDataIngestionDag.download_dataset_task scheduled__2019-12-02T07:00:00+00:00 [running]> on host 8238bde88e59
[2022-05-02 04:24:34,682] {warnings.py:110} WARNING - /home/***/.local/lib/python3.7/site-packages/***/utils/context.py:152: AirflowContextDeprecationWarning: Accessing 'execution_date' from the template is deprecated and will be removed in a future version. Please use 'data_interval_start' or 'logical_date' instead.
  warnings.warn(_create_deprecation_warning(key, self._deprecation_replacements[key]))

[2022-05-02 04:24:35,235] {taskinstance.py:1426} INFO - Exporting the following env vars:
AIRFLOW_CTX_DAG_OWNER=***
AIRFLOW_CTX_DAG_ID=GreenDataIngestionDag
AIRFLOW_CTX_TASK_ID=download_dataset_task
AIRFLOW_CTX_EXECUTION_DATE=2019-12-02T07:00:00+00:00
AIRFLOW_CTX_DAG_RUN_ID=scheduled__2019-12-02T07:00:00+00:00
[2022-05-02 04:24:35,281] {subprocess.py:62} INFO - Tmp dir root location: 
 /tmp
[2022-05-02 04:24:35,302] {subprocess.py:74} INFO - Running command: ['bash', '-c', 'curl -sSLf https://s3.amazonaws.com/nyc-tlc/trip+data/green_tripdata_2019-12.csv > /opt/***/green_taxi_2019-12.csv']
[2022-05-02 04:24:35,377] {subprocess.py:85} INFO - Output:
[2022-05-02 04:24:37,929] {subprocess.py:93} INFO - Command exited with return code 0
[2022-05-02 04:24:38,826] {taskinstance.py:1277} INFO - Marking task as SUCCESS. dag_id=GreenDataIngestionDag, task_id=download_dataset_task, execution_date=20191202T070000, start_date=20220502T042432, end_date=20220502T042438
[2022-05-02 04:24:39,016] {local_task_job.py:154} INFO - Task exited with return code 0
[2022-05-02 04:24:39,244] {local_task_job.py:264} INFO - 1 downstream tasks scheduled from follow-on schedule check
