[2022-05-02 04:22:48,665] {taskinstance.py:1032} INFO - Dependencies all met for <TaskInstance: FHVDataIngestionDag.download_dataset_task scheduled__2019-02-02T08:00:00+00:00 [queued]>
[2022-05-02 04:22:48,694] {taskinstance.py:1032} INFO - Dependencies all met for <TaskInstance: FHVDataIngestionDag.download_dataset_task scheduled__2019-02-02T08:00:00+00:00 [queued]>
[2022-05-02 04:22:48,694] {taskinstance.py:1238} INFO - 
--------------------------------------------------------------------------------
[2022-05-02 04:22:48,694] {taskinstance.py:1239} INFO - Starting attempt 1 of 2
[2022-05-02 04:22:48,694] {taskinstance.py:1240} INFO - 
--------------------------------------------------------------------------------
[2022-05-02 04:22:48,714] {taskinstance.py:1259} INFO - Executing <Task(BashOperator): download_dataset_task> on 2019-02-02 08:00:00+00:00
[2022-05-02 04:22:48,721] {standard_task_runner.py:52} INFO - Started process 191 to run task
[2022-05-02 04:22:48,730] {standard_task_runner.py:76} INFO - Running: ['***', 'tasks', 'run', 'FHVDataIngestionDag', 'download_dataset_task', 'scheduled__2019-02-02T08:00:00+00:00', '--job-id', '4', '--raw', '--subdir', 'DAGS_FOLDER/ingest_yellow_green_fhv_zones_gcs_dag.py', '--cfg-path', '/tmp/tmpvymtm_l1', '--error-file', '/tmp/tmpjhz8fl80']
[2022-05-02 04:22:48,731] {standard_task_runner.py:77} INFO - Job 4: Subtask download_dataset_task
[2022-05-02 04:22:48,812] {logging_mixin.py:109} INFO - Running <TaskInstance: FHVDataIngestionDag.download_dataset_task scheduled__2019-02-02T08:00:00+00:00 [running]> on host 8238bde88e59
[2022-05-02 04:22:48,873] {warnings.py:110} WARNING - /home/***/.local/lib/python3.7/site-packages/***/utils/context.py:152: AirflowContextDeprecationWarning: Accessing 'execution_date' from the template is deprecated and will be removed in a future version. Please use 'data_interval_start' or 'logical_date' instead.
  warnings.warn(_create_deprecation_warning(key, self._deprecation_replacements[key]))

[2022-05-02 04:22:48,906] {taskinstance.py:1426} INFO - Exporting the following env vars:
AIRFLOW_CTX_DAG_OWNER=***
AIRFLOW_CTX_DAG_ID=FHVDataIngestionDag
AIRFLOW_CTX_TASK_ID=download_dataset_task
AIRFLOW_CTX_EXECUTION_DATE=2019-02-02T08:00:00+00:00
AIRFLOW_CTX_DAG_RUN_ID=scheduled__2019-02-02T08:00:00+00:00
[2022-05-02 04:22:48,907] {subprocess.py:62} INFO - Tmp dir root location: 
 /tmp
[2022-05-02 04:22:48,908] {subprocess.py:74} INFO - Running command: ['bash', '-c', 'curl -sSLf https://s3.amazonaws.com/nyc-tlc/trip+data/fhv_tripdata_2019-02.csv > /opt/***/fhv_2019-02.csv']
[2022-05-02 04:22:48,923] {subprocess.py:85} INFO - Output:
[2022-05-02 04:22:52,767] {subprocess.py:93} INFO - Command exited with return code 0
[2022-05-02 04:22:52,802] {taskinstance.py:1277} INFO - Marking task as SUCCESS. dag_id=FHVDataIngestionDag, task_id=download_dataset_task, execution_date=20190202T080000, start_date=20220502T042248, end_date=20220502T042252
[2022-05-02 04:22:52,864] {local_task_job.py:154} INFO - Task exited with return code 0
[2022-05-02 04:22:52,913] {local_task_job.py:264} INFO - 1 downstream tasks scheduled from follow-on schedule check
