[2022-05-02 04:39:58,521] {taskinstance.py:1032} INFO - Dependencies all met for <TaskInstance: YellowDataIngestionDag.upload_to_gcs_task scheduled__2020-08-02T06:00:00+00:00 [queued]>
[2022-05-02 04:39:58,543] {taskinstance.py:1032} INFO - Dependencies all met for <TaskInstance: YellowDataIngestionDag.upload_to_gcs_task scheduled__2020-08-02T06:00:00+00:00 [queued]>
[2022-05-02 04:39:58,543] {taskinstance.py:1238} INFO - 
--------------------------------------------------------------------------------
[2022-05-02 04:39:58,543] {taskinstance.py:1239} INFO - Starting attempt 1 of 2
[2022-05-02 04:39:58,544] {taskinstance.py:1240} INFO - 
--------------------------------------------------------------------------------
[2022-05-02 04:39:58,568] {taskinstance.py:1259} INFO - Executing <Task(PythonOperator): upload_to_gcs_task> on 2020-08-02 06:00:00+00:00
[2022-05-02 04:39:58,575] {standard_task_runner.py:52} INFO - Started process 2051 to run task
[2022-05-02 04:39:58,589] {standard_task_runner.py:76} INFO - Running: ['***', 'tasks', 'run', 'YellowDataIngestionDag', 'upload_to_gcs_task', 'scheduled__2020-08-02T06:00:00+00:00', '--job-id', '229', '--raw', '--subdir', 'DAGS_FOLDER/ingest_yellow_green_fhv_zones_gcs_dag.py', '--cfg-path', '/tmp/tmpmubcp36b', '--error-file', '/tmp/tmpxvplmpb_']
[2022-05-02 04:39:58,590] {standard_task_runner.py:77} INFO - Job 229: Subtask upload_to_gcs_task
[2022-05-02 04:39:58,697] {logging_mixin.py:109} INFO - Running <TaskInstance: YellowDataIngestionDag.upload_to_gcs_task scheduled__2020-08-02T06:00:00+00:00 [running]> on host 8238bde88e59
[2022-05-02 04:39:58,780] {warnings.py:110} WARNING - /home/***/.local/lib/python3.7/site-packages/***/utils/context.py:152: AirflowContextDeprecationWarning: Accessing 'execution_date' from the template is deprecated and will be removed in a future version. Please use 'data_interval_start' or 'logical_date' instead.
  warnings.warn(_create_deprecation_warning(key, self._deprecation_replacements[key]))

[2022-05-02 04:39:58,819] {taskinstance.py:1426} INFO - Exporting the following env vars:
AIRFLOW_CTX_DAG_OWNER=***
AIRFLOW_CTX_DAG_ID=YellowDataIngestionDag
AIRFLOW_CTX_TASK_ID=upload_to_gcs_task
AIRFLOW_CTX_EXECUTION_DATE=2020-08-02T06:00:00+00:00
AIRFLOW_CTX_DAG_RUN_ID=scheduled__2020-08-02T06:00:00+00:00
[2022-05-02 04:39:58,820] {logging_mixin.py:109} INFO - Entered Upload to GCS DAG
[2022-05-02 04:40:01,201] {logging_mixin.py:109} INFO - Uploaded File to GCS
[2022-05-02 04:40:01,203] {python.py:175} INFO - Done. Returned value was: None
[2022-05-02 04:40:01,220] {taskinstance.py:1277} INFO - Marking task as SUCCESS. dag_id=YellowDataIngestionDag, task_id=upload_to_gcs_task, execution_date=20200802T060000, start_date=20220502T043958, end_date=20220502T044001
[2022-05-02 04:40:01,254] {local_task_job.py:154} INFO - Task exited with return code 0
[2022-05-02 04:40:01,296] {local_task_job.py:264} INFO - 1 downstream tasks scheduled from follow-on schedule check
