[2022-05-02 04:24:39,784] {taskinstance.py:1032} INFO - Dependencies all met for <TaskInstance: GreenDataIngestionDag.format_to_parquet_task scheduled__2019-11-02T07:00:00+00:00 [queued]>
[2022-05-02 04:24:39,845] {taskinstance.py:1032} INFO - Dependencies all met for <TaskInstance: GreenDataIngestionDag.format_to_parquet_task scheduled__2019-11-02T07:00:00+00:00 [queued]>
[2022-05-02 04:24:39,846] {taskinstance.py:1238} INFO - 
--------------------------------------------------------------------------------
[2022-05-02 04:24:39,846] {taskinstance.py:1239} INFO - Starting attempt 1 of 2
[2022-05-02 04:24:39,846] {taskinstance.py:1240} INFO - 
--------------------------------------------------------------------------------
[2022-05-02 04:24:39,879] {taskinstance.py:1259} INFO - Executing <Task(PythonOperator): format_to_parquet_task> on 2019-11-02 07:00:00+00:00
[2022-05-02 04:24:39,913] {standard_task_runner.py:52} INFO - Started process 719 to run task
[2022-05-02 04:24:39,961] {standard_task_runner.py:76} INFO - Running: ['***', 'tasks', 'run', 'GreenDataIngestionDag', 'format_to_parquet_task', 'scheduled__2019-11-02T07:00:00+00:00', '--job-id', '93', '--raw', '--subdir', 'DAGS_FOLDER/ingest_yellow_green_fhv_zones_gcs_dag.py', '--cfg-path', '/tmp/tmpo8xd5lmh', '--error-file', '/tmp/tmpg_vwsg7c']
[2022-05-02 04:24:39,964] {standard_task_runner.py:77} INFO - Job 93: Subtask format_to_parquet_task
[2022-05-02 04:24:40,738] {logging_mixin.py:109} INFO - Running <TaskInstance: GreenDataIngestionDag.format_to_parquet_task scheduled__2019-11-02T07:00:00+00:00 [running]> on host 8238bde88e59
[2022-05-02 04:24:41,381] {warnings.py:110} WARNING - /home/***/.local/lib/python3.7/site-packages/***/utils/context.py:152: AirflowContextDeprecationWarning: Accessing 'execution_date' from the template is deprecated and will be removed in a future version. Please use 'data_interval_start' or 'logical_date' instead.
  warnings.warn(_create_deprecation_warning(key, self._deprecation_replacements[key]))

[2022-05-02 04:24:41,558] {taskinstance.py:1426} INFO - Exporting the following env vars:
AIRFLOW_CTX_DAG_OWNER=***
AIRFLOW_CTX_DAG_ID=GreenDataIngestionDag
AIRFLOW_CTX_TASK_ID=format_to_parquet_task
AIRFLOW_CTX_EXECUTION_DATE=2019-11-02T07:00:00+00:00
AIRFLOW_CTX_DAG_RUN_ID=scheduled__2019-11-02T07:00:00+00:00
[2022-05-02 04:24:41,560] {logging_mixin.py:109} INFO - Entered Parquet format DAG
[2022-05-02 04:24:44,130] {logging_mixin.py:109} INFO - File converted to Parquet
[2022-05-02 04:24:44,145] {python.py:175} INFO - Done. Returned value was: None
[2022-05-02 04:24:44,192] {taskinstance.py:1277} INFO - Marking task as SUCCESS. dag_id=GreenDataIngestionDag, task_id=format_to_parquet_task, execution_date=20191102T070000, start_date=20220502T042439, end_date=20220502T042444
[2022-05-02 04:24:44,417] {local_task_job.py:154} INFO - Task exited with return code 0
[2022-05-02 04:24:44,578] {local_task_job.py:264} INFO - 1 downstream tasks scheduled from follow-on schedule check
