[2022-05-02 04:32:10,644] {taskinstance.py:1032} INFO - Dependencies all met for <TaskInstance: YellowDataIngestionDag.download_dataset_task scheduled__2019-10-02T06:00:00+00:00 [queued]>
[2022-05-02 04:32:10,656] {taskinstance.py:1032} INFO - Dependencies all met for <TaskInstance: YellowDataIngestionDag.download_dataset_task scheduled__2019-10-02T06:00:00+00:00 [queued]>
[2022-05-02 04:32:10,656] {taskinstance.py:1238} INFO - 
--------------------------------------------------------------------------------
[2022-05-02 04:32:10,656] {taskinstance.py:1239} INFO - Starting attempt 1 of 2
[2022-05-02 04:32:10,657] {taskinstance.py:1240} INFO - 
--------------------------------------------------------------------------------
[2022-05-02 04:32:10,670] {taskinstance.py:1259} INFO - Executing <Task(BashOperator): download_dataset_task> on 2019-10-02 06:00:00+00:00
[2022-05-02 04:32:10,675] {standard_task_runner.py:52} INFO - Started process 1509 to run task
[2022-05-02 04:32:10,681] {standard_task_runner.py:76} INFO - Running: ['***', 'tasks', 'run', 'YellowDataIngestionDag', 'download_dataset_task', 'scheduled__2019-10-02T06:00:00+00:00', '--job-id', '187', '--raw', '--subdir', 'DAGS_FOLDER/ingest_yellow_green_fhv_zones_gcs_dag.py', '--cfg-path', '/tmp/tmpye472bg7', '--error-file', '/tmp/tmpa_jhj2e2']
[2022-05-02 04:32:10,682] {standard_task_runner.py:77} INFO - Job 187: Subtask download_dataset_task
[2022-05-02 04:32:10,759] {logging_mixin.py:109} INFO - Running <TaskInstance: YellowDataIngestionDag.download_dataset_task scheduled__2019-10-02T06:00:00+00:00 [running]> on host 8238bde88e59
[2022-05-02 04:32:10,821] {warnings.py:110} WARNING - /home/***/.local/lib/python3.7/site-packages/***/utils/context.py:152: AirflowContextDeprecationWarning: Accessing 'execution_date' from the template is deprecated and will be removed in a future version. Please use 'data_interval_start' or 'logical_date' instead.
  warnings.warn(_create_deprecation_warning(key, self._deprecation_replacements[key]))

[2022-05-02 04:32:10,850] {taskinstance.py:1426} INFO - Exporting the following env vars:
AIRFLOW_CTX_DAG_OWNER=***
AIRFLOW_CTX_DAG_ID=YellowDataIngestionDag
AIRFLOW_CTX_TASK_ID=download_dataset_task
AIRFLOW_CTX_EXECUTION_DATE=2019-10-02T06:00:00+00:00
AIRFLOW_CTX_DAG_RUN_ID=scheduled__2019-10-02T06:00:00+00:00
[2022-05-02 04:32:10,851] {subprocess.py:62} INFO - Tmp dir root location: 
 /tmp
[2022-05-02 04:32:10,852] {subprocess.py:74} INFO - Running command: ['bash', '-c', 'curl -sSLf https://s3.amazonaws.com/nyc-tlc/trip+data/yellow_tripdata_2019-10.csv > /opt/***/yellow_taxi_2019-10.csv']
[2022-05-02 04:32:10,866] {subprocess.py:85} INFO - Output:
[2022-05-02 04:32:32,343] {subprocess.py:93} INFO - Command exited with return code 0
[2022-05-02 04:32:32,398] {taskinstance.py:1277} INFO - Marking task as SUCCESS. dag_id=YellowDataIngestionDag, task_id=download_dataset_task, execution_date=20191002T060000, start_date=20220502T043210, end_date=20220502T043232
[2022-05-02 04:32:32,468] {local_task_job.py:154} INFO - Task exited with return code 0
[2022-05-02 04:32:32,518] {local_task_job.py:264} INFO - 1 downstream tasks scheduled from follow-on schedule check
