[2022-05-02 04:37:52,498] {taskinstance.py:1032} INFO - Dependencies all met for <TaskInstance: YellowDataIngestionDag.upload_to_gcs_task scheduled__2020-04-02T06:00:00+00:00 [queued]>
[2022-05-02 04:37:52,517] {taskinstance.py:1032} INFO - Dependencies all met for <TaskInstance: YellowDataIngestionDag.upload_to_gcs_task scheduled__2020-04-02T06:00:00+00:00 [queued]>
[2022-05-02 04:37:52,518] {taskinstance.py:1238} INFO - 
--------------------------------------------------------------------------------
[2022-05-02 04:37:52,518] {taskinstance.py:1239} INFO - Starting attempt 1 of 2
[2022-05-02 04:37:52,518] {taskinstance.py:1240} INFO - 
--------------------------------------------------------------------------------
[2022-05-02 04:37:52,533] {taskinstance.py:1259} INFO - Executing <Task(PythonOperator): upload_to_gcs_task> on 2020-04-02 06:00:00+00:00
[2022-05-02 04:37:52,545] {standard_task_runner.py:52} INFO - Started process 1884 to run task
[2022-05-02 04:37:52,553] {standard_task_runner.py:76} INFO - Running: ['***', 'tasks', 'run', 'YellowDataIngestionDag', 'upload_to_gcs_task', 'scheduled__2020-04-02T06:00:00+00:00', '--job-id', '213', '--raw', '--subdir', 'DAGS_FOLDER/ingest_yellow_green_fhv_zones_gcs_dag.py', '--cfg-path', '/tmp/tmpl6o_04r8', '--error-file', '/tmp/tmpul2h7s2c']
[2022-05-02 04:37:52,555] {standard_task_runner.py:77} INFO - Job 213: Subtask upload_to_gcs_task
[2022-05-02 04:37:52,648] {logging_mixin.py:109} INFO - Running <TaskInstance: YellowDataIngestionDag.upload_to_gcs_task scheduled__2020-04-02T06:00:00+00:00 [running]> on host 8238bde88e59
[2022-05-02 04:37:52,703] {warnings.py:110} WARNING - /home/***/.local/lib/python3.7/site-packages/***/utils/context.py:152: AirflowContextDeprecationWarning: Accessing 'execution_date' from the template is deprecated and will be removed in a future version. Please use 'data_interval_start' or 'logical_date' instead.
  warnings.warn(_create_deprecation_warning(key, self._deprecation_replacements[key]))

[2022-05-02 04:37:52,731] {taskinstance.py:1426} INFO - Exporting the following env vars:
AIRFLOW_CTX_DAG_OWNER=***
AIRFLOW_CTX_DAG_ID=YellowDataIngestionDag
AIRFLOW_CTX_TASK_ID=upload_to_gcs_task
AIRFLOW_CTX_EXECUTION_DATE=2020-04-02T06:00:00+00:00
AIRFLOW_CTX_DAG_RUN_ID=scheduled__2020-04-02T06:00:00+00:00
[2022-05-02 04:37:52,732] {logging_mixin.py:109} INFO - Entered Upload to GCS DAG
[2022-05-02 04:37:54,723] {logging_mixin.py:109} INFO - Uploaded File to GCS
[2022-05-02 04:37:54,723] {python.py:175} INFO - Done. Returned value was: None
[2022-05-02 04:37:54,745] {taskinstance.py:1277} INFO - Marking task as SUCCESS. dag_id=YellowDataIngestionDag, task_id=upload_to_gcs_task, execution_date=20200402T060000, start_date=20220502T043752, end_date=20220502T043754
[2022-05-02 04:37:54,781] {local_task_job.py:154} INFO - Task exited with return code 0
[2022-05-02 04:37:54,836] {local_task_job.py:264} INFO - 1 downstream tasks scheduled from follow-on schedule check
