[2022-05-02 04:23:02,958] {taskinstance.py:1032} INFO - Dependencies all met for <TaskInstance: GreenDataIngestionDag.upload_to_gcs_task scheduled__2019-02-02T07:00:00+00:00 [queued]>
[2022-05-02 04:23:02,990] {taskinstance.py:1032} INFO - Dependencies all met for <TaskInstance: GreenDataIngestionDag.upload_to_gcs_task scheduled__2019-02-02T07:00:00+00:00 [queued]>
[2022-05-02 04:23:02,993] {taskinstance.py:1238} INFO - 
--------------------------------------------------------------------------------
[2022-05-02 04:23:02,993] {taskinstance.py:1239} INFO - Starting attempt 1 of 2
[2022-05-02 04:23:02,993] {taskinstance.py:1240} INFO - 
--------------------------------------------------------------------------------
[2022-05-02 04:23:03,021] {taskinstance.py:1259} INFO - Executing <Task(PythonOperator): upload_to_gcs_task> on 2019-02-02 07:00:00+00:00
[2022-05-02 04:23:03,028] {standard_task_runner.py:52} INFO - Started process 303 to run task
[2022-05-02 04:23:03,036] {standard_task_runner.py:76} INFO - Running: ['***', 'tasks', 'run', 'GreenDataIngestionDag', 'upload_to_gcs_task', 'scheduled__2019-02-02T07:00:00+00:00', '--job-id', '19', '--raw', '--subdir', 'DAGS_FOLDER/ingest_yellow_green_fhv_zones_gcs_dag.py', '--cfg-path', '/tmp/tmpymfy_udu', '--error-file', '/tmp/tmp3den706d']
[2022-05-02 04:23:03,038] {standard_task_runner.py:77} INFO - Job 19: Subtask upload_to_gcs_task
[2022-05-02 04:23:03,286] {logging_mixin.py:109} INFO - Running <TaskInstance: GreenDataIngestionDag.upload_to_gcs_task scheduled__2019-02-02T07:00:00+00:00 [running]> on host 8238bde88e59
[2022-05-02 04:23:03,521] {warnings.py:110} WARNING - /home/***/.local/lib/python3.7/site-packages/***/utils/context.py:152: AirflowContextDeprecationWarning: Accessing 'execution_date' from the template is deprecated and will be removed in a future version. Please use 'data_interval_start' or 'logical_date' instead.
  warnings.warn(_create_deprecation_warning(key, self._deprecation_replacements[key]))

[2022-05-02 04:23:03,585] {taskinstance.py:1426} INFO - Exporting the following env vars:
AIRFLOW_CTX_DAG_OWNER=***
AIRFLOW_CTX_DAG_ID=GreenDataIngestionDag
AIRFLOW_CTX_TASK_ID=upload_to_gcs_task
AIRFLOW_CTX_EXECUTION_DATE=2019-02-02T07:00:00+00:00
AIRFLOW_CTX_DAG_RUN_ID=scheduled__2019-02-02T07:00:00+00:00
[2022-05-02 04:23:03,586] {logging_mixin.py:109} INFO - Entered Upload to GCS DAG
[2022-05-02 04:23:06,025] {logging_mixin.py:109} INFO - Uploaded File to GCS
[2022-05-02 04:23:06,025] {python.py:175} INFO - Done. Returned value was: None
[2022-05-02 04:23:06,046] {taskinstance.py:1277} INFO - Marking task as SUCCESS. dag_id=GreenDataIngestionDag, task_id=upload_to_gcs_task, execution_date=20190202T070000, start_date=20220502T042302, end_date=20220502T042306
[2022-05-02 04:23:06,116] {local_task_job.py:154} INFO - Task exited with return code 0
[2022-05-02 04:23:06,217] {local_task_job.py:264} INFO - 1 downstream tasks scheduled from follow-on schedule check
