[2022-05-02 06:57:09,509] {taskinstance.py:1032} INFO - Dependencies all met for <TaskInstance: gcs_2_bq_dag.move_yellow_taxi_task scheduled__2022-05-01T00:00:00+00:00 [queued]>
[2022-05-02 06:57:09,524] {taskinstance.py:1032} INFO - Dependencies all met for <TaskInstance: gcs_2_bq_dag.move_yellow_taxi_task scheduled__2022-05-01T00:00:00+00:00 [queued]>
[2022-05-02 06:57:09,524] {taskinstance.py:1238} INFO - 
--------------------------------------------------------------------------------
[2022-05-02 06:57:09,524] {taskinstance.py:1239} INFO - Starting attempt 1 of 2
[2022-05-02 06:57:09,524] {taskinstance.py:1240} INFO - 
--------------------------------------------------------------------------------
[2022-05-02 06:57:09,538] {taskinstance.py:1259} INFO - Executing <Task(GCSToGCSOperator): move_yellow_taxi_task> on 2022-05-01 00:00:00+00:00
[2022-05-02 06:57:09,544] {standard_task_runner.py:52} INFO - Started process 494 to run task
[2022-05-02 06:57:09,550] {standard_task_runner.py:76} INFO - Running: ['***', 'tasks', 'run', 'gcs_2_bq_dag', 'move_yellow_taxi_task', 'scheduled__2022-05-01T00:00:00+00:00', '--job-id', '249', '--raw', '--subdir', 'DAGS_FOLDER/gcs_to_bq_dag.py', '--cfg-path', '/tmp/tmpmc7vg130', '--error-file', '/tmp/tmpupddwyw0']
[2022-05-02 06:57:09,551] {standard_task_runner.py:77} INFO - Job 249: Subtask move_yellow_taxi_task
[2022-05-02 06:57:09,621] {logging_mixin.py:109} INFO - Running <TaskInstance: gcs_2_bq_dag.move_yellow_taxi_task scheduled__2022-05-01T00:00:00+00:00 [running]> on host 971b76ca1ca3
[2022-05-02 06:57:09,697] {taskinstance.py:1426} INFO - Exporting the following env vars:
AIRFLOW_CTX_DAG_OWNER=***
AIRFLOW_CTX_DAG_ID=gcs_2_bq_dag
AIRFLOW_CTX_TASK_ID=move_yellow_taxi_task
AIRFLOW_CTX_EXECUTION_DATE=2022-05-01T00:00:00+00:00
AIRFLOW_CTX_DAG_RUN_ID=scheduled__2022-05-01T00:00:00+00:00
[2022-05-02 06:57:09,699] {crypto.py:82} WARNING - empty cryptography key - values will not be stored encrypted.
[2022-05-02 06:57:09,699] {gcs_to_gcs.py:346} INFO - Delimiter ignored because wildcard is in prefix
[2022-05-02 06:57:10,400] {gcs_to_gcs.py:431} INFO - Executing copy of gs://ny-trips-de_ny_taxi_data_lake/raw/yellow_taxi/2020/yellow_taxi_2020-11.parquet to gs://ny-trips-de_ny_taxi_data_lake/yellow/yellow_taxi/2020/yellow_taxi_2020-11.parquet
[2022-05-02 06:57:10,695] {gcs.py:251} INFO - Total Bytes: 28375709 | Bytes Written: 28375709
[2022-05-02 06:57:10,695] {gcs.py:264} INFO - Object raw/yellow_taxi/2020/yellow_taxi_2020-11.parquet in bucket ny-trips-de_ny_taxi_data_lake rewritten to object yellow/yellow_taxi/2020/yellow_taxi_2020-11.parquet in bucket ny-trips-de_ny_taxi_data_lake
[2022-05-02 06:57:10,837] {gcs.py:645} INFO - Blob raw/yellow_taxi/2020/yellow_taxi_2020-11.parquet deleted.
[2022-05-02 06:57:10,837] {gcs_to_gcs.py:431} INFO - Executing copy of gs://ny-trips-de_ny_taxi_data_lake/raw/yellow_taxi/2020/yellow_taxi_2020-09.parquet to gs://ny-trips-de_ny_taxi_data_lake/yellow/yellow_taxi/2020/yellow_taxi_2020-09.parquet
[2022-05-02 06:57:11,126] {gcs.py:251} INFO - Total Bytes: 25539450 | Bytes Written: 25539450
[2022-05-02 06:57:11,127] {gcs.py:264} INFO - Object raw/yellow_taxi/2020/yellow_taxi_2020-09.parquet in bucket ny-trips-de_ny_taxi_data_lake rewritten to object yellow/yellow_taxi/2020/yellow_taxi_2020-09.parquet in bucket ny-trips-de_ny_taxi_data_lake
[2022-05-02 06:57:11,796] {gcs.py:645} INFO - Blob raw/yellow_taxi/2020/yellow_taxi_2020-09.parquet deleted.
[2022-05-02 06:57:11,796] {gcs_to_gcs.py:431} INFO - Executing copy of gs://ny-trips-de_ny_taxi_data_lake/raw/yellow_taxi/2019/yellow_taxi_2019-09.parquet to gs://ny-trips-de_ny_taxi_data_lake/yellow/yellow_taxi/2019/yellow_taxi_2019-09.parquet
[2022-05-02 06:57:12,116] {gcs.py:251} INFO - Total Bytes: 120286338 | Bytes Written: 120286338
[2022-05-02 06:57:12,117] {gcs.py:264} INFO - Object raw/yellow_taxi/2019/yellow_taxi_2019-09.parquet in bucket ny-trips-de_ny_taxi_data_lake rewritten to object yellow/yellow_taxi/2019/yellow_taxi_2019-09.parquet in bucket ny-trips-de_ny_taxi_data_lake
[2022-05-02 06:57:12,275] {gcs.py:645} INFO - Blob raw/yellow_taxi/2019/yellow_taxi_2019-09.parquet deleted.
[2022-05-02 06:57:12,276] {gcs_to_gcs.py:431} INFO - Executing copy of gs://ny-trips-de_ny_taxi_data_lake/raw/yellow_taxi/2019/yellow_taxi_2019-04.parquet to gs://ny-trips-de_ny_taxi_data_lake/yellow/yellow_taxi/2019/yellow_taxi_2019-04.parquet
[2022-05-02 06:57:12,588] {gcs.py:251} INFO - Total Bytes: 136706305 | Bytes Written: 136706305
[2022-05-02 06:57:12,588] {gcs.py:264} INFO - Object raw/yellow_taxi/2019/yellow_taxi_2019-04.parquet in bucket ny-trips-de_ny_taxi_data_lake rewritten to object yellow/yellow_taxi/2019/yellow_taxi_2019-04.parquet in bucket ny-trips-de_ny_taxi_data_lake
[2022-05-02 06:57:12,778] {gcs.py:645} INFO - Blob raw/yellow_taxi/2019/yellow_taxi_2019-04.parquet deleted.
[2022-05-02 06:57:12,779] {gcs_to_gcs.py:431} INFO - Executing copy of gs://ny-trips-de_ny_taxi_data_lake/raw/yellow_taxi/2020/yellow_taxi_2020-12.parquet to gs://ny-trips-de_ny_taxi_data_lake/yellow/yellow_taxi/2020/yellow_taxi_2020-12.parquet
[2022-05-02 06:57:13,064] {gcs.py:251} INFO - Total Bytes: 27480890 | Bytes Written: 27480890
[2022-05-02 06:57:13,065] {gcs.py:264} INFO - Object raw/yellow_taxi/2020/yellow_taxi_2020-12.parquet in bucket ny-trips-de_ny_taxi_data_lake rewritten to object yellow/yellow_taxi/2020/yellow_taxi_2020-12.parquet in bucket ny-trips-de_ny_taxi_data_lake
[2022-05-02 06:57:13,257] {gcs.py:645} INFO - Blob raw/yellow_taxi/2020/yellow_taxi_2020-12.parquet deleted.
[2022-05-02 06:57:13,258] {gcs_to_gcs.py:431} INFO - Executing copy of gs://ny-trips-de_ny_taxi_data_lake/raw/yellow_taxi/2020/yellow_taxi_2020-04.parquet to gs://ny-trips-de_ny_taxi_data_lake/yellow/yellow_taxi/2020/yellow_taxi_2020-04.parquet
[2022-05-02 06:57:13,524] {gcs.py:251} INFO - Total Bytes: 5285861 | Bytes Written: 5285861
[2022-05-02 06:57:13,525] {gcs.py:264} INFO - Object raw/yellow_taxi/2020/yellow_taxi_2020-04.parquet in bucket ny-trips-de_ny_taxi_data_lake rewritten to object yellow/yellow_taxi/2020/yellow_taxi_2020-04.parquet in bucket ny-trips-de_ny_taxi_data_lake
[2022-05-02 06:57:13,723] {gcs.py:645} INFO - Blob raw/yellow_taxi/2020/yellow_taxi_2020-04.parquet deleted.
[2022-05-02 06:57:13,723] {gcs_to_gcs.py:431} INFO - Executing copy of gs://ny-trips-de_ny_taxi_data_lake/raw/yellow_taxi/2019/yellow_taxi_2019-07.parquet to gs://ny-trips-de_ny_taxi_data_lake/yellow/yellow_taxi/2019/yellow_taxi_2019-07.parquet
[2022-05-02 06:57:14,039] {gcs.py:251} INFO - Total Bytes: 115534598 | Bytes Written: 115534598
[2022-05-02 06:57:14,040] {gcs.py:264} INFO - Object raw/yellow_taxi/2019/yellow_taxi_2019-07.parquet in bucket ny-trips-de_ny_taxi_data_lake rewritten to object yellow/yellow_taxi/2019/yellow_taxi_2019-07.parquet in bucket ny-trips-de_ny_taxi_data_lake
[2022-05-02 06:57:14,188] {gcs.py:645} INFO - Blob raw/yellow_taxi/2019/yellow_taxi_2019-07.parquet deleted.
[2022-05-02 06:57:14,188] {gcs_to_gcs.py:431} INFO - Executing copy of gs://ny-trips-de_ny_taxi_data_lake/raw/yellow_taxi/2019/yellow_taxi_2019-06.parquet to gs://ny-trips-de_ny_taxi_data_lake/yellow/yellow_taxi/2019/yellow_taxi_2019-06.parquet
[2022-05-02 06:57:14,468] {gcs.py:251} INFO - Total Bytes: 126726779 | Bytes Written: 126726779
[2022-05-02 06:57:14,468] {gcs.py:264} INFO - Object raw/yellow_taxi/2019/yellow_taxi_2019-06.parquet in bucket ny-trips-de_ny_taxi_data_lake rewritten to object yellow/yellow_taxi/2019/yellow_taxi_2019-06.parquet in bucket ny-trips-de_ny_taxi_data_lake
[2022-05-02 06:57:14,701] {gcs.py:645} INFO - Blob raw/yellow_taxi/2019/yellow_taxi_2019-06.parquet deleted.
[2022-05-02 06:57:14,701] {gcs_to_gcs.py:431} INFO - Executing copy of gs://ny-trips-de_ny_taxi_data_lake/raw/yellow_taxi/2019/yellow_taxi_2019-01.parquet to gs://ny-trips-de_ny_taxi_data_lake/yellow/yellow_taxi/2019/yellow_taxi_2019-01.parquet
[2022-05-02 06:57:15,017] {gcs.py:251} INFO - Total Bytes: 137625296 | Bytes Written: 137625296
[2022-05-02 06:57:15,018] {gcs.py:264} INFO - Object raw/yellow_taxi/2019/yellow_taxi_2019-01.parquet in bucket ny-trips-de_ny_taxi_data_lake rewritten to object yellow/yellow_taxi/2019/yellow_taxi_2019-01.parquet in bucket ny-trips-de_ny_taxi_data_lake
[2022-05-02 06:57:15,164] {gcs.py:645} INFO - Blob raw/yellow_taxi/2019/yellow_taxi_2019-01.parquet deleted.
[2022-05-02 06:57:15,164] {gcs_to_gcs.py:431} INFO - Executing copy of gs://ny-trips-de_ny_taxi_data_lake/raw/yellow_taxi/2019/yellow_taxi_2019-03.parquet to gs://ny-trips-de_ny_taxi_data_lake/yellow/yellow_taxi/2019/yellow_taxi_2019-03.parquet
[2022-05-02 06:57:15,486] {gcs.py:251} INFO - Total Bytes: 144113501 | Bytes Written: 144113501
[2022-05-02 06:57:15,486] {gcs.py:264} INFO - Object raw/yellow_taxi/2019/yellow_taxi_2019-03.parquet in bucket ny-trips-de_ny_taxi_data_lake rewritten to object yellow/yellow_taxi/2019/yellow_taxi_2019-03.parquet in bucket ny-trips-de_ny_taxi_data_lake
[2022-05-02 06:57:15,639] {gcs.py:645} INFO - Blob raw/yellow_taxi/2019/yellow_taxi_2019-03.parquet deleted.
[2022-05-02 06:57:15,640] {gcs_to_gcs.py:431} INFO - Executing copy of gs://ny-trips-de_ny_taxi_data_lake/raw/yellow_taxi/2019/yellow_taxi_2019-02.parquet to gs://ny-trips-de_ny_taxi_data_lake/yellow/yellow_taxi/2019/yellow_taxi_2019-02.parquet
[2022-05-02 06:57:15,947] {gcs.py:251} INFO - Total Bytes: 128380769 | Bytes Written: 128380769
[2022-05-02 06:57:15,947] {gcs.py:264} INFO - Object raw/yellow_taxi/2019/yellow_taxi_2019-02.parquet in bucket ny-trips-de_ny_taxi_data_lake rewritten to object yellow/yellow_taxi/2019/yellow_taxi_2019-02.parquet in bucket ny-trips-de_ny_taxi_data_lake
[2022-05-02 06:57:16,092] {gcs.py:645} INFO - Blob raw/yellow_taxi/2019/yellow_taxi_2019-02.parquet deleted.
[2022-05-02 06:57:16,092] {gcs_to_gcs.py:431} INFO - Executing copy of gs://ny-trips-de_ny_taxi_data_lake/raw/yellow_taxi/2019/yellow_taxi_2019-05.parquet to gs://ny-trips-de_ny_taxi_data_lake/yellow/yellow_taxi/2019/yellow_taxi_2019-05.parquet
[2022-05-02 06:57:16,416] {gcs.py:251} INFO - Total Bytes: 137418656 | Bytes Written: 137418656
[2022-05-02 06:57:16,417] {gcs.py:264} INFO - Object raw/yellow_taxi/2019/yellow_taxi_2019-05.parquet in bucket ny-trips-de_ny_taxi_data_lake rewritten to object yellow/yellow_taxi/2019/yellow_taxi_2019-05.parquet in bucket ny-trips-de_ny_taxi_data_lake
[2022-05-02 06:57:16,592] {gcs.py:645} INFO - Blob raw/yellow_taxi/2019/yellow_taxi_2019-05.parquet deleted.
[2022-05-02 06:57:16,592] {gcs_to_gcs.py:431} INFO - Executing copy of gs://ny-trips-de_ny_taxi_data_lake/raw/yellow_taxi/2020/yellow_taxi_2020-06.parquet to gs://ny-trips-de_ny_taxi_data_lake/yellow/yellow_taxi/2020/yellow_taxi_2020-06.parquet
[2022-05-02 06:57:16,879] {gcs.py:251} INFO - Total Bytes: 11323874 | Bytes Written: 11323874
[2022-05-02 06:57:16,880] {gcs.py:264} INFO - Object raw/yellow_taxi/2020/yellow_taxi_2020-06.parquet in bucket ny-trips-de_ny_taxi_data_lake rewritten to object yellow/yellow_taxi/2020/yellow_taxi_2020-06.parquet in bucket ny-trips-de_ny_taxi_data_lake
[2022-05-02 06:57:17,082] {gcs.py:645} INFO - Blob raw/yellow_taxi/2020/yellow_taxi_2020-06.parquet deleted.
[2022-05-02 06:57:17,082] {gcs_to_gcs.py:431} INFO - Executing copy of gs://ny-trips-de_ny_taxi_data_lake/raw/yellow_taxi/2020/yellow_taxi_2020-03.parquet to gs://ny-trips-de_ny_taxi_data_lake/yellow/yellow_taxi/2020/yellow_taxi_2020-03.parquet
[2022-05-02 06:57:17,370] {gcs.py:251} INFO - Total Bytes: 54378226 | Bytes Written: 54378226
[2022-05-02 06:57:17,371] {gcs.py:264} INFO - Object raw/yellow_taxi/2020/yellow_taxi_2020-03.parquet in bucket ny-trips-de_ny_taxi_data_lake rewritten to object yellow/yellow_taxi/2020/yellow_taxi_2020-03.parquet in bucket ny-trips-de_ny_taxi_data_lake
[2022-05-02 06:57:17,546] {gcs.py:645} INFO - Blob raw/yellow_taxi/2020/yellow_taxi_2020-03.parquet deleted.
[2022-05-02 06:57:17,546] {gcs_to_gcs.py:431} INFO - Executing copy of gs://ny-trips-de_ny_taxi_data_lake/raw/yellow_taxi/2020/yellow_taxi_2020-02.parquet to gs://ny-trips-de_ny_taxi_data_lake/yellow/yellow_taxi/2020/yellow_taxi_2020-02.parquet
[2022-05-02 06:57:17,887] {gcs.py:251} INFO - Total Bytes: 113958025 | Bytes Written: 113958025
[2022-05-02 06:57:17,888] {gcs.py:264} INFO - Object raw/yellow_taxi/2020/yellow_taxi_2020-02.parquet in bucket ny-trips-de_ny_taxi_data_lake rewritten to object yellow/yellow_taxi/2020/yellow_taxi_2020-02.parquet in bucket ny-trips-de_ny_taxi_data_lake
[2022-05-02 06:57:18,029] {gcs.py:645} INFO - Blob raw/yellow_taxi/2020/yellow_taxi_2020-02.parquet deleted.
[2022-05-02 06:57:18,029] {gcs_to_gcs.py:431} INFO - Executing copy of gs://ny-trips-de_ny_taxi_data_lake/raw/yellow_taxi/2019/yellow_taxi_2019-11.parquet to gs://ny-trips-de_ny_taxi_data_lake/yellow/yellow_taxi/2019/yellow_taxi_2019-11.parquet
[2022-05-02 06:57:18,342] {gcs.py:251} INFO - Total Bytes: 124810768 | Bytes Written: 124810768
[2022-05-02 06:57:18,342] {gcs.py:264} INFO - Object raw/yellow_taxi/2019/yellow_taxi_2019-11.parquet in bucket ny-trips-de_ny_taxi_data_lake rewritten to object yellow/yellow_taxi/2019/yellow_taxi_2019-11.parquet in bucket ny-trips-de_ny_taxi_data_lake
[2022-05-02 06:57:18,556] {gcs.py:645} INFO - Blob raw/yellow_taxi/2019/yellow_taxi_2019-11.parquet deleted.
[2022-05-02 06:57:18,557] {gcs_to_gcs.py:431} INFO - Executing copy of gs://ny-trips-de_ny_taxi_data_lake/raw/yellow_taxi/2019/yellow_taxi_2019-12.parquet to gs://ny-trips-de_ny_taxi_data_lake/yellow/yellow_taxi/2019/yellow_taxi_2019-12.parquet
[2022-05-02 06:57:18,883] {gcs.py:251} INFO - Total Bytes: 125360614 | Bytes Written: 125360614
[2022-05-02 06:57:18,883] {gcs.py:264} INFO - Object raw/yellow_taxi/2019/yellow_taxi_2019-12.parquet in bucket ny-trips-de_ny_taxi_data_lake rewritten to object yellow/yellow_taxi/2019/yellow_taxi_2019-12.parquet in bucket ny-trips-de_ny_taxi_data_lake
[2022-05-02 06:57:19,029] {gcs.py:645} INFO - Blob raw/yellow_taxi/2019/yellow_taxi_2019-12.parquet deleted.
[2022-05-02 06:57:19,029] {gcs_to_gcs.py:431} INFO - Executing copy of gs://ny-trips-de_ny_taxi_data_lake/raw/yellow_taxi/2019/yellow_taxi_2019-08.parquet to gs://ny-trips-de_ny_taxi_data_lake/yellow/yellow_taxi/2019/yellow_taxi_2019-08.parquet
[2022-05-02 06:57:19,303] {gcs.py:251} INFO - Total Bytes: 111332831 | Bytes Written: 111332831
[2022-05-02 06:57:19,304] {gcs.py:264} INFO - Object raw/yellow_taxi/2019/yellow_taxi_2019-08.parquet in bucket ny-trips-de_ny_taxi_data_lake rewritten to object yellow/yellow_taxi/2019/yellow_taxi_2019-08.parquet in bucket ny-trips-de_ny_taxi_data_lake
[2022-05-02 06:57:19,546] {gcs.py:645} INFO - Blob raw/yellow_taxi/2019/yellow_taxi_2019-08.parquet deleted.
[2022-05-02 06:57:19,546] {gcs_to_gcs.py:431} INFO - Executing copy of gs://ny-trips-de_ny_taxi_data_lake/raw/yellow_taxi/2020/yellow_taxi_2020-05.parquet to gs://ny-trips-de_ny_taxi_data_lake/yellow/yellow_taxi/2020/yellow_taxi_2020-05.parquet
[2022-05-02 06:57:19,817] {gcs.py:251} INFO - Total Bytes: 7436367 | Bytes Written: 7436367
[2022-05-02 06:57:19,817] {gcs.py:264} INFO - Object raw/yellow_taxi/2020/yellow_taxi_2020-05.parquet in bucket ny-trips-de_ny_taxi_data_lake rewritten to object yellow/yellow_taxi/2020/yellow_taxi_2020-05.parquet in bucket ny-trips-de_ny_taxi_data_lake
[2022-05-02 06:57:19,961] {gcs.py:645} INFO - Blob raw/yellow_taxi/2020/yellow_taxi_2020-05.parquet deleted.
[2022-05-02 06:57:19,962] {gcs_to_gcs.py:431} INFO - Executing copy of gs://ny-trips-de_ny_taxi_data_lake/raw/yellow_taxi/2020/yellow_taxi_2020-07.parquet to gs://ny-trips-de_ny_taxi_data_lake/yellow/yellow_taxi/2020/yellow_taxi_2020-07.parquet
[2022-05-02 06:57:20,242] {gcs.py:251} INFO - Total Bytes: 15762125 | Bytes Written: 15762125
[2022-05-02 06:57:20,242] {gcs.py:264} INFO - Object raw/yellow_taxi/2020/yellow_taxi_2020-07.parquet in bucket ny-trips-de_ny_taxi_data_lake rewritten to object yellow/yellow_taxi/2020/yellow_taxi_2020-07.parquet in bucket ny-trips-de_ny_taxi_data_lake
[2022-05-02 06:57:20,472] {gcs.py:645} INFO - Blob raw/yellow_taxi/2020/yellow_taxi_2020-07.parquet deleted.
[2022-05-02 06:57:20,473] {gcs_to_gcs.py:431} INFO - Executing copy of gs://ny-trips-de_ny_taxi_data_lake/raw/yellow_taxi/2020/yellow_taxi_2020-10.parquet to gs://ny-trips-de_ny_taxi_data_lake/yellow/yellow_taxi/2020/yellow_taxi_2020-10.parquet
[2022-05-02 06:57:20,747] {gcs.py:251} INFO - Total Bytes: 31572830 | Bytes Written: 31572830
[2022-05-02 06:57:20,748] {gcs.py:264} INFO - Object raw/yellow_taxi/2020/yellow_taxi_2020-10.parquet in bucket ny-trips-de_ny_taxi_data_lake rewritten to object yellow/yellow_taxi/2020/yellow_taxi_2020-10.parquet in bucket ny-trips-de_ny_taxi_data_lake
[2022-05-02 06:57:20,895] {gcs.py:645} INFO - Blob raw/yellow_taxi/2020/yellow_taxi_2020-10.parquet deleted.
[2022-05-02 06:57:20,895] {gcs_to_gcs.py:431} INFO - Executing copy of gs://ny-trips-de_ny_taxi_data_lake/raw/yellow_taxi/2020/yellow_taxi_2020-01.parquet to gs://ny-trips-de_ny_taxi_data_lake/yellow/yellow_taxi/2020/yellow_taxi_2020-01.parquet
[2022-05-02 06:57:21,192] {gcs.py:251} INFO - Total Bytes: 116228546 | Bytes Written: 116228546
[2022-05-02 06:57:21,193] {gcs.py:264} INFO - Object raw/yellow_taxi/2020/yellow_taxi_2020-01.parquet in bucket ny-trips-de_ny_taxi_data_lake rewritten to object yellow/yellow_taxi/2020/yellow_taxi_2020-01.parquet in bucket ny-trips-de_ny_taxi_data_lake
[2022-05-02 06:57:21,407] {gcs.py:645} INFO - Blob raw/yellow_taxi/2020/yellow_taxi_2020-01.parquet deleted.
[2022-05-02 06:57:21,407] {gcs_to_gcs.py:431} INFO - Executing copy of gs://ny-trips-de_ny_taxi_data_lake/raw/yellow_taxi/2020/yellow_taxi_2020-08.parquet to gs://ny-trips-de_ny_taxi_data_lake/yellow/yellow_taxi/2020/yellow_taxi_2020-08.parquet
[2022-05-02 06:57:21,683] {gcs.py:251} INFO - Total Bytes: 19636193 | Bytes Written: 19636193
[2022-05-02 06:57:21,683] {gcs.py:264} INFO - Object raw/yellow_taxi/2020/yellow_taxi_2020-08.parquet in bucket ny-trips-de_ny_taxi_data_lake rewritten to object yellow/yellow_taxi/2020/yellow_taxi_2020-08.parquet in bucket ny-trips-de_ny_taxi_data_lake
[2022-05-02 06:57:21,823] {gcs.py:645} INFO - Blob raw/yellow_taxi/2020/yellow_taxi_2020-08.parquet deleted.
[2022-05-02 06:57:21,823] {gcs_to_gcs.py:431} INFO - Executing copy of gs://ny-trips-de_ny_taxi_data_lake/raw/yellow_taxi/2019/yellow_taxi_2019-10.parquet to gs://ny-trips-de_ny_taxi_data_lake/yellow/yellow_taxi/2019/yellow_taxi_2019-10.parquet
[2022-05-02 06:57:22,113] {gcs.py:251} INFO - Total Bytes: 130950231 | Bytes Written: 130950231
[2022-05-02 06:57:22,113] {gcs.py:264} INFO - Object raw/yellow_taxi/2019/yellow_taxi_2019-10.parquet in bucket ny-trips-de_ny_taxi_data_lake rewritten to object yellow/yellow_taxi/2019/yellow_taxi_2019-10.parquet in bucket ny-trips-de_ny_taxi_data_lake
[2022-05-02 06:57:22,337] {gcs.py:645} INFO - Blob raw/yellow_taxi/2019/yellow_taxi_2019-10.parquet deleted.
[2022-05-02 06:57:22,359] {taskinstance.py:1277} INFO - Marking task as SUCCESS. dag_id=gcs_2_bq_dag, task_id=move_yellow_taxi_task, execution_date=20220501T000000, start_date=20220502T065709, end_date=20220502T065722
[2022-05-02 06:57:22,403] {local_task_job.py:154} INFO - Task exited with return code 0
[2022-05-02 06:57:22,454] {local_task_job.py:264} INFO - 1 downstream tasks scheduled from follow-on schedule check
