[2022-05-02 04:24:28,068] {taskinstance.py:1032} INFO - Dependencies all met for <TaskInstance: FHVDataIngestionDag.upload_to_gcs_task scheduled__2019-08-02T08:00:00+00:00 [queued]>
[2022-05-02 04:24:28,148] {taskinstance.py:1032} INFO - Dependencies all met for <TaskInstance: FHVDataIngestionDag.upload_to_gcs_task scheduled__2019-08-02T08:00:00+00:00 [queued]>
[2022-05-02 04:24:28,148] {taskinstance.py:1238} INFO - 
--------------------------------------------------------------------------------
[2022-05-02 04:24:28,148] {taskinstance.py:1239} INFO - Starting attempt 1 of 2
[2022-05-02 04:24:28,148] {taskinstance.py:1240} INFO - 
--------------------------------------------------------------------------------
[2022-05-02 04:24:28,182] {taskinstance.py:1259} INFO - Executing <Task(PythonOperator): upload_to_gcs_task> on 2019-08-02 08:00:00+00:00
[2022-05-02 04:24:28,190] {standard_task_runner.py:52} INFO - Started process 683 to run task
[2022-05-02 04:24:28,205] {standard_task_runner.py:76} INFO - Running: ['***', 'tasks', 'run', 'FHVDataIngestionDag', 'upload_to_gcs_task', 'scheduled__2019-08-02T08:00:00+00:00', '--job-id', '85', '--raw', '--subdir', 'DAGS_FOLDER/ingest_yellow_green_fhv_zones_gcs_dag.py', '--cfg-path', '/tmp/tmpof23hywf', '--error-file', '/tmp/tmp72q9d_s5']
[2022-05-02 04:24:28,207] {standard_task_runner.py:77} INFO - Job 85: Subtask upload_to_gcs_task
[2022-05-02 04:24:28,394] {logging_mixin.py:109} INFO - Running <TaskInstance: FHVDataIngestionDag.upload_to_gcs_task scheduled__2019-08-02T08:00:00+00:00 [running]> on host 8238bde88e59
[2022-05-02 04:24:28,512] {warnings.py:110} WARNING - /home/***/.local/lib/python3.7/site-packages/***/utils/context.py:152: AirflowContextDeprecationWarning: Accessing 'execution_date' from the template is deprecated and will be removed in a future version. Please use 'data_interval_start' or 'logical_date' instead.
  warnings.warn(_create_deprecation_warning(key, self._deprecation_replacements[key]))

[2022-05-02 04:24:28,648] {taskinstance.py:1426} INFO - Exporting the following env vars:
AIRFLOW_CTX_DAG_OWNER=***
AIRFLOW_CTX_DAG_ID=FHVDataIngestionDag
AIRFLOW_CTX_TASK_ID=upload_to_gcs_task
AIRFLOW_CTX_EXECUTION_DATE=2019-08-02T08:00:00+00:00
AIRFLOW_CTX_DAG_RUN_ID=scheduled__2019-08-02T08:00:00+00:00
[2022-05-02 04:24:28,649] {logging_mixin.py:109} INFO - Entered Upload to GCS DAG
[2022-05-02 04:24:31,275] {logging_mixin.py:109} INFO - Uploaded File to GCS
[2022-05-02 04:24:31,292] {python.py:175} INFO - Done. Returned value was: None
[2022-05-02 04:24:31,381] {taskinstance.py:1277} INFO - Marking task as SUCCESS. dag_id=FHVDataIngestionDag, task_id=upload_to_gcs_task, execution_date=20190802T080000, start_date=20220502T042428, end_date=20220502T042431
[2022-05-02 04:24:31,646] {local_task_job.py:154} INFO - Task exited with return code 0
[2022-05-02 04:24:32,348] {local_task_job.py:264} INFO - 0 downstream tasks scheduled from follow-on schedule check
