[2022-05-02 04:37:35,285] {taskinstance.py:1032} INFO - Dependencies all met for <TaskInstance: YellowDataIngestionDag.rm_csv_parquet_task scheduled__2020-03-02T06:00:00+00:00 [queued]>
[2022-05-02 04:37:35,299] {taskinstance.py:1032} INFO - Dependencies all met for <TaskInstance: YellowDataIngestionDag.rm_csv_parquet_task scheduled__2020-03-02T06:00:00+00:00 [queued]>
[2022-05-02 04:37:35,300] {taskinstance.py:1238} INFO - 
--------------------------------------------------------------------------------
[2022-05-02 04:37:35,300] {taskinstance.py:1239} INFO - Starting attempt 1 of 2
[2022-05-02 04:37:35,300] {taskinstance.py:1240} INFO - 
--------------------------------------------------------------------------------
[2022-05-02 04:37:35,314] {taskinstance.py:1259} INFO - Executing <Task(BashOperator): rm_csv_parquet_task> on 2020-03-02 06:00:00+00:00
[2022-05-02 04:37:35,320] {standard_task_runner.py:52} INFO - Started process 1849 to run task
[2022-05-02 04:37:35,325] {standard_task_runner.py:76} INFO - Running: ['***', 'tasks', 'run', 'YellowDataIngestionDag', 'rm_csv_parquet_task', 'scheduled__2020-03-02T06:00:00+00:00', '--job-id', '210', '--raw', '--subdir', 'DAGS_FOLDER/ingest_yellow_green_fhv_zones_gcs_dag.py', '--cfg-path', '/tmp/tmp3osh4cnf', '--error-file', '/tmp/tmp8a_dpaxb']
[2022-05-02 04:37:35,326] {standard_task_runner.py:77} INFO - Job 210: Subtask rm_csv_parquet_task
[2022-05-02 04:37:35,403] {logging_mixin.py:109} INFO - Running <TaskInstance: YellowDataIngestionDag.rm_csv_parquet_task scheduled__2020-03-02T06:00:00+00:00 [running]> on host 8238bde88e59
[2022-05-02 04:37:35,455] {warnings.py:110} WARNING - /home/***/.local/lib/python3.7/site-packages/***/utils/context.py:152: AirflowContextDeprecationWarning: Accessing 'execution_date' from the template is deprecated and will be removed in a future version. Please use 'data_interval_start' or 'logical_date' instead.
  warnings.warn(_create_deprecation_warning(key, self._deprecation_replacements[key]))

[2022-05-02 04:37:35,480] {taskinstance.py:1426} INFO - Exporting the following env vars:
AIRFLOW_CTX_DAG_OWNER=***
AIRFLOW_CTX_DAG_ID=YellowDataIngestionDag
AIRFLOW_CTX_TASK_ID=rm_csv_parquet_task
AIRFLOW_CTX_EXECUTION_DATE=2020-03-02T06:00:00+00:00
AIRFLOW_CTX_DAG_RUN_ID=scheduled__2020-03-02T06:00:00+00:00
[2022-05-02 04:37:35,481] {subprocess.py:62} INFO - Tmp dir root location: 
 /tmp
[2022-05-02 04:37:35,482] {subprocess.py:74} INFO - Running command: ['bash', '-c', 'rm /opt/***/yellow_taxi_2020-03.csv /opt/***/yellow_taxi_2020-03.parquet']
[2022-05-02 04:37:35,494] {subprocess.py:85} INFO - Output:
[2022-05-02 04:37:35,562] {subprocess.py:93} INFO - Command exited with return code 0
[2022-05-02 04:37:35,595] {taskinstance.py:1277} INFO - Marking task as SUCCESS. dag_id=YellowDataIngestionDag, task_id=rm_csv_parquet_task, execution_date=20200302T060000, start_date=20220502T043735, end_date=20220502T043735
[2022-05-02 04:37:35,618] {local_task_job.py:154} INFO - Task exited with return code 0
[2022-05-02 04:37:35,662] {local_task_job.py:264} INFO - 0 downstream tasks scheduled from follow-on schedule check
