[2022-05-02 04:22:54,178] {taskinstance.py:1032} INFO - Dependencies all met for <TaskInstance: ZoneDataIngestionDag.download_dataset_task scheduled__2022-05-01T00:00:00+00:00 [queued]>
[2022-05-02 04:22:54,200] {taskinstance.py:1032} INFO - Dependencies all met for <TaskInstance: ZoneDataIngestionDag.download_dataset_task scheduled__2022-05-01T00:00:00+00:00 [queued]>
[2022-05-02 04:22:54,200] {taskinstance.py:1238} INFO - 
--------------------------------------------------------------------------------
[2022-05-02 04:22:54,200] {taskinstance.py:1239} INFO - Starting attempt 1 of 2
[2022-05-02 04:22:54,200] {taskinstance.py:1240} INFO - 
--------------------------------------------------------------------------------
[2022-05-02 04:22:54,233] {taskinstance.py:1259} INFO - Executing <Task(BashOperator): download_dataset_task> on 2022-05-01 00:00:00+00:00
[2022-05-02 04:22:54,250] {standard_task_runner.py:52} INFO - Started process 233 to run task
[2022-05-02 04:22:54,272] {standard_task_runner.py:76} INFO - Running: ['***', 'tasks', 'run', 'ZoneDataIngestionDag', 'download_dataset_task', 'scheduled__2022-05-01T00:00:00+00:00', '--job-id', '11', '--raw', '--subdir', 'DAGS_FOLDER/ingest_yellow_green_fhv_zones_gcs_dag.py', '--cfg-path', '/tmp/tmp2k_i6uz5', '--error-file', '/tmp/tmpxiu2snqn']
[2022-05-02 04:22:54,275] {standard_task_runner.py:77} INFO - Job 11: Subtask download_dataset_task
[2022-05-02 04:22:54,425] {logging_mixin.py:109} INFO - Running <TaskInstance: ZoneDataIngestionDag.download_dataset_task scheduled__2022-05-01T00:00:00+00:00 [running]> on host 8238bde88e59
[2022-05-02 04:22:54,657] {taskinstance.py:1426} INFO - Exporting the following env vars:
AIRFLOW_CTX_DAG_OWNER=***
AIRFLOW_CTX_DAG_ID=ZoneDataIngestionDag
AIRFLOW_CTX_TASK_ID=download_dataset_task
AIRFLOW_CTX_EXECUTION_DATE=2022-05-01T00:00:00+00:00
AIRFLOW_CTX_DAG_RUN_ID=scheduled__2022-05-01T00:00:00+00:00
[2022-05-02 04:22:54,659] {subprocess.py:62} INFO - Tmp dir root location: 
 /tmp
[2022-05-02 04:22:54,669] {subprocess.py:74} INFO - Running command: ['bash', '-c', 'curl -sSLf https://s3.amazonaws.com/nyc-tlc/misc/taxi+_zone_lookup.csv > /opt/***/zone_lookup_data.csv']
[2022-05-02 04:22:54,704] {subprocess.py:85} INFO - Output:
[2022-05-02 04:22:55,184] {subprocess.py:93} INFO - Command exited with return code 0
[2022-05-02 04:22:55,245] {taskinstance.py:1277} INFO - Marking task as SUCCESS. dag_id=ZoneDataIngestionDag, task_id=download_dataset_task, execution_date=20220501T000000, start_date=20220502T042254, end_date=20220502T042255
[2022-05-02 04:22:55,393] {local_task_job.py:154} INFO - Task exited with return code 0
[2022-05-02 04:22:55,633] {local_task_job.py:264} INFO - 1 downstream tasks scheduled from follow-on schedule check
