[2022-05-02 04:23:08,210] {taskinstance.py:1032} INFO - Dependencies all met for <TaskInstance: GreenDataIngestionDag.rm_csv_parquet_task scheduled__2019-02-02T07:00:00+00:00 [queued]>
[2022-05-02 04:23:08,228] {taskinstance.py:1032} INFO - Dependencies all met for <TaskInstance: GreenDataIngestionDag.rm_csv_parquet_task scheduled__2019-02-02T07:00:00+00:00 [queued]>
[2022-05-02 04:23:08,228] {taskinstance.py:1238} INFO - 
--------------------------------------------------------------------------------
[2022-05-02 04:23:08,228] {taskinstance.py:1239} INFO - Starting attempt 1 of 2
[2022-05-02 04:23:08,228] {taskinstance.py:1240} INFO - 
--------------------------------------------------------------------------------
[2022-05-02 04:23:08,637] {taskinstance.py:1259} INFO - Executing <Task(BashOperator): rm_csv_parquet_task> on 2019-02-02 07:00:00+00:00
[2022-05-02 04:23:08,643] {standard_task_runner.py:52} INFO - Started process 327 to run task
[2022-05-02 04:23:08,661] {standard_task_runner.py:76} INFO - Running: ['***', 'tasks', 'run', 'GreenDataIngestionDag', 'rm_csv_parquet_task', 'scheduled__2019-02-02T07:00:00+00:00', '--job-id', '28', '--raw', '--subdir', 'DAGS_FOLDER/ingest_yellow_green_fhv_zones_gcs_dag.py', '--cfg-path', '/tmp/tmpirsiurka', '--error-file', '/tmp/tmp9eikx2zf']
[2022-05-02 04:23:08,662] {standard_task_runner.py:77} INFO - Job 28: Subtask rm_csv_parquet_task
[2022-05-02 04:23:09,113] {logging_mixin.py:109} INFO - Running <TaskInstance: GreenDataIngestionDag.rm_csv_parquet_task scheduled__2019-02-02T07:00:00+00:00 [running]> on host 8238bde88e59
[2022-05-02 04:23:09,662] {warnings.py:110} WARNING - /home/***/.local/lib/python3.7/site-packages/***/utils/context.py:152: AirflowContextDeprecationWarning: Accessing 'execution_date' from the template is deprecated and will be removed in a future version. Please use 'data_interval_start' or 'logical_date' instead.
  warnings.warn(_create_deprecation_warning(key, self._deprecation_replacements[key]))

[2022-05-02 04:23:10,150] {taskinstance.py:1426} INFO - Exporting the following env vars:
AIRFLOW_CTX_DAG_OWNER=***
AIRFLOW_CTX_DAG_ID=GreenDataIngestionDag
AIRFLOW_CTX_TASK_ID=rm_csv_parquet_task
AIRFLOW_CTX_EXECUTION_DATE=2019-02-02T07:00:00+00:00
AIRFLOW_CTX_DAG_RUN_ID=scheduled__2019-02-02T07:00:00+00:00
[2022-05-02 04:23:10,151] {subprocess.py:62} INFO - Tmp dir root location: 
 /tmp
[2022-05-02 04:23:10,152] {subprocess.py:74} INFO - Running command: ['bash', '-c', 'rm /opt/***/green_taxi_2019-02.csv /opt/***/green_taxi_2019-02.parquet']
[2022-05-02 04:23:10,169] {subprocess.py:85} INFO - Output:
[2022-05-02 04:23:10,185] {subprocess.py:93} INFO - Command exited with return code 0
[2022-05-02 04:23:10,656] {taskinstance.py:1277} INFO - Marking task as SUCCESS. dag_id=GreenDataIngestionDag, task_id=rm_csv_parquet_task, execution_date=20190202T070000, start_date=20220502T042308, end_date=20220502T042310
[2022-05-02 04:23:11,002] {local_task_job.py:154} INFO - Task exited with return code 0
[2022-05-02 04:23:11,433] {local_task_job.py:264} INFO - 0 downstream tasks scheduled from follow-on schedule check
