[2022-05-02 04:34:50,583] {taskinstance.py:1032} INFO - Dependencies all met for <TaskInstance: YellowDataIngestionDag.upload_to_gcs_task scheduled__2019-12-02T06:00:00+00:00 [queued]>
[2022-05-02 04:34:50,676] {taskinstance.py:1032} INFO - Dependencies all met for <TaskInstance: YellowDataIngestionDag.upload_to_gcs_task scheduled__2019-12-02T06:00:00+00:00 [queued]>
[2022-05-02 04:34:50,677] {taskinstance.py:1238} INFO - 
--------------------------------------------------------------------------------
[2022-05-02 04:34:50,678] {taskinstance.py:1239} INFO - Starting attempt 1 of 2
[2022-05-02 04:34:50,678] {taskinstance.py:1240} INFO - 
--------------------------------------------------------------------------------
[2022-05-02 04:34:50,762] {taskinstance.py:1259} INFO - Executing <Task(PythonOperator): upload_to_gcs_task> on 2019-12-02 06:00:00+00:00
[2022-05-02 04:34:50,810] {standard_task_runner.py:52} INFO - Started process 1681 to run task
[2022-05-02 04:34:50,860] {standard_task_runner.py:76} INFO - Running: ['***', 'tasks', 'run', 'YellowDataIngestionDag', 'upload_to_gcs_task', 'scheduled__2019-12-02T06:00:00+00:00', '--job-id', '197', '--raw', '--subdir', 'DAGS_FOLDER/ingest_yellow_green_fhv_zones_gcs_dag.py', '--cfg-path', '/tmp/tmpl4m8np4c', '--error-file', '/tmp/tmpni__toze']
[2022-05-02 04:34:50,876] {standard_task_runner.py:77} INFO - Job 197: Subtask upload_to_gcs_task
[2022-05-02 04:34:51,295] {logging_mixin.py:109} INFO - Running <TaskInstance: YellowDataIngestionDag.upload_to_gcs_task scheduled__2019-12-02T06:00:00+00:00 [running]> on host 8238bde88e59
[2022-05-02 04:34:51,595] {warnings.py:110} WARNING - /home/***/.local/lib/python3.7/site-packages/***/utils/context.py:152: AirflowContextDeprecationWarning: Accessing 'execution_date' from the template is deprecated and will be removed in a future version. Please use 'data_interval_start' or 'logical_date' instead.
  warnings.warn(_create_deprecation_warning(key, self._deprecation_replacements[key]))

[2022-05-02 04:34:51,736] {taskinstance.py:1426} INFO - Exporting the following env vars:
AIRFLOW_CTX_DAG_OWNER=***
AIRFLOW_CTX_DAG_ID=YellowDataIngestionDag
AIRFLOW_CTX_TASK_ID=upload_to_gcs_task
AIRFLOW_CTX_EXECUTION_DATE=2019-12-02T06:00:00+00:00
AIRFLOW_CTX_DAG_RUN_ID=scheduled__2019-12-02T06:00:00+00:00
[2022-05-02 04:34:51,742] {logging_mixin.py:109} INFO - Entered Upload to GCS DAG
[2022-05-02 04:34:59,526] {logging_mixin.py:109} INFO - Uploaded File to GCS
[2022-05-02 04:34:59,527] {python.py:175} INFO - Done. Returned value was: None
[2022-05-02 04:34:59,540] {taskinstance.py:1277} INFO - Marking task as SUCCESS. dag_id=YellowDataIngestionDag, task_id=upload_to_gcs_task, execution_date=20191202T060000, start_date=20220502T043450, end_date=20220502T043459
[2022-05-02 04:34:59,584] {local_task_job.py:154} INFO - Task exited with return code 0
[2022-05-02 04:34:59,625] {local_task_job.py:264} INFO - 1 downstream tasks scheduled from follow-on schedule check
