[2022-05-02 04:23:34,557] {taskinstance.py:1032} INFO - Dependencies all met for <TaskInstance: GreenDataIngestionDag.format_to_parquet_task scheduled__2019-04-02T07:00:00+00:00 [queued]>
[2022-05-02 04:23:34,647] {taskinstance.py:1032} INFO - Dependencies all met for <TaskInstance: GreenDataIngestionDag.format_to_parquet_task scheduled__2019-04-02T07:00:00+00:00 [queued]>
[2022-05-02 04:23:34,647] {taskinstance.py:1238} INFO - 
--------------------------------------------------------------------------------
[2022-05-02 04:23:34,647] {taskinstance.py:1239} INFO - Starting attempt 1 of 2
[2022-05-02 04:23:34,647] {taskinstance.py:1240} INFO - 
--------------------------------------------------------------------------------
[2022-05-02 04:23:34,699] {taskinstance.py:1259} INFO - Executing <Task(PythonOperator): format_to_parquet_task> on 2019-04-02 07:00:00+00:00
[2022-05-02 04:23:34,718] {standard_task_runner.py:52} INFO - Started process 434 to run task
[2022-05-02 04:23:34,746] {standard_task_runner.py:76} INFO - Running: ['***', 'tasks', 'run', 'GreenDataIngestionDag', 'format_to_parquet_task', 'scheduled__2019-04-02T07:00:00+00:00', '--job-id', '43', '--raw', '--subdir', 'DAGS_FOLDER/ingest_yellow_green_fhv_zones_gcs_dag.py', '--cfg-path', '/tmp/tmpa1dk8m0m', '--error-file', '/tmp/tmp5qz0hkcx']
[2022-05-02 04:23:34,750] {standard_task_runner.py:77} INFO - Job 43: Subtask format_to_parquet_task
[2022-05-02 04:23:34,907] {logging_mixin.py:109} INFO - Running <TaskInstance: GreenDataIngestionDag.format_to_parquet_task scheduled__2019-04-02T07:00:00+00:00 [running]> on host 8238bde88e59
[2022-05-02 04:23:35,058] {warnings.py:110} WARNING - /home/***/.local/lib/python3.7/site-packages/***/utils/context.py:152: AirflowContextDeprecationWarning: Accessing 'execution_date' from the template is deprecated and will be removed in a future version. Please use 'data_interval_start' or 'logical_date' instead.
  warnings.warn(_create_deprecation_warning(key, self._deprecation_replacements[key]))

[2022-05-02 04:23:35,157] {taskinstance.py:1426} INFO - Exporting the following env vars:
AIRFLOW_CTX_DAG_OWNER=***
AIRFLOW_CTX_DAG_ID=GreenDataIngestionDag
AIRFLOW_CTX_TASK_ID=format_to_parquet_task
AIRFLOW_CTX_EXECUTION_DATE=2019-04-02T07:00:00+00:00
AIRFLOW_CTX_DAG_RUN_ID=scheduled__2019-04-02T07:00:00+00:00
[2022-05-02 04:23:35,159] {logging_mixin.py:109} INFO - Entered Parquet format DAG
[2022-05-02 04:23:37,504] {logging_mixin.py:109} INFO - File converted to Parquet
[2022-05-02 04:23:37,506] {python.py:175} INFO - Done. Returned value was: None
[2022-05-02 04:23:37,538] {taskinstance.py:1277} INFO - Marking task as SUCCESS. dag_id=GreenDataIngestionDag, task_id=format_to_parquet_task, execution_date=20190402T070000, start_date=20220502T042334, end_date=20220502T042337
[2022-05-02 04:23:37,651] {local_task_job.py:154} INFO - Task exited with return code 0
[2022-05-02 04:23:37,748] {local_task_job.py:264} INFO - 1 downstream tasks scheduled from follow-on schedule check
