[2022-05-02 04:37:31,271] {taskinstance.py:1032} INFO - Dependencies all met for <TaskInstance: YellowDataIngestionDag.upload_to_gcs_task scheduled__2020-03-02T06:00:00+00:00 [queued]>
[2022-05-02 04:37:31,285] {taskinstance.py:1032} INFO - Dependencies all met for <TaskInstance: YellowDataIngestionDag.upload_to_gcs_task scheduled__2020-03-02T06:00:00+00:00 [queued]>
[2022-05-02 04:37:31,285] {taskinstance.py:1238} INFO - 
--------------------------------------------------------------------------------
[2022-05-02 04:37:31,285] {taskinstance.py:1239} INFO - Starting attempt 1 of 2
[2022-05-02 04:37:31,285] {taskinstance.py:1240} INFO - 
--------------------------------------------------------------------------------
[2022-05-02 04:37:31,303] {taskinstance.py:1259} INFO - Executing <Task(PythonOperator): upload_to_gcs_task> on 2020-03-02 06:00:00+00:00
[2022-05-02 04:37:31,309] {standard_task_runner.py:52} INFO - Started process 1846 to run task
[2022-05-02 04:37:31,316] {standard_task_runner.py:76} INFO - Running: ['***', 'tasks', 'run', 'YellowDataIngestionDag', 'upload_to_gcs_task', 'scheduled__2020-03-02T06:00:00+00:00', '--job-id', '209', '--raw', '--subdir', 'DAGS_FOLDER/ingest_yellow_green_fhv_zones_gcs_dag.py', '--cfg-path', '/tmp/tmp6ih58qbt', '--error-file', '/tmp/tmp36_0zv4q']
[2022-05-02 04:37:31,317] {standard_task_runner.py:77} INFO - Job 209: Subtask upload_to_gcs_task
[2022-05-02 04:37:31,405] {logging_mixin.py:109} INFO - Running <TaskInstance: YellowDataIngestionDag.upload_to_gcs_task scheduled__2020-03-02T06:00:00+00:00 [running]> on host 8238bde88e59
[2022-05-02 04:37:31,496] {warnings.py:110} WARNING - /home/***/.local/lib/python3.7/site-packages/***/utils/context.py:152: AirflowContextDeprecationWarning: Accessing 'execution_date' from the template is deprecated and will be removed in a future version. Please use 'data_interval_start' or 'logical_date' instead.
  warnings.warn(_create_deprecation_warning(key, self._deprecation_replacements[key]))

[2022-05-02 04:37:31,539] {taskinstance.py:1426} INFO - Exporting the following env vars:
AIRFLOW_CTX_DAG_OWNER=***
AIRFLOW_CTX_DAG_ID=YellowDataIngestionDag
AIRFLOW_CTX_TASK_ID=upload_to_gcs_task
AIRFLOW_CTX_EXECUTION_DATE=2020-03-02T06:00:00+00:00
AIRFLOW_CTX_DAG_RUN_ID=scheduled__2020-03-02T06:00:00+00:00
[2022-05-02 04:37:31,540] {logging_mixin.py:109} INFO - Entered Upload to GCS DAG
[2022-05-02 04:37:34,817] {logging_mixin.py:109} INFO - Uploaded File to GCS
[2022-05-02 04:37:34,818] {python.py:175} INFO - Done. Returned value was: None
[2022-05-02 04:37:34,832] {taskinstance.py:1277} INFO - Marking task as SUCCESS. dag_id=YellowDataIngestionDag, task_id=upload_to_gcs_task, execution_date=20200302T060000, start_date=20220502T043731, end_date=20220502T043734
[2022-05-02 04:37:34,863] {local_task_job.py:154} INFO - Task exited with return code 0
[2022-05-02 04:37:34,921] {local_task_job.py:264} INFO - 0 downstream tasks scheduled from follow-on schedule check
