[2022-05-02 04:29:25,388] {taskinstance.py:1032} INFO - Dependencies all met for <TaskInstance: YellowDataIngestionDag.format_to_parquet_task scheduled__2019-07-02T06:00:00+00:00 [queued]>
[2022-05-02 04:29:25,403] {taskinstance.py:1032} INFO - Dependencies all met for <TaskInstance: YellowDataIngestionDag.format_to_parquet_task scheduled__2019-07-02T06:00:00+00:00 [queued]>
[2022-05-02 04:29:25,403] {taskinstance.py:1238} INFO - 
--------------------------------------------------------------------------------
[2022-05-02 04:29:25,403] {taskinstance.py:1239} INFO - Starting attempt 1 of 2
[2022-05-02 04:29:25,403] {taskinstance.py:1240} INFO - 
--------------------------------------------------------------------------------
[2022-05-02 04:29:25,417] {taskinstance.py:1259} INFO - Executing <Task(PythonOperator): format_to_parquet_task> on 2019-07-02 06:00:00+00:00
[2022-05-02 04:29:25,422] {standard_task_runner.py:52} INFO - Started process 1339 to run task
[2022-05-02 04:29:25,428] {standard_task_runner.py:76} INFO - Running: ['***', 'tasks', 'run', 'YellowDataIngestionDag', 'format_to_parquet_task', 'scheduled__2019-07-02T06:00:00+00:00', '--job-id', '176', '--raw', '--subdir', 'DAGS_FOLDER/ingest_yellow_green_fhv_zones_gcs_dag.py', '--cfg-path', '/tmp/tmpgbre115w', '--error-file', '/tmp/tmpmt4_dst1']
[2022-05-02 04:29:25,429] {standard_task_runner.py:77} INFO - Job 176: Subtask format_to_parquet_task
[2022-05-02 04:29:25,509] {logging_mixin.py:109} INFO - Running <TaskInstance: YellowDataIngestionDag.format_to_parquet_task scheduled__2019-07-02T06:00:00+00:00 [running]> on host 8238bde88e59
[2022-05-02 04:29:25,565] {warnings.py:110} WARNING - /home/***/.local/lib/python3.7/site-packages/***/utils/context.py:152: AirflowContextDeprecationWarning: Accessing 'execution_date' from the template is deprecated and will be removed in a future version. Please use 'data_interval_start' or 'logical_date' instead.
  warnings.warn(_create_deprecation_warning(key, self._deprecation_replacements[key]))

[2022-05-02 04:29:25,595] {taskinstance.py:1426} INFO - Exporting the following env vars:
AIRFLOW_CTX_DAG_OWNER=***
AIRFLOW_CTX_DAG_ID=YellowDataIngestionDag
AIRFLOW_CTX_TASK_ID=format_to_parquet_task
AIRFLOW_CTX_EXECUTION_DATE=2019-07-02T06:00:00+00:00
AIRFLOW_CTX_DAG_RUN_ID=scheduled__2019-07-02T06:00:00+00:00
[2022-05-02 04:29:25,596] {logging_mixin.py:109} INFO - Entered Parquet format DAG
[2022-05-02 04:29:31,262] {logging_mixin.py:109} INFO - File converted to Parquet
[2022-05-02 04:29:31,366] {python.py:175} INFO - Done. Returned value was: None
[2022-05-02 04:29:31,382] {taskinstance.py:1277} INFO - Marking task as SUCCESS. dag_id=YellowDataIngestionDag, task_id=format_to_parquet_task, execution_date=20190702T060000, start_date=20220502T042925, end_date=20220502T042931
[2022-05-02 04:29:31,541] {local_task_job.py:154} INFO - Task exited with return code 0
[2022-05-02 04:29:31,600] {local_task_job.py:264} INFO - 1 downstream tasks scheduled from follow-on schedule check
