[2022-05-02 04:38:55,866] {taskinstance.py:1032} INFO - Dependencies all met for <TaskInstance: YellowDataIngestionDag.upload_to_gcs_task scheduled__2020-06-02T06:00:00+00:00 [queued]>
[2022-05-02 04:38:55,880] {taskinstance.py:1032} INFO - Dependencies all met for <TaskInstance: YellowDataIngestionDag.upload_to_gcs_task scheduled__2020-06-02T06:00:00+00:00 [queued]>
[2022-05-02 04:38:55,880] {taskinstance.py:1238} INFO - 
--------------------------------------------------------------------------------
[2022-05-02 04:38:55,880] {taskinstance.py:1239} INFO - Starting attempt 1 of 2
[2022-05-02 04:38:55,880] {taskinstance.py:1240} INFO - 
--------------------------------------------------------------------------------
[2022-05-02 04:38:55,894] {taskinstance.py:1259} INFO - Executing <Task(PythonOperator): upload_to_gcs_task> on 2020-06-02 06:00:00+00:00
[2022-05-02 04:38:55,900] {standard_task_runner.py:52} INFO - Started process 1964 to run task
[2022-05-02 04:38:55,905] {standard_task_runner.py:76} INFO - Running: ['***', 'tasks', 'run', 'YellowDataIngestionDag', 'upload_to_gcs_task', 'scheduled__2020-06-02T06:00:00+00:00', '--job-id', '221', '--raw', '--subdir', 'DAGS_FOLDER/ingest_yellow_green_fhv_zones_gcs_dag.py', '--cfg-path', '/tmp/tmpry5mztmu', '--error-file', '/tmp/tmp9tsu2xz6']
[2022-05-02 04:38:55,906] {standard_task_runner.py:77} INFO - Job 221: Subtask upload_to_gcs_task
[2022-05-02 04:38:55,983] {logging_mixin.py:109} INFO - Running <TaskInstance: YellowDataIngestionDag.upload_to_gcs_task scheduled__2020-06-02T06:00:00+00:00 [running]> on host 8238bde88e59
[2022-05-02 04:38:56,037] {warnings.py:110} WARNING - /home/***/.local/lib/python3.7/site-packages/***/utils/context.py:152: AirflowContextDeprecationWarning: Accessing 'execution_date' from the template is deprecated and will be removed in a future version. Please use 'data_interval_start' or 'logical_date' instead.
  warnings.warn(_create_deprecation_warning(key, self._deprecation_replacements[key]))

[2022-05-02 04:38:56,063] {taskinstance.py:1426} INFO - Exporting the following env vars:
AIRFLOW_CTX_DAG_OWNER=***
AIRFLOW_CTX_DAG_ID=YellowDataIngestionDag
AIRFLOW_CTX_TASK_ID=upload_to_gcs_task
AIRFLOW_CTX_EXECUTION_DATE=2020-06-02T06:00:00+00:00
AIRFLOW_CTX_DAG_RUN_ID=scheduled__2020-06-02T06:00:00+00:00
[2022-05-02 04:38:56,064] {logging_mixin.py:109} INFO - Entered Upload to GCS DAG
[2022-05-02 04:38:58,317] {logging_mixin.py:109} INFO - Uploaded File to GCS
[2022-05-02 04:38:58,317] {python.py:175} INFO - Done. Returned value was: None
[2022-05-02 04:38:58,332] {taskinstance.py:1277} INFO - Marking task as SUCCESS. dag_id=YellowDataIngestionDag, task_id=upload_to_gcs_task, execution_date=20200602T060000, start_date=20220502T043855, end_date=20220502T043858
[2022-05-02 04:38:58,367] {local_task_job.py:154} INFO - Task exited with return code 0
[2022-05-02 04:38:58,409] {local_task_job.py:264} INFO - 1 downstream tasks scheduled from follow-on schedule check
