[2022-05-02 04:33:32,515] {taskinstance.py:1032} INFO - Dependencies all met for <TaskInstance: YellowDataIngestionDag.format_to_parquet_task scheduled__2019-11-02T06:00:00+00:00 [queued]>
[2022-05-02 04:33:32,531] {taskinstance.py:1032} INFO - Dependencies all met for <TaskInstance: YellowDataIngestionDag.format_to_parquet_task scheduled__2019-11-02T06:00:00+00:00 [queued]>
[2022-05-02 04:33:32,531] {taskinstance.py:1238} INFO - 
--------------------------------------------------------------------------------
[2022-05-02 04:33:32,531] {taskinstance.py:1239} INFO - Starting attempt 1 of 2
[2022-05-02 04:33:32,531] {taskinstance.py:1240} INFO - 
--------------------------------------------------------------------------------
[2022-05-02 04:33:32,546] {taskinstance.py:1259} INFO - Executing <Task(PythonOperator): format_to_parquet_task> on 2019-11-02 06:00:00+00:00
[2022-05-02 04:33:32,552] {standard_task_runner.py:52} INFO - Started process 1593 to run task
[2022-05-02 04:33:32,560] {standard_task_runner.py:76} INFO - Running: ['***', 'tasks', 'run', 'YellowDataIngestionDag', 'format_to_parquet_task', 'scheduled__2019-11-02T06:00:00+00:00', '--job-id', '192', '--raw', '--subdir', 'DAGS_FOLDER/ingest_yellow_green_fhv_zones_gcs_dag.py', '--cfg-path', '/tmp/tmpzpilj7n6', '--error-file', '/tmp/tmpecdqhbt1']
[2022-05-02 04:33:32,561] {standard_task_runner.py:77} INFO - Job 192: Subtask format_to_parquet_task
[2022-05-02 04:33:32,647] {logging_mixin.py:109} INFO - Running <TaskInstance: YellowDataIngestionDag.format_to_parquet_task scheduled__2019-11-02T06:00:00+00:00 [running]> on host 8238bde88e59
[2022-05-02 04:33:32,699] {warnings.py:110} WARNING - /home/***/.local/lib/python3.7/site-packages/***/utils/context.py:152: AirflowContextDeprecationWarning: Accessing 'execution_date' from the template is deprecated and will be removed in a future version. Please use 'data_interval_start' or 'logical_date' instead.
  warnings.warn(_create_deprecation_warning(key, self._deprecation_replacements[key]))

[2022-05-02 04:33:32,725] {taskinstance.py:1426} INFO - Exporting the following env vars:
AIRFLOW_CTX_DAG_OWNER=***
AIRFLOW_CTX_DAG_ID=YellowDataIngestionDag
AIRFLOW_CTX_TASK_ID=format_to_parquet_task
AIRFLOW_CTX_EXECUTION_DATE=2019-11-02T06:00:00+00:00
AIRFLOW_CTX_DAG_RUN_ID=scheduled__2019-11-02T06:00:00+00:00
[2022-05-02 04:33:32,726] {logging_mixin.py:109} INFO - Entered Parquet format DAG
[2022-05-02 04:33:39,123] {logging_mixin.py:109} INFO - File converted to Parquet
[2022-05-02 04:33:39,226] {python.py:175} INFO - Done. Returned value was: None
[2022-05-02 04:33:39,242] {taskinstance.py:1277} INFO - Marking task as SUCCESS. dag_id=YellowDataIngestionDag, task_id=format_to_parquet_task, execution_date=20191102T060000, start_date=20220502T043332, end_date=20220502T043339
[2022-05-02 04:33:39,445] {local_task_job.py:154} INFO - Task exited with return code 0
[2022-05-02 04:33:39,511] {local_task_job.py:264} INFO - 0 downstream tasks scheduled from follow-on schedule check
