[2022-05-02 04:27:04,549] {taskinstance.py:1032} INFO - Dependencies all met for <TaskInstance: YellowDataIngestionDag.download_dataset_task scheduled__2019-05-02T06:00:00+00:00 [queued]>
[2022-05-02 04:27:04,562] {taskinstance.py:1032} INFO - Dependencies all met for <TaskInstance: YellowDataIngestionDag.download_dataset_task scheduled__2019-05-02T06:00:00+00:00 [queued]>
[2022-05-02 04:27:04,562] {taskinstance.py:1238} INFO - 
--------------------------------------------------------------------------------
[2022-05-02 04:27:04,562] {taskinstance.py:1239} INFO - Starting attempt 1 of 2
[2022-05-02 04:27:04,562] {taskinstance.py:1240} INFO - 
--------------------------------------------------------------------------------
[2022-05-02 04:27:04,579] {taskinstance.py:1259} INFO - Executing <Task(BashOperator): download_dataset_task> on 2019-05-02 06:00:00+00:00
[2022-05-02 04:27:04,585] {standard_task_runner.py:52} INFO - Started process 1197 to run task
[2022-05-02 04:27:04,591] {standard_task_runner.py:76} INFO - Running: ['***', 'tasks', 'run', 'YellowDataIngestionDag', 'download_dataset_task', 'scheduled__2019-05-02T06:00:00+00:00', '--job-id', '167', '--raw', '--subdir', 'DAGS_FOLDER/ingest_yellow_green_fhv_zones_gcs_dag.py', '--cfg-path', '/tmp/tmplebd99__', '--error-file', '/tmp/tmpsxuv82_k']
[2022-05-02 04:27:04,592] {standard_task_runner.py:77} INFO - Job 167: Subtask download_dataset_task
[2022-05-02 04:27:04,675] {logging_mixin.py:109} INFO - Running <TaskInstance: YellowDataIngestionDag.download_dataset_task scheduled__2019-05-02T06:00:00+00:00 [running]> on host 8238bde88e59
[2022-05-02 04:27:04,729] {warnings.py:110} WARNING - /home/***/.local/lib/python3.7/site-packages/***/utils/context.py:152: AirflowContextDeprecationWarning: Accessing 'execution_date' from the template is deprecated and will be removed in a future version. Please use 'data_interval_start' or 'logical_date' instead.
  warnings.warn(_create_deprecation_warning(key, self._deprecation_replacements[key]))

[2022-05-02 04:27:04,753] {taskinstance.py:1426} INFO - Exporting the following env vars:
AIRFLOW_CTX_DAG_OWNER=***
AIRFLOW_CTX_DAG_ID=YellowDataIngestionDag
AIRFLOW_CTX_TASK_ID=download_dataset_task
AIRFLOW_CTX_EXECUTION_DATE=2019-05-02T06:00:00+00:00
AIRFLOW_CTX_DAG_RUN_ID=scheduled__2019-05-02T06:00:00+00:00
[2022-05-02 04:27:04,754] {subprocess.py:62} INFO - Tmp dir root location: 
 /tmp
[2022-05-02 04:27:04,755] {subprocess.py:74} INFO - Running command: ['bash', '-c', 'curl -sSLf https://s3.amazonaws.com/nyc-tlc/trip+data/yellow_tripdata_2019-05.csv > /opt/***/yellow_taxi_2019-05.csv']
[2022-05-02 04:27:04,768] {subprocess.py:85} INFO - Output:
[2022-05-02 04:27:25,298] {subprocess.py:93} INFO - Command exited with return code 0
[2022-05-02 04:27:25,332] {taskinstance.py:1277} INFO - Marking task as SUCCESS. dag_id=YellowDataIngestionDag, task_id=download_dataset_task, execution_date=20190502T060000, start_date=20220502T042704, end_date=20220502T042725
[2022-05-02 04:27:25,378] {local_task_job.py:154} INFO - Task exited with return code 0
[2022-05-02 04:27:25,430] {local_task_job.py:264} INFO - 1 downstream tasks scheduled from follow-on schedule check
