[2022-05-02 04:23:39,392] {taskinstance.py:1032} INFO - Dependencies all met for <TaskInstance: GreenDataIngestionDag.upload_to_gcs_task scheduled__2019-05-02T07:00:00+00:00 [queued]>
[2022-05-02 04:23:39,450] {taskinstance.py:1032} INFO - Dependencies all met for <TaskInstance: GreenDataIngestionDag.upload_to_gcs_task scheduled__2019-05-02T07:00:00+00:00 [queued]>
[2022-05-02 04:23:39,450] {taskinstance.py:1238} INFO - 
--------------------------------------------------------------------------------
[2022-05-02 04:23:39,450] {taskinstance.py:1239} INFO - Starting attempt 1 of 2
[2022-05-02 04:23:39,450] {taskinstance.py:1240} INFO - 
--------------------------------------------------------------------------------
[2022-05-02 04:23:39,498] {taskinstance.py:1259} INFO - Executing <Task(PythonOperator): upload_to_gcs_task> on 2019-05-02 07:00:00+00:00
[2022-05-02 04:23:39,521] {standard_task_runner.py:52} INFO - Started process 461 to run task
[2022-05-02 04:23:39,542] {standard_task_runner.py:76} INFO - Running: ['***', 'tasks', 'run', 'GreenDataIngestionDag', 'upload_to_gcs_task', 'scheduled__2019-05-02T07:00:00+00:00', '--job-id', '48', '--raw', '--subdir', 'DAGS_FOLDER/ingest_yellow_green_fhv_zones_gcs_dag.py', '--cfg-path', '/tmp/tmpy_y1mibf', '--error-file', '/tmp/tmp10dw9rsv']
[2022-05-02 04:23:39,551] {standard_task_runner.py:77} INFO - Job 48: Subtask upload_to_gcs_task
[2022-05-02 04:23:39,744] {logging_mixin.py:109} INFO - Running <TaskInstance: GreenDataIngestionDag.upload_to_gcs_task scheduled__2019-05-02T07:00:00+00:00 [running]> on host 8238bde88e59
[2022-05-02 04:23:39,995] {warnings.py:110} WARNING - /home/***/.local/lib/python3.7/site-packages/***/utils/context.py:152: AirflowContextDeprecationWarning: Accessing 'execution_date' from the template is deprecated and will be removed in a future version. Please use 'data_interval_start' or 'logical_date' instead.
  warnings.warn(_create_deprecation_warning(key, self._deprecation_replacements[key]))

[2022-05-02 04:23:40,087] {taskinstance.py:1426} INFO - Exporting the following env vars:
AIRFLOW_CTX_DAG_OWNER=***
AIRFLOW_CTX_DAG_ID=GreenDataIngestionDag
AIRFLOW_CTX_TASK_ID=upload_to_gcs_task
AIRFLOW_CTX_EXECUTION_DATE=2019-05-02T07:00:00+00:00
AIRFLOW_CTX_DAG_RUN_ID=scheduled__2019-05-02T07:00:00+00:00
[2022-05-02 04:23:40,088] {logging_mixin.py:109} INFO - Entered Upload to GCS DAG
[2022-05-02 04:23:42,377] {logging_mixin.py:109} INFO - Uploaded File to GCS
[2022-05-02 04:23:42,377] {python.py:175} INFO - Done. Returned value was: None
[2022-05-02 04:23:42,398] {taskinstance.py:1277} INFO - Marking task as SUCCESS. dag_id=GreenDataIngestionDag, task_id=upload_to_gcs_task, execution_date=20190502T070000, start_date=20220502T042339, end_date=20220502T042342
[2022-05-02 04:23:42,451] {local_task_job.py:154} INFO - Task exited with return code 0
[2022-05-02 04:23:42,495] {local_task_job.py:264} INFO - 1 downstream tasks scheduled from follow-on schedule check
