[2022-05-02 04:39:20,167] {taskinstance.py:1032} INFO - Dependencies all met for <TaskInstance: YellowDataIngestionDag.download_dataset_task scheduled__2020-07-02T06:00:00+00:00 [queued]>
[2022-05-02 04:39:20,183] {taskinstance.py:1032} INFO - Dependencies all met for <TaskInstance: YellowDataIngestionDag.download_dataset_task scheduled__2020-07-02T06:00:00+00:00 [queued]>
[2022-05-02 04:39:20,183] {taskinstance.py:1238} INFO - 
--------------------------------------------------------------------------------
[2022-05-02 04:39:20,183] {taskinstance.py:1239} INFO - Starting attempt 1 of 2
[2022-05-02 04:39:20,183] {taskinstance.py:1240} INFO - 
--------------------------------------------------------------------------------
[2022-05-02 04:39:20,200] {taskinstance.py:1259} INFO - Executing <Task(BashOperator): download_dataset_task> on 2020-07-02 06:00:00+00:00
[2022-05-02 04:39:20,205] {standard_task_runner.py:52} INFO - Started process 1989 to run task
[2022-05-02 04:39:20,210] {standard_task_runner.py:76} INFO - Running: ['***', 'tasks', 'run', 'YellowDataIngestionDag', 'download_dataset_task', 'scheduled__2020-07-02T06:00:00+00:00', '--job-id', '223', '--raw', '--subdir', 'DAGS_FOLDER/ingest_yellow_green_fhv_zones_gcs_dag.py', '--cfg-path', '/tmp/tmpcil_plw8', '--error-file', '/tmp/tmp87rxxlb0']
[2022-05-02 04:39:20,211] {standard_task_runner.py:77} INFO - Job 223: Subtask download_dataset_task
[2022-05-02 04:39:20,291] {logging_mixin.py:109} INFO - Running <TaskInstance: YellowDataIngestionDag.download_dataset_task scheduled__2020-07-02T06:00:00+00:00 [running]> on host 8238bde88e59
[2022-05-02 04:39:20,358] {warnings.py:110} WARNING - /home/***/.local/lib/python3.7/site-packages/***/utils/context.py:152: AirflowContextDeprecationWarning: Accessing 'execution_date' from the template is deprecated and will be removed in a future version. Please use 'data_interval_start' or 'logical_date' instead.
  warnings.warn(_create_deprecation_warning(key, self._deprecation_replacements[key]))

[2022-05-02 04:39:20,384] {taskinstance.py:1426} INFO - Exporting the following env vars:
AIRFLOW_CTX_DAG_OWNER=***
AIRFLOW_CTX_DAG_ID=YellowDataIngestionDag
AIRFLOW_CTX_TASK_ID=download_dataset_task
AIRFLOW_CTX_EXECUTION_DATE=2020-07-02T06:00:00+00:00
AIRFLOW_CTX_DAG_RUN_ID=scheduled__2020-07-02T06:00:00+00:00
[2022-05-02 04:39:20,385] {subprocess.py:62} INFO - Tmp dir root location: 
 /tmp
[2022-05-02 04:39:20,386] {subprocess.py:74} INFO - Running command: ['bash', '-c', 'curl -sSLf https://s3.amazonaws.com/nyc-tlc/trip+data/yellow_tripdata_2020-07.csv > /opt/***/yellow_taxi_2020-07.csv']
[2022-05-02 04:39:20,398] {subprocess.py:85} INFO - Output:
[2022-05-02 04:39:23,979] {subprocess.py:93} INFO - Command exited with return code 0
[2022-05-02 04:39:24,012] {taskinstance.py:1277} INFO - Marking task as SUCCESS. dag_id=YellowDataIngestionDag, task_id=download_dataset_task, execution_date=20200702T060000, start_date=20220502T043920, end_date=20220502T043924
[2022-05-02 04:39:24,038] {local_task_job.py:154} INFO - Task exited with return code 0
[2022-05-02 04:39:24,089] {local_task_job.py:264} INFO - 1 downstream tasks scheduled from follow-on schedule check
