[2022-05-02 04:23:24,564] {taskinstance.py:1032} INFO - Dependencies all met for <TaskInstance: FHVDataIngestionDag.format_to_parquet_task scheduled__2019-04-02T08:00:00+00:00 [queued]>
[2022-05-02 04:23:24,586] {taskinstance.py:1032} INFO - Dependencies all met for <TaskInstance: FHVDataIngestionDag.format_to_parquet_task scheduled__2019-04-02T08:00:00+00:00 [queued]>
[2022-05-02 04:23:24,586] {taskinstance.py:1238} INFO - 
--------------------------------------------------------------------------------
[2022-05-02 04:23:24,587] {taskinstance.py:1239} INFO - Starting attempt 1 of 2
[2022-05-02 04:23:24,587] {taskinstance.py:1240} INFO - 
--------------------------------------------------------------------------------
[2022-05-02 04:23:24,606] {taskinstance.py:1259} INFO - Executing <Task(PythonOperator): format_to_parquet_task> on 2019-04-02 08:00:00+00:00
[2022-05-02 04:23:24,612] {standard_task_runner.py:52} INFO - Started process 365 to run task
[2022-05-02 04:23:24,621] {standard_task_runner.py:76} INFO - Running: ['***', 'tasks', 'run', 'FHVDataIngestionDag', 'format_to_parquet_task', 'scheduled__2019-04-02T08:00:00+00:00', '--job-id', '33', '--raw', '--subdir', 'DAGS_FOLDER/ingest_yellow_green_fhv_zones_gcs_dag.py', '--cfg-path', '/tmp/tmp_j994pdm', '--error-file', '/tmp/tmp_gh5qye7']
[2022-05-02 04:23:24,622] {standard_task_runner.py:77} INFO - Job 33: Subtask format_to_parquet_task
[2022-05-02 04:23:24,727] {logging_mixin.py:109} INFO - Running <TaskInstance: FHVDataIngestionDag.format_to_parquet_task scheduled__2019-04-02T08:00:00+00:00 [running]> on host 8238bde88e59
[2022-05-02 04:23:24,788] {warnings.py:110} WARNING - /home/***/.local/lib/python3.7/site-packages/***/utils/context.py:152: AirflowContextDeprecationWarning: Accessing 'execution_date' from the template is deprecated and will be removed in a future version. Please use 'data_interval_start' or 'logical_date' instead.
  warnings.warn(_create_deprecation_warning(key, self._deprecation_replacements[key]))

[2022-05-02 04:23:24,824] {taskinstance.py:1426} INFO - Exporting the following env vars:
AIRFLOW_CTX_DAG_OWNER=***
AIRFLOW_CTX_DAG_ID=FHVDataIngestionDag
AIRFLOW_CTX_TASK_ID=format_to_parquet_task
AIRFLOW_CTX_EXECUTION_DATE=2019-04-02T08:00:00+00:00
AIRFLOW_CTX_DAG_RUN_ID=scheduled__2019-04-02T08:00:00+00:00
[2022-05-02 04:23:24,825] {logging_mixin.py:109} INFO - Entered Parquet format DAG
[2022-05-02 04:23:26,852] {logging_mixin.py:109} INFO - File converted to Parquet
[2022-05-02 04:23:26,858] {python.py:175} INFO - Done. Returned value was: None
[2022-05-02 04:23:26,918] {taskinstance.py:1277} INFO - Marking task as SUCCESS. dag_id=FHVDataIngestionDag, task_id=format_to_parquet_task, execution_date=20190402T080000, start_date=20220502T042324, end_date=20220502T042326
[2022-05-02 04:23:27,031] {local_task_job.py:154} INFO - Task exited with return code 0
[2022-05-02 04:23:27,139] {local_task_job.py:264} INFO - 1 downstream tasks scheduled from follow-on schedule check
