[2022-05-02 04:23:18,179] {taskinstance.py:1032} INFO - Dependencies all met for <TaskInstance: FHVDataIngestionDag.download_dataset_task scheduled__2019-05-02T08:00:00+00:00 [queued]>
[2022-05-02 04:23:18,193] {taskinstance.py:1032} INFO - Dependencies all met for <TaskInstance: FHVDataIngestionDag.download_dataset_task scheduled__2019-05-02T08:00:00+00:00 [queued]>
[2022-05-02 04:23:18,193] {taskinstance.py:1238} INFO - 
--------------------------------------------------------------------------------
[2022-05-02 04:23:18,193] {taskinstance.py:1239} INFO - Starting attempt 1 of 2
[2022-05-02 04:23:18,193] {taskinstance.py:1240} INFO - 
--------------------------------------------------------------------------------
[2022-05-02 04:23:18,325] {taskinstance.py:1259} INFO - Executing <Task(BashOperator): download_dataset_task> on 2019-05-02 08:00:00+00:00
[2022-05-02 04:23:18,350] {standard_task_runner.py:52} INFO - Started process 348 to run task
[2022-05-02 04:23:18,369] {standard_task_runner.py:76} INFO - Running: ['***', 'tasks', 'run', 'FHVDataIngestionDag', 'download_dataset_task', 'scheduled__2019-05-02T08:00:00+00:00', '--job-id', '31', '--raw', '--subdir', 'DAGS_FOLDER/ingest_yellow_green_fhv_zones_gcs_dag.py', '--cfg-path', '/tmp/tmpez2dykmz', '--error-file', '/tmp/tmpypodqhs7']
[2022-05-02 04:23:18,371] {standard_task_runner.py:77} INFO - Job 31: Subtask download_dataset_task
[2022-05-02 04:23:18,784] {logging_mixin.py:109} INFO - Running <TaskInstance: FHVDataIngestionDag.download_dataset_task scheduled__2019-05-02T08:00:00+00:00 [running]> on host 8238bde88e59
[2022-05-02 04:23:18,838] {warnings.py:110} WARNING - /home/***/.local/lib/python3.7/site-packages/***/utils/context.py:152: AirflowContextDeprecationWarning: Accessing 'execution_date' from the template is deprecated and will be removed in a future version. Please use 'data_interval_start' or 'logical_date' instead.
  warnings.warn(_create_deprecation_warning(key, self._deprecation_replacements[key]))

[2022-05-02 04:23:18,861] {taskinstance.py:1426} INFO - Exporting the following env vars:
AIRFLOW_CTX_DAG_OWNER=***
AIRFLOW_CTX_DAG_ID=FHVDataIngestionDag
AIRFLOW_CTX_TASK_ID=download_dataset_task
AIRFLOW_CTX_EXECUTION_DATE=2019-05-02T08:00:00+00:00
AIRFLOW_CTX_DAG_RUN_ID=scheduled__2019-05-02T08:00:00+00:00
[2022-05-02 04:23:18,863] {subprocess.py:62} INFO - Tmp dir root location: 
 /tmp
[2022-05-02 04:23:18,863] {subprocess.py:74} INFO - Running command: ['bash', '-c', 'curl -sSLf https://s3.amazonaws.com/nyc-tlc/trip+data/fhv_tripdata_2019-05.csv > /opt/***/fhv_2019-05.csv']
[2022-05-02 04:23:18,877] {subprocess.py:85} INFO - Output:
[2022-05-02 04:23:23,706] {subprocess.py:93} INFO - Command exited with return code 0
[2022-05-02 04:23:23,739] {taskinstance.py:1277} INFO - Marking task as SUCCESS. dag_id=FHVDataIngestionDag, task_id=download_dataset_task, execution_date=20190502T080000, start_date=20220502T042318, end_date=20220502T042323
[2022-05-02 04:23:23,777] {local_task_job.py:154} INFO - Task exited with return code 0
[2022-05-02 04:23:23,835] {local_task_job.py:264} INFO - 1 downstream tasks scheduled from follow-on schedule check
