[2022-05-02 04:24:14,372] {taskinstance.py:1032} INFO - Dependencies all met for <TaskInstance: FHVDataIngestionDag.rm_csv_parquet_task scheduled__2019-07-02T08:00:00+00:00 [queued]>
[2022-05-02 04:24:14,390] {taskinstance.py:1032} INFO - Dependencies all met for <TaskInstance: FHVDataIngestionDag.rm_csv_parquet_task scheduled__2019-07-02T08:00:00+00:00 [queued]>
[2022-05-02 04:24:14,390] {taskinstance.py:1238} INFO - 
--------------------------------------------------------------------------------
[2022-05-02 04:24:14,390] {taskinstance.py:1239} INFO - Starting attempt 1 of 2
[2022-05-02 04:24:14,391] {taskinstance.py:1240} INFO - 
--------------------------------------------------------------------------------
[2022-05-02 04:24:14,411] {taskinstance.py:1259} INFO - Executing <Task(BashOperator): rm_csv_parquet_task> on 2019-07-02 08:00:00+00:00
[2022-05-02 04:24:14,417] {standard_task_runner.py:52} INFO - Started process 612 to run task
[2022-05-02 04:24:14,423] {standard_task_runner.py:76} INFO - Running: ['***', 'tasks', 'run', 'FHVDataIngestionDag', 'rm_csv_parquet_task', 'scheduled__2019-07-02T08:00:00+00:00', '--job-id', '75', '--raw', '--subdir', 'DAGS_FOLDER/ingest_yellow_green_fhv_zones_gcs_dag.py', '--cfg-path', '/tmp/tmpoys9k__u', '--error-file', '/tmp/tmpy8a4yyd6']
[2022-05-02 04:24:14,424] {standard_task_runner.py:77} INFO - Job 75: Subtask rm_csv_parquet_task
[2022-05-02 04:24:14,546] {logging_mixin.py:109} INFO - Running <TaskInstance: FHVDataIngestionDag.rm_csv_parquet_task scheduled__2019-07-02T08:00:00+00:00 [running]> on host 8238bde88e59
[2022-05-02 04:24:14,608] {warnings.py:110} WARNING - /home/***/.local/lib/python3.7/site-packages/***/utils/context.py:152: AirflowContextDeprecationWarning: Accessing 'execution_date' from the template is deprecated and will be removed in a future version. Please use 'data_interval_start' or 'logical_date' instead.
  warnings.warn(_create_deprecation_warning(key, self._deprecation_replacements[key]))

[2022-05-02 04:24:14,632] {taskinstance.py:1426} INFO - Exporting the following env vars:
AIRFLOW_CTX_DAG_OWNER=***
AIRFLOW_CTX_DAG_ID=FHVDataIngestionDag
AIRFLOW_CTX_TASK_ID=rm_csv_parquet_task
AIRFLOW_CTX_EXECUTION_DATE=2019-07-02T08:00:00+00:00
AIRFLOW_CTX_DAG_RUN_ID=scheduled__2019-07-02T08:00:00+00:00
[2022-05-02 04:24:14,634] {subprocess.py:62} INFO - Tmp dir root location: 
 /tmp
[2022-05-02 04:24:14,635] {subprocess.py:74} INFO - Running command: ['bash', '-c', 'rm /opt/***/fhv_2019-07.csv /opt/***/fhv_2019-07.parquet']
[2022-05-02 04:24:14,646] {subprocess.py:85} INFO - Output:
[2022-05-02 04:24:14,675] {subprocess.py:93} INFO - Command exited with return code 0
[2022-05-02 04:24:14,710] {taskinstance.py:1277} INFO - Marking task as SUCCESS. dag_id=FHVDataIngestionDag, task_id=rm_csv_parquet_task, execution_date=20190702T080000, start_date=20220502T042414, end_date=20220502T042414
[2022-05-02 04:24:14,758] {local_task_job.py:154} INFO - Task exited with return code 0
[2022-05-02 04:24:14,798] {local_task_job.py:264} INFO - 0 downstream tasks scheduled from follow-on schedule check
