[2022-05-02 04:36:52,621] {taskinstance.py:1032} INFO - Dependencies all met for <TaskInstance: YellowDataIngestionDag.rm_csv_parquet_task scheduled__2020-02-02T06:00:00+00:00 [queued]>
[2022-05-02 04:36:52,636] {taskinstance.py:1032} INFO - Dependencies all met for <TaskInstance: YellowDataIngestionDag.rm_csv_parquet_task scheduled__2020-02-02T06:00:00+00:00 [queued]>
[2022-05-02 04:36:52,637] {taskinstance.py:1238} INFO - 
--------------------------------------------------------------------------------
[2022-05-02 04:36:52,637] {taskinstance.py:1239} INFO - Starting attempt 1 of 2
[2022-05-02 04:36:52,637] {taskinstance.py:1240} INFO - 
--------------------------------------------------------------------------------
[2022-05-02 04:36:52,673] {taskinstance.py:1259} INFO - Executing <Task(BashOperator): rm_csv_parquet_task> on 2020-02-02 06:00:00+00:00
[2022-05-02 04:36:52,712] {standard_task_runner.py:52} INFO - Started process 1800 to run task
[2022-05-02 04:36:52,720] {standard_task_runner.py:76} INFO - Running: ['***', 'tasks', 'run', 'YellowDataIngestionDag', 'rm_csv_parquet_task', 'scheduled__2020-02-02T06:00:00+00:00', '--job-id', '206', '--raw', '--subdir', 'DAGS_FOLDER/ingest_yellow_green_fhv_zones_gcs_dag.py', '--cfg-path', '/tmp/tmpzxmkl81f', '--error-file', '/tmp/tmp2i5rruoe']
[2022-05-02 04:36:52,721] {standard_task_runner.py:77} INFO - Job 206: Subtask rm_csv_parquet_task
[2022-05-02 04:36:52,881] {logging_mixin.py:109} INFO - Running <TaskInstance: YellowDataIngestionDag.rm_csv_parquet_task scheduled__2020-02-02T06:00:00+00:00 [running]> on host 8238bde88e59
[2022-05-02 04:36:53,208] {warnings.py:110} WARNING - /home/***/.local/lib/python3.7/site-packages/***/utils/context.py:152: AirflowContextDeprecationWarning: Accessing 'execution_date' from the template is deprecated and will be removed in a future version. Please use 'data_interval_start' or 'logical_date' instead.
  warnings.warn(_create_deprecation_warning(key, self._deprecation_replacements[key]))

[2022-05-02 04:36:53,510] {taskinstance.py:1426} INFO - Exporting the following env vars:
AIRFLOW_CTX_DAG_OWNER=***
AIRFLOW_CTX_DAG_ID=YellowDataIngestionDag
AIRFLOW_CTX_TASK_ID=rm_csv_parquet_task
AIRFLOW_CTX_EXECUTION_DATE=2020-02-02T06:00:00+00:00
AIRFLOW_CTX_DAG_RUN_ID=scheduled__2020-02-02T06:00:00+00:00
[2022-05-02 04:36:53,609] {subprocess.py:62} INFO - Tmp dir root location: 
 /tmp
[2022-05-02 04:36:53,632] {subprocess.py:74} INFO - Running command: ['bash', '-c', 'rm /opt/***/yellow_taxi_2020-02.csv /opt/***/yellow_taxi_2020-02.parquet']
[2022-05-02 04:36:53,649] {subprocess.py:85} INFO - Output:
[2022-05-02 04:36:53,995] {subprocess.py:93} INFO - Command exited with return code 0
[2022-05-02 04:36:54,038] {taskinstance.py:1277} INFO - Marking task as SUCCESS. dag_id=YellowDataIngestionDag, task_id=rm_csv_parquet_task, execution_date=20200202T060000, start_date=20220502T043652, end_date=20220502T043654
[2022-05-02 04:36:54,103] {local_task_job.py:154} INFO - Task exited with return code 0
[2022-05-02 04:36:54,146] {local_task_job.py:264} INFO - 0 downstream tasks scheduled from follow-on schedule check
