[2022-05-02 04:24:44,599] {taskinstance.py:1032} INFO - Dependencies all met for <TaskInstance: FHVDataIngestionDag.download_dataset_task scheduled__2019-12-02T08:00:00+00:00 [queued]>
[2022-05-02 04:24:44,674] {taskinstance.py:1032} INFO - Dependencies all met for <TaskInstance: FHVDataIngestionDag.download_dataset_task scheduled__2019-12-02T08:00:00+00:00 [queued]>
[2022-05-02 04:24:44,677] {taskinstance.py:1238} INFO - 
--------------------------------------------------------------------------------
[2022-05-02 04:24:44,677] {taskinstance.py:1239} INFO - Starting attempt 1 of 2
[2022-05-02 04:24:44,678] {taskinstance.py:1240} INFO - 
--------------------------------------------------------------------------------
[2022-05-02 04:24:44,741] {taskinstance.py:1259} INFO - Executing <Task(BashOperator): download_dataset_task> on 2019-12-02 08:00:00+00:00
[2022-05-02 04:24:44,748] {standard_task_runner.py:52} INFO - Started process 755 to run task
[2022-05-02 04:24:44,769] {standard_task_runner.py:76} INFO - Running: ['***', 'tasks', 'run', 'FHVDataIngestionDag', 'download_dataset_task', 'scheduled__2019-12-02T08:00:00+00:00', '--job-id', '96', '--raw', '--subdir', 'DAGS_FOLDER/ingest_yellow_green_fhv_zones_gcs_dag.py', '--cfg-path', '/tmp/tmp_h5wcgbd', '--error-file', '/tmp/tmpxnmbvh2y']
[2022-05-02 04:24:44,770] {standard_task_runner.py:77} INFO - Job 96: Subtask download_dataset_task
[2022-05-02 04:24:45,147] {logging_mixin.py:109} INFO - Running <TaskInstance: FHVDataIngestionDag.download_dataset_task scheduled__2019-12-02T08:00:00+00:00 [running]> on host 8238bde88e59
[2022-05-02 04:24:45,259] {warnings.py:110} WARNING - /home/***/.local/lib/python3.7/site-packages/***/utils/context.py:152: AirflowContextDeprecationWarning: Accessing 'execution_date' from the template is deprecated and will be removed in a future version. Please use 'data_interval_start' or 'logical_date' instead.
  warnings.warn(_create_deprecation_warning(key, self._deprecation_replacements[key]))

[2022-05-02 04:24:45,336] {taskinstance.py:1426} INFO - Exporting the following env vars:
AIRFLOW_CTX_DAG_OWNER=***
AIRFLOW_CTX_DAG_ID=FHVDataIngestionDag
AIRFLOW_CTX_TASK_ID=download_dataset_task
AIRFLOW_CTX_EXECUTION_DATE=2019-12-02T08:00:00+00:00
AIRFLOW_CTX_DAG_RUN_ID=scheduled__2019-12-02T08:00:00+00:00
[2022-05-02 04:24:45,337] {subprocess.py:62} INFO - Tmp dir root location: 
 /tmp
[2022-05-02 04:24:45,338] {subprocess.py:74} INFO - Running command: ['bash', '-c', 'curl -sSLf https://s3.amazonaws.com/nyc-tlc/trip+data/fhv_tripdata_2019-12.csv > /opt/***/fhv_2019-12.csv']
[2022-05-02 04:24:45,382] {subprocess.py:85} INFO - Output:
[2022-05-02 04:24:49,991] {subprocess.py:93} INFO - Command exited with return code 0
[2022-05-02 04:24:50,038] {taskinstance.py:1277} INFO - Marking task as SUCCESS. dag_id=FHVDataIngestionDag, task_id=download_dataset_task, execution_date=20191202T080000, start_date=20220502T042444, end_date=20220502T042450
[2022-05-02 04:24:50,107] {local_task_job.py:154} INFO - Task exited with return code 0
[2022-05-02 04:24:50,151] {local_task_job.py:264} INFO - 1 downstream tasks scheduled from follow-on schedule check
