[2022-05-02 06:57:26,332] {taskinstance.py:1032} INFO - Dependencies all met for <TaskInstance: gcs_2_bq_dag.bq_create_green_taxi_partitioned_table_task scheduled__2022-05-01T00:00:00+00:00 [queued]>
[2022-05-02 06:57:26,348] {taskinstance.py:1032} INFO - Dependencies all met for <TaskInstance: gcs_2_bq_dag.bq_create_green_taxi_partitioned_table_task scheduled__2022-05-01T00:00:00+00:00 [queued]>
[2022-05-02 06:57:26,349] {taskinstance.py:1238} INFO - 
--------------------------------------------------------------------------------
[2022-05-02 06:57:26,349] {taskinstance.py:1239} INFO - Starting attempt 1 of 2
[2022-05-02 06:57:26,349] {taskinstance.py:1240} INFO - 
--------------------------------------------------------------------------------
[2022-05-02 06:57:26,367] {taskinstance.py:1259} INFO - Executing <Task(BigQueryInsertJobOperator): bq_create_green_taxi_partitioned_table_task> on 2022-05-01 00:00:00+00:00
[2022-05-02 06:57:26,373] {standard_task_runner.py:52} INFO - Started process 534 to run task
[2022-05-02 06:57:26,380] {standard_task_runner.py:76} INFO - Running: ['***', 'tasks', 'run', 'gcs_2_bq_dag', 'bq_create_green_taxi_partitioned_table_task', 'scheduled__2022-05-01T00:00:00+00:00', '--job-id', '252', '--raw', '--subdir', 'DAGS_FOLDER/gcs_to_bq_dag.py', '--cfg-path', '/tmp/tmp0i8l6t_s', '--error-file', '/tmp/tmpazc89vdj']
[2022-05-02 06:57:26,381] {standard_task_runner.py:77} INFO - Job 252: Subtask bq_create_green_taxi_partitioned_table_task
[2022-05-02 06:57:26,467] {logging_mixin.py:109} INFO - Running <TaskInstance: gcs_2_bq_dag.bq_create_green_taxi_partitioned_table_task scheduled__2022-05-01T00:00:00+00:00 [running]> on host 971b76ca1ca3
[2022-05-02 06:57:26,555] {taskinstance.py:1426} INFO - Exporting the following env vars:
AIRFLOW_CTX_DAG_OWNER=***
AIRFLOW_CTX_DAG_ID=gcs_2_bq_dag
AIRFLOW_CTX_TASK_ID=bq_create_green_taxi_partitioned_table_task
AIRFLOW_CTX_EXECUTION_DATE=2022-05-01T00:00:00+00:00
AIRFLOW_CTX_DAG_RUN_ID=scheduled__2022-05-01T00:00:00+00:00
[2022-05-02 06:57:26,558] {crypto.py:82} WARNING - empty cryptography key - values will not be stored encrypted.
[2022-05-02 06:57:26,568] {logging_mixin.py:109} WARNING - /home/***/.local/lib/python3.7/site-packages/***/utils/context.py:152 AirflowContextDeprecationWarning: Accessing 'execution_date' from the template is deprecated and will be removed in a future version. Please use 'data_interval_start' or 'logical_date' instead.
[2022-05-02 06:57:26,577] {bigquery.py:1637} INFO - Inserting job ***_gcs_2_bq_dag_bq_create_green_taxi_partitioned_table_task_2022_05_01T00_00_00_00_00_cbba90467662317562367ead9e0e2cf3
[2022-05-02 06:57:38,174] {taskinstance.py:1277} INFO - Marking task as SUCCESS. dag_id=gcs_2_bq_dag, task_id=bq_create_green_taxi_partitioned_table_task, execution_date=20220501T000000, start_date=20220502T065726, end_date=20220502T065738
[2022-05-02 06:57:38,200] {local_task_job.py:154} INFO - Task exited with return code 0
[2022-05-02 06:57:38,239] {local_task_job.py:264} INFO - 0 downstream tasks scheduled from follow-on schedule check
