[2022-05-02 04:24:45,487] {taskinstance.py:1032} INFO - Dependencies all met for <TaskInstance: GreenDataIngestionDag.upload_to_gcs_task scheduled__2019-10-02T07:00:00+00:00 [queued]>
[2022-05-02 04:24:45,520] {taskinstance.py:1032} INFO - Dependencies all met for <TaskInstance: GreenDataIngestionDag.upload_to_gcs_task scheduled__2019-10-02T07:00:00+00:00 [queued]>
[2022-05-02 04:24:45,521] {taskinstance.py:1238} INFO - 
--------------------------------------------------------------------------------
[2022-05-02 04:24:45,521] {taskinstance.py:1239} INFO - Starting attempt 1 of 2
[2022-05-02 04:24:45,521] {taskinstance.py:1240} INFO - 
--------------------------------------------------------------------------------
[2022-05-02 04:24:45,564] {taskinstance.py:1259} INFO - Executing <Task(PythonOperator): upload_to_gcs_task> on 2019-10-02 07:00:00+00:00
[2022-05-02 04:24:45,572] {standard_task_runner.py:52} INFO - Started process 763 to run task
[2022-05-02 04:24:45,598] {standard_task_runner.py:76} INFO - Running: ['***', 'tasks', 'run', 'GreenDataIngestionDag', 'upload_to_gcs_task', 'scheduled__2019-10-02T07:00:00+00:00', '--job-id', '97', '--raw', '--subdir', 'DAGS_FOLDER/ingest_yellow_green_fhv_zones_gcs_dag.py', '--cfg-path', '/tmp/tmpl3xb0w4g', '--error-file', '/tmp/tmpcr4_84yp']
[2022-05-02 04:24:45,612] {standard_task_runner.py:77} INFO - Job 97: Subtask upload_to_gcs_task
[2022-05-02 04:24:45,808] {logging_mixin.py:109} INFO - Running <TaskInstance: GreenDataIngestionDag.upload_to_gcs_task scheduled__2019-10-02T07:00:00+00:00 [running]> on host 8238bde88e59
[2022-05-02 04:24:45,901] {warnings.py:110} WARNING - /home/***/.local/lib/python3.7/site-packages/***/utils/context.py:152: AirflowContextDeprecationWarning: Accessing 'execution_date' from the template is deprecated and will be removed in a future version. Please use 'data_interval_start' or 'logical_date' instead.
  warnings.warn(_create_deprecation_warning(key, self._deprecation_replacements[key]))

[2022-05-02 04:24:45,949] {taskinstance.py:1426} INFO - Exporting the following env vars:
AIRFLOW_CTX_DAG_OWNER=***
AIRFLOW_CTX_DAG_ID=GreenDataIngestionDag
AIRFLOW_CTX_TASK_ID=upload_to_gcs_task
AIRFLOW_CTX_EXECUTION_DATE=2019-10-02T07:00:00+00:00
AIRFLOW_CTX_DAG_RUN_ID=scheduled__2019-10-02T07:00:00+00:00
[2022-05-02 04:24:45,950] {logging_mixin.py:109} INFO - Entered Upload to GCS DAG
[2022-05-02 04:24:48,129] {logging_mixin.py:109} INFO - Uploaded File to GCS
[2022-05-02 04:24:48,130] {python.py:175} INFO - Done. Returned value was: None
[2022-05-02 04:24:48,227] {taskinstance.py:1277} INFO - Marking task as SUCCESS. dag_id=GreenDataIngestionDag, task_id=upload_to_gcs_task, execution_date=20191002T070000, start_date=20220502T042445, end_date=20220502T042448
[2022-05-02 04:24:48,262] {local_task_job.py:154} INFO - Task exited with return code 0
[2022-05-02 04:24:48,342] {local_task_job.py:264} INFO - 1 downstream tasks scheduled from follow-on schedule check
