[2022-05-02 04:23:02,973] {taskinstance.py:1032} INFO - Dependencies all met for <TaskInstance: ZoneDataIngestionDag.upload_to_gcs_task scheduled__2022-05-01T00:00:00+00:00 [queued]>
[2022-05-02 04:23:03,039] {taskinstance.py:1032} INFO - Dependencies all met for <TaskInstance: ZoneDataIngestionDag.upload_to_gcs_task scheduled__2022-05-01T00:00:00+00:00 [queued]>
[2022-05-02 04:23:03,039] {taskinstance.py:1238} INFO - 
--------------------------------------------------------------------------------
[2022-05-02 04:23:03,039] {taskinstance.py:1239} INFO - Starting attempt 1 of 2
[2022-05-02 04:23:03,039] {taskinstance.py:1240} INFO - 
--------------------------------------------------------------------------------
[2022-05-02 04:23:03,068] {taskinstance.py:1259} INFO - Executing <Task(PythonOperator): upload_to_gcs_task> on 2022-05-01 00:00:00+00:00
[2022-05-02 04:23:03,075] {standard_task_runner.py:52} INFO - Started process 304 to run task
[2022-05-02 04:23:03,087] {standard_task_runner.py:76} INFO - Running: ['***', 'tasks', 'run', 'ZoneDataIngestionDag', 'upload_to_gcs_task', 'scheduled__2022-05-01T00:00:00+00:00', '--job-id', '20', '--raw', '--subdir', 'DAGS_FOLDER/ingest_yellow_green_fhv_zones_gcs_dag.py', '--cfg-path', '/tmp/tmp5tn8kjxl', '--error-file', '/tmp/tmpv6m1l_f0']
[2022-05-02 04:23:03,089] {standard_task_runner.py:77} INFO - Job 20: Subtask upload_to_gcs_task
[2022-05-02 04:23:03,487] {logging_mixin.py:109} INFO - Running <TaskInstance: ZoneDataIngestionDag.upload_to_gcs_task scheduled__2022-05-01T00:00:00+00:00 [running]> on host 8238bde88e59
[2022-05-02 04:23:03,631] {taskinstance.py:1426} INFO - Exporting the following env vars:
AIRFLOW_CTX_DAG_OWNER=***
AIRFLOW_CTX_DAG_ID=ZoneDataIngestionDag
AIRFLOW_CTX_TASK_ID=upload_to_gcs_task
AIRFLOW_CTX_EXECUTION_DATE=2022-05-01T00:00:00+00:00
AIRFLOW_CTX_DAG_RUN_ID=scheduled__2022-05-01T00:00:00+00:00
[2022-05-02 04:23:03,632] {logging_mixin.py:109} INFO - Entered Upload to GCS DAG
[2022-05-02 04:23:04,476] {logging_mixin.py:109} INFO - Uploaded File to GCS
[2022-05-02 04:23:04,478] {python.py:175} INFO - Done. Returned value was: None
[2022-05-02 04:23:04,709] {taskinstance.py:1277} INFO - Marking task as SUCCESS. dag_id=ZoneDataIngestionDag, task_id=upload_to_gcs_task, execution_date=20220501T000000, start_date=20220502T042302, end_date=20220502T042304
[2022-05-02 04:23:04,787] {local_task_job.py:154} INFO - Task exited with return code 0
[2022-05-02 04:23:04,833] {local_task_job.py:264} INFO - 1 downstream tasks scheduled from follow-on schedule check
