[2022-05-02 04:25:41,554] {taskinstance.py:1032} INFO - Dependencies all met for <TaskInstance: GreenDataIngestionDag.upload_to_gcs_task scheduled__2020-05-02T07:00:00+00:00 [queued]>
[2022-05-02 04:25:41,571] {taskinstance.py:1032} INFO - Dependencies all met for <TaskInstance: GreenDataIngestionDag.upload_to_gcs_task scheduled__2020-05-02T07:00:00+00:00 [queued]>
[2022-05-02 04:25:41,571] {taskinstance.py:1238} INFO - 
--------------------------------------------------------------------------------
[2022-05-02 04:25:41,571] {taskinstance.py:1239} INFO - Starting attempt 1 of 2
[2022-05-02 04:25:41,572] {taskinstance.py:1240} INFO - 
--------------------------------------------------------------------------------
[2022-05-02 04:25:41,590] {taskinstance.py:1259} INFO - Executing <Task(PythonOperator): upload_to_gcs_task> on 2020-05-02 07:00:00+00:00
[2022-05-02 04:25:41,597] {standard_task_runner.py:52} INFO - Started process 975 to run task
[2022-05-02 04:25:41,604] {standard_task_runner.py:76} INFO - Running: ['***', 'tasks', 'run', 'GreenDataIngestionDag', 'upload_to_gcs_task', 'scheduled__2020-05-02T07:00:00+00:00', '--job-id', '134', '--raw', '--subdir', 'DAGS_FOLDER/ingest_yellow_green_fhv_zones_gcs_dag.py', '--cfg-path', '/tmp/tmpw5f6_3u8', '--error-file', '/tmp/tmp86_b5p38']
[2022-05-02 04:25:41,606] {standard_task_runner.py:77} INFO - Job 134: Subtask upload_to_gcs_task
[2022-05-02 04:25:41,702] {logging_mixin.py:109} INFO - Running <TaskInstance: GreenDataIngestionDag.upload_to_gcs_task scheduled__2020-05-02T07:00:00+00:00 [running]> on host 8238bde88e59
[2022-05-02 04:25:41,766] {warnings.py:110} WARNING - /home/***/.local/lib/python3.7/site-packages/***/utils/context.py:152: AirflowContextDeprecationWarning: Accessing 'execution_date' from the template is deprecated and will be removed in a future version. Please use 'data_interval_start' or 'logical_date' instead.
  warnings.warn(_create_deprecation_warning(key, self._deprecation_replacements[key]))

[2022-05-02 04:25:41,792] {taskinstance.py:1426} INFO - Exporting the following env vars:
AIRFLOW_CTX_DAG_OWNER=***
AIRFLOW_CTX_DAG_ID=GreenDataIngestionDag
AIRFLOW_CTX_TASK_ID=upload_to_gcs_task
AIRFLOW_CTX_EXECUTION_DATE=2020-05-02T07:00:00+00:00
AIRFLOW_CTX_DAG_RUN_ID=scheduled__2020-05-02T07:00:00+00:00
[2022-05-02 04:25:41,793] {logging_mixin.py:109} INFO - Entered Upload to GCS DAG
[2022-05-02 04:25:43,029] {logging_mixin.py:109} INFO - Uploaded File to GCS
[2022-05-02 04:25:43,029] {python.py:175} INFO - Done. Returned value was: None
[2022-05-02 04:25:43,049] {taskinstance.py:1277} INFO - Marking task as SUCCESS. dag_id=GreenDataIngestionDag, task_id=upload_to_gcs_task, execution_date=20200502T070000, start_date=20220502T042541, end_date=20220502T042543
[2022-05-02 04:25:43,102] {local_task_job.py:154} INFO - Task exited with return code 0
[2022-05-02 04:25:43,147] {local_task_job.py:264} INFO - 1 downstream tasks scheduled from follow-on schedule check
