[2022-05-02 04:26:44,587] {taskinstance.py:1032} INFO - Dependencies all met for <TaskInstance: GreenDataIngestionDag.rm_csv_parquet_task scheduled__2020-12-02T07:00:00+00:00 [queued]>
[2022-05-02 04:26:44,606] {taskinstance.py:1032} INFO - Dependencies all met for <TaskInstance: GreenDataIngestionDag.rm_csv_parquet_task scheduled__2020-12-02T07:00:00+00:00 [queued]>
[2022-05-02 04:26:44,606] {taskinstance.py:1238} INFO - 
--------------------------------------------------------------------------------
[2022-05-02 04:26:44,607] {taskinstance.py:1239} INFO - Starting attempt 1 of 2
[2022-05-02 04:26:44,607] {taskinstance.py:1240} INFO - 
--------------------------------------------------------------------------------
[2022-05-02 04:26:44,630] {taskinstance.py:1259} INFO - Executing <Task(BashOperator): rm_csv_parquet_task> on 2020-12-02 07:00:00+00:00
[2022-05-02 04:26:44,641] {standard_task_runner.py:52} INFO - Started process 1167 to run task
[2022-05-02 04:26:44,670] {standard_task_runner.py:76} INFO - Running: ['***', 'tasks', 'run', 'GreenDataIngestionDag', 'rm_csv_parquet_task', 'scheduled__2020-12-02T07:00:00+00:00', '--job-id', '163', '--raw', '--subdir', 'DAGS_FOLDER/ingest_yellow_green_fhv_zones_gcs_dag.py', '--cfg-path', '/tmp/tmpdt5zkcwa', '--error-file', '/tmp/tmpb17i7fcl']
[2022-05-02 04:26:44,671] {standard_task_runner.py:77} INFO - Job 163: Subtask rm_csv_parquet_task
[2022-05-02 04:26:44,798] {logging_mixin.py:109} INFO - Running <TaskInstance: GreenDataIngestionDag.rm_csv_parquet_task scheduled__2020-12-02T07:00:00+00:00 [running]> on host 8238bde88e59
[2022-05-02 04:26:44,946] {warnings.py:110} WARNING - /home/***/.local/lib/python3.7/site-packages/***/utils/context.py:152: AirflowContextDeprecationWarning: Accessing 'execution_date' from the template is deprecated and will be removed in a future version. Please use 'data_interval_start' or 'logical_date' instead.
  warnings.warn(_create_deprecation_warning(key, self._deprecation_replacements[key]))

[2022-05-02 04:26:45,002] {taskinstance.py:1426} INFO - Exporting the following env vars:
AIRFLOW_CTX_DAG_OWNER=***
AIRFLOW_CTX_DAG_ID=GreenDataIngestionDag
AIRFLOW_CTX_TASK_ID=rm_csv_parquet_task
AIRFLOW_CTX_EXECUTION_DATE=2020-12-02T07:00:00+00:00
AIRFLOW_CTX_DAG_RUN_ID=scheduled__2020-12-02T07:00:00+00:00
[2022-05-02 04:26:45,006] {subprocess.py:62} INFO - Tmp dir root location: 
 /tmp
[2022-05-02 04:26:45,007] {subprocess.py:74} INFO - Running command: ['bash', '-c', 'rm /opt/***/green_taxi_2020-12.csv /opt/***/green_taxi_2020-12.parquet']
[2022-05-02 04:26:45,030] {subprocess.py:85} INFO - Output:
[2022-05-02 04:26:45,052] {subprocess.py:93} INFO - Command exited with return code 0
[2022-05-02 04:26:45,103] {taskinstance.py:1277} INFO - Marking task as SUCCESS. dag_id=GreenDataIngestionDag, task_id=rm_csv_parquet_task, execution_date=20201202T070000, start_date=20220502T042644, end_date=20220502T042645
[2022-05-02 04:26:45,188] {local_task_job.py:154} INFO - Task exited with return code 0
[2022-05-02 04:26:45,287] {local_task_job.py:264} INFO - 0 downstream tasks scheduled from follow-on schedule check
