[2022-05-02 04:24:35,086] {taskinstance.py:1032} INFO - Dependencies all met for <TaskInstance: FHVDataIngestionDag.rm_csv_parquet_task scheduled__2019-08-02T08:00:00+00:00 [queued]>
[2022-05-02 04:24:35,120] {taskinstance.py:1032} INFO - Dependencies all met for <TaskInstance: FHVDataIngestionDag.rm_csv_parquet_task scheduled__2019-08-02T08:00:00+00:00 [queued]>
[2022-05-02 04:24:35,120] {taskinstance.py:1238} INFO - 
--------------------------------------------------------------------------------
[2022-05-02 04:24:35,120] {taskinstance.py:1239} INFO - Starting attempt 1 of 2
[2022-05-02 04:24:35,121] {taskinstance.py:1240} INFO - 
--------------------------------------------------------------------------------
[2022-05-02 04:24:35,532] {taskinstance.py:1259} INFO - Executing <Task(BashOperator): rm_csv_parquet_task> on 2019-08-02 08:00:00+00:00
[2022-05-02 04:24:35,576] {standard_task_runner.py:52} INFO - Started process 711 to run task
[2022-05-02 04:24:35,595] {standard_task_runner.py:76} INFO - Running: ['***', 'tasks', 'run', 'FHVDataIngestionDag', 'rm_csv_parquet_task', 'scheduled__2019-08-02T08:00:00+00:00', '--job-id', '90', '--raw', '--subdir', 'DAGS_FOLDER/ingest_yellow_green_fhv_zones_gcs_dag.py', '--cfg-path', '/tmp/tmpz8l43xsa', '--error-file', '/tmp/tmpg492opx8']
[2022-05-02 04:24:35,598] {standard_task_runner.py:77} INFO - Job 90: Subtask rm_csv_parquet_task
[2022-05-02 04:24:36,219] {logging_mixin.py:109} INFO - Running <TaskInstance: FHVDataIngestionDag.rm_csv_parquet_task scheduled__2019-08-02T08:00:00+00:00 [running]> on host 8238bde88e59
[2022-05-02 04:24:36,698] {warnings.py:110} WARNING - /home/***/.local/lib/python3.7/site-packages/***/utils/context.py:152: AirflowContextDeprecationWarning: Accessing 'execution_date' from the template is deprecated and will be removed in a future version. Please use 'data_interval_start' or 'logical_date' instead.
  warnings.warn(_create_deprecation_warning(key, self._deprecation_replacements[key]))

[2022-05-02 04:24:36,948] {taskinstance.py:1426} INFO - Exporting the following env vars:
AIRFLOW_CTX_DAG_OWNER=***
AIRFLOW_CTX_DAG_ID=FHVDataIngestionDag
AIRFLOW_CTX_TASK_ID=rm_csv_parquet_task
AIRFLOW_CTX_EXECUTION_DATE=2019-08-02T08:00:00+00:00
AIRFLOW_CTX_DAG_RUN_ID=scheduled__2019-08-02T08:00:00+00:00
[2022-05-02 04:24:36,953] {subprocess.py:62} INFO - Tmp dir root location: 
 /tmp
[2022-05-02 04:24:36,955] {subprocess.py:74} INFO - Running command: ['bash', '-c', 'rm /opt/***/fhv_2019-08.csv /opt/***/fhv_2019-08.parquet']
[2022-05-02 04:24:37,044] {subprocess.py:85} INFO - Output:
[2022-05-02 04:24:37,241] {subprocess.py:93} INFO - Command exited with return code 0
[2022-05-02 04:24:37,644] {taskinstance.py:1277} INFO - Marking task as SUCCESS. dag_id=FHVDataIngestionDag, task_id=rm_csv_parquet_task, execution_date=20190802T080000, start_date=20220502T042435, end_date=20220502T042437
[2022-05-02 04:24:37,948] {local_task_job.py:154} INFO - Task exited with return code 0
[2022-05-02 04:24:38,333] {local_task_job.py:264} INFO - 0 downstream tasks scheduled from follow-on schedule check
