[2022-05-02 04:25:33,745] {taskinstance.py:1032} INFO - Dependencies all met for <TaskInstance: GreenDataIngestionDag.download_dataset_task scheduled__2020-06-02T07:00:00+00:00 [queued]>
[2022-05-02 04:25:33,767] {taskinstance.py:1032} INFO - Dependencies all met for <TaskInstance: GreenDataIngestionDag.download_dataset_task scheduled__2020-06-02T07:00:00+00:00 [queued]>
[2022-05-02 04:25:33,767] {taskinstance.py:1238} INFO - 
--------------------------------------------------------------------------------
[2022-05-02 04:25:33,767] {taskinstance.py:1239} INFO - Starting attempt 1 of 2
[2022-05-02 04:25:33,767] {taskinstance.py:1240} INFO - 
--------------------------------------------------------------------------------
[2022-05-02 04:25:33,792] {taskinstance.py:1259} INFO - Executing <Task(BashOperator): download_dataset_task> on 2020-06-02 07:00:00+00:00
[2022-05-02 04:25:33,799] {standard_task_runner.py:52} INFO - Started process 934 to run task
[2022-05-02 04:25:33,813] {standard_task_runner.py:76} INFO - Running: ['***', 'tasks', 'run', 'GreenDataIngestionDag', 'download_dataset_task', 'scheduled__2020-06-02T07:00:00+00:00', '--job-id', '127', '--raw', '--subdir', 'DAGS_FOLDER/ingest_yellow_green_fhv_zones_gcs_dag.py', '--cfg-path', '/tmp/tmpf3ct38yt', '--error-file', '/tmp/tmpezpsvo1n']
[2022-05-02 04:25:33,832] {standard_task_runner.py:77} INFO - Job 127: Subtask download_dataset_task
[2022-05-02 04:25:33,972] {logging_mixin.py:109} INFO - Running <TaskInstance: GreenDataIngestionDag.download_dataset_task scheduled__2020-06-02T07:00:00+00:00 [running]> on host 8238bde88e59
[2022-05-02 04:25:34,049] {warnings.py:110} WARNING - /home/***/.local/lib/python3.7/site-packages/***/utils/context.py:152: AirflowContextDeprecationWarning: Accessing 'execution_date' from the template is deprecated and will be removed in a future version. Please use 'data_interval_start' or 'logical_date' instead.
  warnings.warn(_create_deprecation_warning(key, self._deprecation_replacements[key]))

[2022-05-02 04:25:34,086] {taskinstance.py:1426} INFO - Exporting the following env vars:
AIRFLOW_CTX_DAG_OWNER=***
AIRFLOW_CTX_DAG_ID=GreenDataIngestionDag
AIRFLOW_CTX_TASK_ID=download_dataset_task
AIRFLOW_CTX_EXECUTION_DATE=2020-06-02T07:00:00+00:00
AIRFLOW_CTX_DAG_RUN_ID=scheduled__2020-06-02T07:00:00+00:00
[2022-05-02 04:25:34,087] {subprocess.py:62} INFO - Tmp dir root location: 
 /tmp
[2022-05-02 04:25:34,088] {subprocess.py:74} INFO - Running command: ['bash', '-c', 'curl -sSLf https://s3.amazonaws.com/nyc-tlc/trip+data/green_tripdata_2020-06.csv > /opt/***/green_taxi_2020-06.csv']
[2022-05-02 04:25:34,109] {subprocess.py:85} INFO - Output:
[2022-05-02 04:25:35,249] {subprocess.py:93} INFO - Command exited with return code 0
[2022-05-02 04:25:35,731] {taskinstance.py:1277} INFO - Marking task as SUCCESS. dag_id=GreenDataIngestionDag, task_id=download_dataset_task, execution_date=20200602T070000, start_date=20220502T042533, end_date=20220502T042535
[2022-05-02 04:25:36,419] {local_task_job.py:154} INFO - Task exited with return code 0
[2022-05-02 04:25:36,869] {local_task_job.py:264} INFO - 1 downstream tasks scheduled from follow-on schedule check
