[2022-05-02 06:57:24,102] {taskinstance.py:1032} INFO - Dependencies all met for <TaskInstance: gcs_2_bq_dag.bq_yellow_taxi_external_table_task scheduled__2022-05-01T00:00:00+00:00 [queued]>
[2022-05-02 06:57:24,116] {taskinstance.py:1032} INFO - Dependencies all met for <TaskInstance: gcs_2_bq_dag.bq_yellow_taxi_external_table_task scheduled__2022-05-01T00:00:00+00:00 [queued]>
[2022-05-02 06:57:24,116] {taskinstance.py:1238} INFO - 
--------------------------------------------------------------------------------
[2022-05-02 06:57:24,116] {taskinstance.py:1239} INFO - Starting attempt 1 of 2
[2022-05-02 06:57:24,116] {taskinstance.py:1240} INFO - 
--------------------------------------------------------------------------------
[2022-05-02 06:57:24,135] {taskinstance.py:1259} INFO - Executing <Task(BigQueryCreateExternalTableOperator): bq_yellow_taxi_external_table_task> on 2022-05-01 00:00:00+00:00
[2022-05-02 06:57:24,145] {standard_task_runner.py:52} INFO - Started process 519 to run task
[2022-05-02 06:57:24,154] {standard_task_runner.py:76} INFO - Running: ['***', 'tasks', 'run', 'gcs_2_bq_dag', 'bq_yellow_taxi_external_table_task', 'scheduled__2022-05-01T00:00:00+00:00', '--job-id', '250', '--raw', '--subdir', 'DAGS_FOLDER/gcs_to_bq_dag.py', '--cfg-path', '/tmp/tmpyxlmljmb', '--error-file', '/tmp/tmpx2fr99i0']
[2022-05-02 06:57:24,156] {standard_task_runner.py:77} INFO - Job 250: Subtask bq_yellow_taxi_external_table_task
[2022-05-02 06:57:24,237] {logging_mixin.py:109} INFO - Running <TaskInstance: gcs_2_bq_dag.bq_yellow_taxi_external_table_task scheduled__2022-05-01T00:00:00+00:00 [running]> on host 971b76ca1ca3
[2022-05-02 06:57:24,341] {taskinstance.py:1426} INFO - Exporting the following env vars:
AIRFLOW_CTX_DAG_OWNER=***
AIRFLOW_CTX_DAG_ID=gcs_2_bq_dag
AIRFLOW_CTX_TASK_ID=bq_yellow_taxi_external_table_task
AIRFLOW_CTX_EXECUTION_DATE=2022-05-01T00:00:00+00:00
AIRFLOW_CTX_DAG_RUN_ID=scheduled__2022-05-01T00:00:00+00:00
[2022-05-02 06:57:24,343] {crypto.py:82} WARNING - empty cryptography key - values will not be stored encrypted.
[2022-05-02 06:57:24,943] {taskinstance.py:1277} INFO - Marking task as SUCCESS. dag_id=gcs_2_bq_dag, task_id=bq_yellow_taxi_external_table_task, execution_date=20220501T000000, start_date=20220502T065724, end_date=20220502T065724
[2022-05-02 06:57:25,010] {local_task_job.py:154} INFO - Task exited with return code 0
[2022-05-02 06:57:25,065] {local_task_job.py:264} INFO - 1 downstream tasks scheduled from follow-on schedule check
