[2022-05-02 04:25:04,670] {taskinstance.py:1032} INFO - Dependencies all met for <TaskInstance: GreenDataIngestionDag.upload_to_gcs_task scheduled__2020-01-02T07:00:00+00:00 [queued]>
[2022-05-02 04:25:04,693] {taskinstance.py:1032} INFO - Dependencies all met for <TaskInstance: GreenDataIngestionDag.upload_to_gcs_task scheduled__2020-01-02T07:00:00+00:00 [queued]>
[2022-05-02 04:25:04,693] {taskinstance.py:1238} INFO - 
--------------------------------------------------------------------------------
[2022-05-02 04:25:04,693] {taskinstance.py:1239} INFO - Starting attempt 1 of 2
[2022-05-02 04:25:04,693] {taskinstance.py:1240} INFO - 
--------------------------------------------------------------------------------
[2022-05-02 04:25:04,716] {taskinstance.py:1259} INFO - Executing <Task(PythonOperator): upload_to_gcs_task> on 2020-01-02 07:00:00+00:00
[2022-05-02 04:25:04,723] {standard_task_runner.py:52} INFO - Started process 882 to run task
[2022-05-02 04:25:04,741] {standard_task_runner.py:76} INFO - Running: ['***', 'tasks', 'run', 'GreenDataIngestionDag', 'upload_to_gcs_task', 'scheduled__2020-01-02T07:00:00+00:00', '--job-id', '120', '--raw', '--subdir', 'DAGS_FOLDER/ingest_yellow_green_fhv_zones_gcs_dag.py', '--cfg-path', '/tmp/tmpnxbb0k3w', '--error-file', '/tmp/tmpv148ezdg']
[2022-05-02 04:25:04,743] {standard_task_runner.py:77} INFO - Job 120: Subtask upload_to_gcs_task
[2022-05-02 04:25:04,862] {logging_mixin.py:109} INFO - Running <TaskInstance: GreenDataIngestionDag.upload_to_gcs_task scheduled__2020-01-02T07:00:00+00:00 [running]> on host 8238bde88e59
[2022-05-02 04:25:04,934] {warnings.py:110} WARNING - /home/***/.local/lib/python3.7/site-packages/***/utils/context.py:152: AirflowContextDeprecationWarning: Accessing 'execution_date' from the template is deprecated and will be removed in a future version. Please use 'data_interval_start' or 'logical_date' instead.
  warnings.warn(_create_deprecation_warning(key, self._deprecation_replacements[key]))

[2022-05-02 04:25:04,968] {taskinstance.py:1426} INFO - Exporting the following env vars:
AIRFLOW_CTX_DAG_OWNER=***
AIRFLOW_CTX_DAG_ID=GreenDataIngestionDag
AIRFLOW_CTX_TASK_ID=upload_to_gcs_task
AIRFLOW_CTX_EXECUTION_DATE=2020-01-02T07:00:00+00:00
AIRFLOW_CTX_DAG_RUN_ID=scheduled__2020-01-02T07:00:00+00:00
[2022-05-02 04:25:04,969] {logging_mixin.py:109} INFO - Entered Upload to GCS DAG
[2022-05-02 04:25:07,177] {logging_mixin.py:109} INFO - Uploaded File to GCS
[2022-05-02 04:25:07,177] {python.py:175} INFO - Done. Returned value was: None
[2022-05-02 04:25:07,196] {taskinstance.py:1277} INFO - Marking task as SUCCESS. dag_id=GreenDataIngestionDag, task_id=upload_to_gcs_task, execution_date=20200102T070000, start_date=20220502T042504, end_date=20220502T042507
[2022-05-02 04:25:07,244] {local_task_job.py:154} INFO - Task exited with return code 0
[2022-05-02 04:25:07,292] {local_task_job.py:264} INFO - 1 downstream tasks scheduled from follow-on schedule check
