[2022-05-02 04:23:06,635] {taskinstance.py:1032} INFO - Dependencies all met for <TaskInstance: ZoneDataIngestionDag.rm_csv_parquet_task scheduled__2022-05-01T00:00:00+00:00 [queued]>
[2022-05-02 04:23:06,659] {taskinstance.py:1032} INFO - Dependencies all met for <TaskInstance: ZoneDataIngestionDag.rm_csv_parquet_task scheduled__2022-05-01T00:00:00+00:00 [queued]>
[2022-05-02 04:23:06,659] {taskinstance.py:1238} INFO - 
--------------------------------------------------------------------------------
[2022-05-02 04:23:06,659] {taskinstance.py:1239} INFO - Starting attempt 1 of 2
[2022-05-02 04:23:06,659] {taskinstance.py:1240} INFO - 
--------------------------------------------------------------------------------
[2022-05-02 04:23:06,688] {taskinstance.py:1259} INFO - Executing <Task(BashOperator): rm_csv_parquet_task> on 2022-05-01 00:00:00+00:00
[2022-05-02 04:23:06,697] {standard_task_runner.py:52} INFO - Started process 318 to run task
[2022-05-02 04:23:06,711] {standard_task_runner.py:76} INFO - Running: ['***', 'tasks', 'run', 'ZoneDataIngestionDag', 'rm_csv_parquet_task', 'scheduled__2022-05-01T00:00:00+00:00', '--job-id', '25', '--raw', '--subdir', 'DAGS_FOLDER/ingest_yellow_green_fhv_zones_gcs_dag.py', '--cfg-path', '/tmp/tmp465h9l28', '--error-file', '/tmp/tmpwwtjkfa6']
[2022-05-02 04:23:06,714] {standard_task_runner.py:77} INFO - Job 25: Subtask rm_csv_parquet_task
[2022-05-02 04:23:06,946] {logging_mixin.py:109} INFO - Running <TaskInstance: ZoneDataIngestionDag.rm_csv_parquet_task scheduled__2022-05-01T00:00:00+00:00 [running]> on host 8238bde88e59
[2022-05-02 04:23:07,878] {taskinstance.py:1426} INFO - Exporting the following env vars:
AIRFLOW_CTX_DAG_OWNER=***
AIRFLOW_CTX_DAG_ID=ZoneDataIngestionDag
AIRFLOW_CTX_TASK_ID=rm_csv_parquet_task
AIRFLOW_CTX_EXECUTION_DATE=2022-05-01T00:00:00+00:00
AIRFLOW_CTX_DAG_RUN_ID=scheduled__2022-05-01T00:00:00+00:00
[2022-05-02 04:23:07,880] {subprocess.py:62} INFO - Tmp dir root location: 
 /tmp
[2022-05-02 04:23:07,881] {subprocess.py:74} INFO - Running command: ['bash', '-c', 'rm /opt/***/zone_lookup_data.csv /opt/***/zone_lookup_data.parquet']
[2022-05-02 04:23:07,903] {subprocess.py:85} INFO - Output:
[2022-05-02 04:23:07,906] {subprocess.py:93} INFO - Command exited with return code 0
[2022-05-02 04:23:08,482] {taskinstance.py:1277} INFO - Marking task as SUCCESS. dag_id=ZoneDataIngestionDag, task_id=rm_csv_parquet_task, execution_date=20220501T000000, start_date=20220502T042306, end_date=20220502T042308
[2022-05-02 04:23:08,818] {local_task_job.py:154} INFO - Task exited with return code 0
[2022-05-02 04:23:09,123] {local_task_job.py:264} INFO - 0 downstream tasks scheduled from follow-on schedule check
