[2022-05-02 04:24:22,107] {taskinstance.py:1032} INFO - Dependencies all met for <TaskInstance: FHVDataIngestionDag.format_to_parquet_task scheduled__2019-10-02T08:00:00+00:00 [queued]>
[2022-05-02 04:24:22,166] {taskinstance.py:1032} INFO - Dependencies all met for <TaskInstance: FHVDataIngestionDag.format_to_parquet_task scheduled__2019-10-02T08:00:00+00:00 [queued]>
[2022-05-02 04:24:22,166] {taskinstance.py:1238} INFO - 
--------------------------------------------------------------------------------
[2022-05-02 04:24:22,167] {taskinstance.py:1239} INFO - Starting attempt 1 of 2
[2022-05-02 04:24:22,167] {taskinstance.py:1240} INFO - 
--------------------------------------------------------------------------------
[2022-05-02 04:24:22,213] {taskinstance.py:1259} INFO - Executing <Task(PythonOperator): format_to_parquet_task> on 2019-10-02 08:00:00+00:00
[2022-05-02 04:24:22,220] {standard_task_runner.py:52} INFO - Started process 660 to run task
[2022-05-02 04:24:22,233] {standard_task_runner.py:76} INFO - Running: ['***', 'tasks', 'run', 'FHVDataIngestionDag', 'format_to_parquet_task', 'scheduled__2019-10-02T08:00:00+00:00', '--job-id', '81', '--raw', '--subdir', 'DAGS_FOLDER/ingest_yellow_green_fhv_zones_gcs_dag.py', '--cfg-path', '/tmp/tmpx2rzkydd', '--error-file', '/tmp/tmp6urpw79_']
[2022-05-02 04:24:22,234] {standard_task_runner.py:77} INFO - Job 81: Subtask format_to_parquet_task
[2022-05-02 04:24:22,494] {logging_mixin.py:109} INFO - Running <TaskInstance: FHVDataIngestionDag.format_to_parquet_task scheduled__2019-10-02T08:00:00+00:00 [running]> on host 8238bde88e59
[2022-05-02 04:24:22,804] {warnings.py:110} WARNING - /home/***/.local/lib/python3.7/site-packages/***/utils/context.py:152: AirflowContextDeprecationWarning: Accessing 'execution_date' from the template is deprecated and will be removed in a future version. Please use 'data_interval_start' or 'logical_date' instead.
  warnings.warn(_create_deprecation_warning(key, self._deprecation_replacements[key]))

[2022-05-02 04:24:22,912] {taskinstance.py:1426} INFO - Exporting the following env vars:
AIRFLOW_CTX_DAG_OWNER=***
AIRFLOW_CTX_DAG_ID=FHVDataIngestionDag
AIRFLOW_CTX_TASK_ID=format_to_parquet_task
AIRFLOW_CTX_EXECUTION_DATE=2019-10-02T08:00:00+00:00
AIRFLOW_CTX_DAG_RUN_ID=scheduled__2019-10-02T08:00:00+00:00
[2022-05-02 04:24:22,914] {logging_mixin.py:109} INFO - Entered Parquet format DAG
[2022-05-02 04:24:26,018] {logging_mixin.py:109} INFO - File converted to Parquet
[2022-05-02 04:24:26,020] {python.py:175} INFO - Done. Returned value was: None
[2022-05-02 04:24:26,040] {taskinstance.py:1277} INFO - Marking task as SUCCESS. dag_id=FHVDataIngestionDag, task_id=format_to_parquet_task, execution_date=20191002T080000, start_date=20220502T042422, end_date=20220502T042426
[2022-05-02 04:24:26,147] {local_task_job.py:154} INFO - Task exited with return code 0
[2022-05-02 04:24:26,302] {local_task_job.py:264} INFO - 1 downstream tasks scheduled from follow-on schedule check
