[2022-05-02 04:31:31,385] {taskinstance.py:1032} INFO - Dependencies all met for <TaskInstance: YellowDataIngestionDag.format_to_parquet_task scheduled__2019-09-02T06:00:00+00:00 [queued]>
[2022-05-02 04:31:31,403] {taskinstance.py:1032} INFO - Dependencies all met for <TaskInstance: YellowDataIngestionDag.format_to_parquet_task scheduled__2019-09-02T06:00:00+00:00 [queued]>
[2022-05-02 04:31:31,403] {taskinstance.py:1238} INFO - 
--------------------------------------------------------------------------------
[2022-05-02 04:31:31,404] {taskinstance.py:1239} INFO - Starting attempt 1 of 2
[2022-05-02 04:31:31,404] {taskinstance.py:1240} INFO - 
--------------------------------------------------------------------------------
[2022-05-02 04:31:31,419] {taskinstance.py:1259} INFO - Executing <Task(PythonOperator): format_to_parquet_task> on 2019-09-02 06:00:00+00:00
[2022-05-02 04:31:31,425] {standard_task_runner.py:52} INFO - Started process 1464 to run task
[2022-05-02 04:31:31,433] {standard_task_runner.py:76} INFO - Running: ['***', 'tasks', 'run', 'YellowDataIngestionDag', 'format_to_parquet_task', 'scheduled__2019-09-02T06:00:00+00:00', '--job-id', '184', '--raw', '--subdir', 'DAGS_FOLDER/ingest_yellow_green_fhv_zones_gcs_dag.py', '--cfg-path', '/tmp/tmp446ktfex', '--error-file', '/tmp/tmpg3kuy_z3']
[2022-05-02 04:31:31,434] {standard_task_runner.py:77} INFO - Job 184: Subtask format_to_parquet_task
[2022-05-02 04:31:31,523] {logging_mixin.py:109} INFO - Running <TaskInstance: YellowDataIngestionDag.format_to_parquet_task scheduled__2019-09-02T06:00:00+00:00 [running]> on host 8238bde88e59
[2022-05-02 04:31:31,583] {warnings.py:110} WARNING - /home/***/.local/lib/python3.7/site-packages/***/utils/context.py:152: AirflowContextDeprecationWarning: Accessing 'execution_date' from the template is deprecated and will be removed in a future version. Please use 'data_interval_start' or 'logical_date' instead.
  warnings.warn(_create_deprecation_warning(key, self._deprecation_replacements[key]))

[2022-05-02 04:31:31,619] {taskinstance.py:1426} INFO - Exporting the following env vars:
AIRFLOW_CTX_DAG_OWNER=***
AIRFLOW_CTX_DAG_ID=YellowDataIngestionDag
AIRFLOW_CTX_TASK_ID=format_to_parquet_task
AIRFLOW_CTX_EXECUTION_DATE=2019-09-02T06:00:00+00:00
AIRFLOW_CTX_DAG_RUN_ID=scheduled__2019-09-02T06:00:00+00:00
[2022-05-02 04:31:31,620] {logging_mixin.py:109} INFO - Entered Parquet format DAG
[2022-05-02 04:31:39,669] {logging_mixin.py:109} INFO - File converted to Parquet
[2022-05-02 04:31:39,765] {python.py:175} INFO - Done. Returned value was: None
[2022-05-02 04:31:39,780] {taskinstance.py:1277} INFO - Marking task as SUCCESS. dag_id=YellowDataIngestionDag, task_id=format_to_parquet_task, execution_date=20190902T060000, start_date=20220502T043131, end_date=20220502T043139
[2022-05-02 04:31:39,984] {local_task_job.py:154} INFO - Task exited with return code 0
[2022-05-02 04:31:40,036] {local_task_job.py:264} INFO - 1 downstream tasks scheduled from follow-on schedule check
