[2022-05-02 04:25:08,305] {taskinstance.py:1032} INFO - Dependencies all met for <TaskInstance: GreenDataIngestionDag.rm_csv_parquet_task scheduled__2020-02-02T07:00:00+00:00 [queued]>
[2022-05-02 04:25:08,325] {taskinstance.py:1032} INFO - Dependencies all met for <TaskInstance: GreenDataIngestionDag.rm_csv_parquet_task scheduled__2020-02-02T07:00:00+00:00 [queued]>
[2022-05-02 04:25:08,325] {taskinstance.py:1238} INFO - 
--------------------------------------------------------------------------------
[2022-05-02 04:25:08,325] {taskinstance.py:1239} INFO - Starting attempt 1 of 2
[2022-05-02 04:25:08,326] {taskinstance.py:1240} INFO - 
--------------------------------------------------------------------------------
[2022-05-02 04:25:08,373] {taskinstance.py:1259} INFO - Executing <Task(BashOperator): rm_csv_parquet_task> on 2020-02-02 07:00:00+00:00
[2022-05-02 04:25:08,382] {standard_task_runner.py:52} INFO - Started process 890 to run task
[2022-05-02 04:25:08,409] {standard_task_runner.py:76} INFO - Running: ['***', 'tasks', 'run', 'GreenDataIngestionDag', 'rm_csv_parquet_task', 'scheduled__2020-02-02T07:00:00+00:00', '--job-id', '122', '--raw', '--subdir', 'DAGS_FOLDER/ingest_yellow_green_fhv_zones_gcs_dag.py', '--cfg-path', '/tmp/tmpows5uapa', '--error-file', '/tmp/tmpiuv8k5vu']
[2022-05-02 04:25:08,411] {standard_task_runner.py:77} INFO - Job 122: Subtask rm_csv_parquet_task
[2022-05-02 04:25:08,529] {logging_mixin.py:109} INFO - Running <TaskInstance: GreenDataIngestionDag.rm_csv_parquet_task scheduled__2020-02-02T07:00:00+00:00 [running]> on host 8238bde88e59
[2022-05-02 04:25:08,603] {warnings.py:110} WARNING - /home/***/.local/lib/python3.7/site-packages/***/utils/context.py:152: AirflowContextDeprecationWarning: Accessing 'execution_date' from the template is deprecated and will be removed in a future version. Please use 'data_interval_start' or 'logical_date' instead.
  warnings.warn(_create_deprecation_warning(key, self._deprecation_replacements[key]))

[2022-05-02 04:25:08,638] {taskinstance.py:1426} INFO - Exporting the following env vars:
AIRFLOW_CTX_DAG_OWNER=***
AIRFLOW_CTX_DAG_ID=GreenDataIngestionDag
AIRFLOW_CTX_TASK_ID=rm_csv_parquet_task
AIRFLOW_CTX_EXECUTION_DATE=2020-02-02T07:00:00+00:00
AIRFLOW_CTX_DAG_RUN_ID=scheduled__2020-02-02T07:00:00+00:00
[2022-05-02 04:25:08,640] {subprocess.py:62} INFO - Tmp dir root location: 
 /tmp
[2022-05-02 04:25:08,641] {subprocess.py:74} INFO - Running command: ['bash', '-c', 'rm /opt/***/green_taxi_2020-02.csv /opt/***/green_taxi_2020-02.parquet']
[2022-05-02 04:25:08,662] {subprocess.py:85} INFO - Output:
[2022-05-02 04:25:08,687] {subprocess.py:93} INFO - Command exited with return code 0
[2022-05-02 04:25:08,736] {taskinstance.py:1277} INFO - Marking task as SUCCESS. dag_id=GreenDataIngestionDag, task_id=rm_csv_parquet_task, execution_date=20200202T070000, start_date=20220502T042508, end_date=20220502T042508
[2022-05-02 04:25:08,813] {local_task_job.py:154} INFO - Task exited with return code 0
[2022-05-02 04:25:08,862] {local_task_job.py:264} INFO - 0 downstream tasks scheduled from follow-on schedule check
