[2022-05-02 04:24:49,238] {taskinstance.py:1032} INFO - Dependencies all met for <TaskInstance: GreenDataIngestionDag.rm_csv_parquet_task scheduled__2019-10-02T07:00:00+00:00 [queued]>
[2022-05-02 04:24:49,258] {taskinstance.py:1032} INFO - Dependencies all met for <TaskInstance: GreenDataIngestionDag.rm_csv_parquet_task scheduled__2019-10-02T07:00:00+00:00 [queued]>
[2022-05-02 04:24:49,259] {taskinstance.py:1238} INFO - 
--------------------------------------------------------------------------------
[2022-05-02 04:24:49,259] {taskinstance.py:1239} INFO - Starting attempt 1 of 2
[2022-05-02 04:24:49,259] {taskinstance.py:1240} INFO - 
--------------------------------------------------------------------------------
[2022-05-02 04:24:49,282] {taskinstance.py:1259} INFO - Executing <Task(BashOperator): rm_csv_parquet_task> on 2019-10-02 07:00:00+00:00
[2022-05-02 04:24:49,290] {standard_task_runner.py:52} INFO - Started process 775 to run task
[2022-05-02 04:24:49,304] {standard_task_runner.py:76} INFO - Running: ['***', 'tasks', 'run', 'GreenDataIngestionDag', 'rm_csv_parquet_task', 'scheduled__2019-10-02T07:00:00+00:00', '--job-id', '101', '--raw', '--subdir', 'DAGS_FOLDER/ingest_yellow_green_fhv_zones_gcs_dag.py', '--cfg-path', '/tmp/tmpf23zlj08', '--error-file', '/tmp/tmpkf7d4mm8']
[2022-05-02 04:24:49,306] {standard_task_runner.py:77} INFO - Job 101: Subtask rm_csv_parquet_task
[2022-05-02 04:24:49,451] {logging_mixin.py:109} INFO - Running <TaskInstance: GreenDataIngestionDag.rm_csv_parquet_task scheduled__2019-10-02T07:00:00+00:00 [running]> on host 8238bde88e59
[2022-05-02 04:24:49,529] {warnings.py:110} WARNING - /home/***/.local/lib/python3.7/site-packages/***/utils/context.py:152: AirflowContextDeprecationWarning: Accessing 'execution_date' from the template is deprecated and will be removed in a future version. Please use 'data_interval_start' or 'logical_date' instead.
  warnings.warn(_create_deprecation_warning(key, self._deprecation_replacements[key]))

[2022-05-02 04:24:49,571] {taskinstance.py:1426} INFO - Exporting the following env vars:
AIRFLOW_CTX_DAG_OWNER=***
AIRFLOW_CTX_DAG_ID=GreenDataIngestionDag
AIRFLOW_CTX_TASK_ID=rm_csv_parquet_task
AIRFLOW_CTX_EXECUTION_DATE=2019-10-02T07:00:00+00:00
AIRFLOW_CTX_DAG_RUN_ID=scheduled__2019-10-02T07:00:00+00:00
[2022-05-02 04:24:49,574] {subprocess.py:62} INFO - Tmp dir root location: 
 /tmp
[2022-05-02 04:24:49,575] {subprocess.py:74} INFO - Running command: ['bash', '-c', 'rm /opt/***/green_taxi_2019-10.csv /opt/***/green_taxi_2019-10.parquet']
[2022-05-02 04:24:49,596] {subprocess.py:85} INFO - Output:
[2022-05-02 04:24:49,615] {subprocess.py:93} INFO - Command exited with return code 0
[2022-05-02 04:24:49,657] {taskinstance.py:1277} INFO - Marking task as SUCCESS. dag_id=GreenDataIngestionDag, task_id=rm_csv_parquet_task, execution_date=20191002T070000, start_date=20220502T042449, end_date=20220502T042449
[2022-05-02 04:24:49,717] {local_task_job.py:154} INFO - Task exited with return code 0
[2022-05-02 04:24:49,790] {local_task_job.py:264} INFO - 0 downstream tasks scheduled from follow-on schedule check
