[2022-05-02 04:23:43,775] {taskinstance.py:1032} INFO - Dependencies all met for <TaskInstance: GreenDataIngestionDag.rm_csv_parquet_task scheduled__2019-04-02T07:00:00+00:00 [queued]>
[2022-05-02 04:23:43,825] {taskinstance.py:1032} INFO - Dependencies all met for <TaskInstance: GreenDataIngestionDag.rm_csv_parquet_task scheduled__2019-04-02T07:00:00+00:00 [queued]>
[2022-05-02 04:23:43,825] {taskinstance.py:1238} INFO - 
--------------------------------------------------------------------------------
[2022-05-02 04:23:43,826] {taskinstance.py:1239} INFO - Starting attempt 1 of 2
[2022-05-02 04:23:43,826] {taskinstance.py:1240} INFO - 
--------------------------------------------------------------------------------
[2022-05-02 04:23:43,874] {taskinstance.py:1259} INFO - Executing <Task(BashOperator): rm_csv_parquet_task> on 2019-04-02 07:00:00+00:00
[2022-05-02 04:23:43,893] {standard_task_runner.py:52} INFO - Started process 473 to run task
[2022-05-02 04:23:43,906] {standard_task_runner.py:76} INFO - Running: ['***', 'tasks', 'run', 'GreenDataIngestionDag', 'rm_csv_parquet_task', 'scheduled__2019-04-02T07:00:00+00:00', '--job-id', '50', '--raw', '--subdir', 'DAGS_FOLDER/ingest_yellow_green_fhv_zones_gcs_dag.py', '--cfg-path', '/tmp/tmpz9vkd9a0', '--error-file', '/tmp/tmpzs1ys_2w']
[2022-05-02 04:23:43,907] {standard_task_runner.py:77} INFO - Job 50: Subtask rm_csv_parquet_task
[2022-05-02 04:23:44,015] {logging_mixin.py:109} INFO - Running <TaskInstance: GreenDataIngestionDag.rm_csv_parquet_task scheduled__2019-04-02T07:00:00+00:00 [running]> on host 8238bde88e59
[2022-05-02 04:23:44,122] {warnings.py:110} WARNING - /home/***/.local/lib/python3.7/site-packages/***/utils/context.py:152: AirflowContextDeprecationWarning: Accessing 'execution_date' from the template is deprecated and will be removed in a future version. Please use 'data_interval_start' or 'logical_date' instead.
  warnings.warn(_create_deprecation_warning(key, self._deprecation_replacements[key]))

[2022-05-02 04:23:44,177] {taskinstance.py:1426} INFO - Exporting the following env vars:
AIRFLOW_CTX_DAG_OWNER=***
AIRFLOW_CTX_DAG_ID=GreenDataIngestionDag
AIRFLOW_CTX_TASK_ID=rm_csv_parquet_task
AIRFLOW_CTX_EXECUTION_DATE=2019-04-02T07:00:00+00:00
AIRFLOW_CTX_DAG_RUN_ID=scheduled__2019-04-02T07:00:00+00:00
[2022-05-02 04:23:44,179] {subprocess.py:62} INFO - Tmp dir root location: 
 /tmp
[2022-05-02 04:23:44,182] {subprocess.py:74} INFO - Running command: ['bash', '-c', 'rm /opt/***/green_taxi_2019-04.csv /opt/***/green_taxi_2019-04.parquet']
[2022-05-02 04:23:44,226] {subprocess.py:85} INFO - Output:
[2022-05-02 04:23:44,246] {subprocess.py:93} INFO - Command exited with return code 0
[2022-05-02 04:23:44,294] {taskinstance.py:1277} INFO - Marking task as SUCCESS. dag_id=GreenDataIngestionDag, task_id=rm_csv_parquet_task, execution_date=20190402T070000, start_date=20220502T042343, end_date=20220502T042344
[2022-05-02 04:23:44,371] {local_task_job.py:154} INFO - Task exited with return code 0
[2022-05-02 04:23:44,455] {local_task_job.py:264} INFO - 0 downstream tasks scheduled from follow-on schedule check
