[2022-05-02 04:22:55,161] {taskinstance.py:1032} INFO - Dependencies all met for <TaskInstance: GreenDataIngestionDag.format_to_parquet_task scheduled__2019-02-02T07:00:00+00:00 [queued]>
[2022-05-02 04:22:55,180] {taskinstance.py:1032} INFO - Dependencies all met for <TaskInstance: GreenDataIngestionDag.format_to_parquet_task scheduled__2019-02-02T07:00:00+00:00 [queued]>
[2022-05-02 04:22:55,180] {taskinstance.py:1238} INFO - 
--------------------------------------------------------------------------------
[2022-05-02 04:22:55,181] {taskinstance.py:1239} INFO - Starting attempt 1 of 2
[2022-05-02 04:22:55,181] {taskinstance.py:1240} INFO - 
--------------------------------------------------------------------------------
[2022-05-02 04:22:55,217] {taskinstance.py:1259} INFO - Executing <Task(PythonOperator): format_to_parquet_task> on 2019-02-02 07:00:00+00:00
[2022-05-02 04:22:55,258] {standard_task_runner.py:76} INFO - Running: ['***', 'tasks', 'run', 'GreenDataIngestionDag', 'format_to_parquet_task', 'scheduled__2019-02-02T07:00:00+00:00', '--job-id', '13', '--raw', '--subdir', 'DAGS_FOLDER/ingest_yellow_green_fhv_zones_gcs_dag.py', '--cfg-path', '/tmp/tmphx02v8z6', '--error-file', '/tmp/tmpu0ecrmgl']
[2022-05-02 04:22:55,237] {standard_task_runner.py:52} INFO - Started process 258 to run task
[2022-05-02 04:22:55,274] {standard_task_runner.py:77} INFO - Job 13: Subtask format_to_parquet_task
[2022-05-02 04:22:55,589] {logging_mixin.py:109} INFO - Running <TaskInstance: GreenDataIngestionDag.format_to_parquet_task scheduled__2019-02-02T07:00:00+00:00 [running]> on host 8238bde88e59
[2022-05-02 04:22:55,762] {warnings.py:110} WARNING - /home/***/.local/lib/python3.7/site-packages/***/utils/context.py:152: AirflowContextDeprecationWarning: Accessing 'execution_date' from the template is deprecated and will be removed in a future version. Please use 'data_interval_start' or 'logical_date' instead.
  warnings.warn(_create_deprecation_warning(key, self._deprecation_replacements[key]))

[2022-05-02 04:22:55,928] {taskinstance.py:1426} INFO - Exporting the following env vars:
AIRFLOW_CTX_DAG_OWNER=***
AIRFLOW_CTX_DAG_ID=GreenDataIngestionDag
AIRFLOW_CTX_TASK_ID=format_to_parquet_task
AIRFLOW_CTX_EXECUTION_DATE=2019-02-02T07:00:00+00:00
AIRFLOW_CTX_DAG_RUN_ID=scheduled__2019-02-02T07:00:00+00:00
[2022-05-02 04:22:55,929] {logging_mixin.py:109} INFO - Entered Parquet format DAG
[2022-05-02 04:23:00,877] {logging_mixin.py:109} INFO - File converted to Parquet
[2022-05-02 04:23:00,898] {python.py:175} INFO - Done. Returned value was: None
[2022-05-02 04:23:00,980] {taskinstance.py:1277} INFO - Marking task as SUCCESS. dag_id=GreenDataIngestionDag, task_id=format_to_parquet_task, execution_date=20190202T070000, start_date=20220502T042255, end_date=20220502T042300
[2022-05-02 04:23:01,176] {local_task_job.py:154} INFO - Task exited with return code 0
[2022-05-02 04:23:01,569] {local_task_job.py:264} INFO - 0 downstream tasks scheduled from follow-on schedule check
