[2022-05-02 04:40:59,303] {taskinstance.py:1032} INFO - Dependencies all met for <TaskInstance: YellowDataIngestionDag.format_to_parquet_task scheduled__2020-10-02T06:00:00+00:00 [queued]>
[2022-05-02 04:40:59,316] {taskinstance.py:1032} INFO - Dependencies all met for <TaskInstance: YellowDataIngestionDag.format_to_parquet_task scheduled__2020-10-02T06:00:00+00:00 [queued]>
[2022-05-02 04:40:59,317] {taskinstance.py:1238} INFO - 
--------------------------------------------------------------------------------
[2022-05-02 04:40:59,317] {taskinstance.py:1239} INFO - Starting attempt 1 of 2
[2022-05-02 04:40:59,317] {taskinstance.py:1240} INFO - 
--------------------------------------------------------------------------------
[2022-05-02 04:40:59,331] {taskinstance.py:1259} INFO - Executing <Task(PythonOperator): format_to_parquet_task> on 2020-10-02 06:00:00+00:00
[2022-05-02 04:40:59,336] {standard_task_runner.py:52} INFO - Started process 2122 to run task
[2022-05-02 04:40:59,341] {standard_task_runner.py:76} INFO - Running: ['***', 'tasks', 'run', 'YellowDataIngestionDag', 'format_to_parquet_task', 'scheduled__2020-10-02T06:00:00+00:00', '--job-id', '236', '--raw', '--subdir', 'DAGS_FOLDER/ingest_yellow_green_fhv_zones_gcs_dag.py', '--cfg-path', '/tmp/tmpu9_0fcn3', '--error-file', '/tmp/tmpbk88sumo']
[2022-05-02 04:40:59,342] {standard_task_runner.py:77} INFO - Job 236: Subtask format_to_parquet_task
[2022-05-02 04:40:59,418] {logging_mixin.py:109} INFO - Running <TaskInstance: YellowDataIngestionDag.format_to_parquet_task scheduled__2020-10-02T06:00:00+00:00 [running]> on host 8238bde88e59
[2022-05-02 04:40:59,471] {warnings.py:110} WARNING - /home/***/.local/lib/python3.7/site-packages/***/utils/context.py:152: AirflowContextDeprecationWarning: Accessing 'execution_date' from the template is deprecated and will be removed in a future version. Please use 'data_interval_start' or 'logical_date' instead.
  warnings.warn(_create_deprecation_warning(key, self._deprecation_replacements[key]))

[2022-05-02 04:40:59,498] {taskinstance.py:1426} INFO - Exporting the following env vars:
AIRFLOW_CTX_DAG_OWNER=***
AIRFLOW_CTX_DAG_ID=YellowDataIngestionDag
AIRFLOW_CTX_TASK_ID=format_to_parquet_task
AIRFLOW_CTX_EXECUTION_DATE=2020-10-02T06:00:00+00:00
AIRFLOW_CTX_DAG_RUN_ID=scheduled__2020-10-02T06:00:00+00:00
[2022-05-02 04:40:59,499] {logging_mixin.py:109} INFO - Entered Parquet format DAG
[2022-05-02 04:41:01,120] {logging_mixin.py:109} INFO - File converted to Parquet
[2022-05-02 04:41:01,125] {python.py:175} INFO - Done. Returned value was: None
[2022-05-02 04:41:01,139] {taskinstance.py:1277} INFO - Marking task as SUCCESS. dag_id=YellowDataIngestionDag, task_id=format_to_parquet_task, execution_date=20201002T060000, start_date=20220502T044059, end_date=20220502T044101
[2022-05-02 04:41:01,209] {local_task_job.py:154} INFO - Task exited with return code 0
[2022-05-02 04:41:01,262] {local_task_job.py:264} INFO - 1 downstream tasks scheduled from follow-on schedule check
