[2022-05-02 04:26:41,329] {taskinstance.py:1032} INFO - Dependencies all met for <TaskInstance: GreenDataIngestionDag.upload_to_gcs_task scheduled__2020-11-02T07:00:00+00:00 [queued]>
[2022-05-02 04:26:41,350] {taskinstance.py:1032} INFO - Dependencies all met for <TaskInstance: GreenDataIngestionDag.upload_to_gcs_task scheduled__2020-11-02T07:00:00+00:00 [queued]>
[2022-05-02 04:26:41,350] {taskinstance.py:1238} INFO - 
--------------------------------------------------------------------------------
[2022-05-02 04:26:41,350] {taskinstance.py:1239} INFO - Starting attempt 1 of 2
[2022-05-02 04:26:41,351] {taskinstance.py:1240} INFO - 
--------------------------------------------------------------------------------
[2022-05-02 04:26:41,376] {taskinstance.py:1259} INFO - Executing <Task(PythonOperator): upload_to_gcs_task> on 2020-11-02 07:00:00+00:00
[2022-05-02 04:26:41,382] {standard_task_runner.py:52} INFO - Started process 1159 to run task
[2022-05-02 04:26:41,391] {standard_task_runner.py:76} INFO - Running: ['***', 'tasks', 'run', 'GreenDataIngestionDag', 'upload_to_gcs_task', 'scheduled__2020-11-02T07:00:00+00:00', '--job-id', '161', '--raw', '--subdir', 'DAGS_FOLDER/ingest_yellow_green_fhv_zones_gcs_dag.py', '--cfg-path', '/tmp/tmp47grqd1t', '--error-file', '/tmp/tmppsuoxe0c']
[2022-05-02 04:26:41,392] {standard_task_runner.py:77} INFO - Job 161: Subtask upload_to_gcs_task
[2022-05-02 04:26:41,497] {logging_mixin.py:109} INFO - Running <TaskInstance: GreenDataIngestionDag.upload_to_gcs_task scheduled__2020-11-02T07:00:00+00:00 [running]> on host 8238bde88e59
[2022-05-02 04:26:41,571] {warnings.py:110} WARNING - /home/***/.local/lib/python3.7/site-packages/***/utils/context.py:152: AirflowContextDeprecationWarning: Accessing 'execution_date' from the template is deprecated and will be removed in a future version. Please use 'data_interval_start' or 'logical_date' instead.
  warnings.warn(_create_deprecation_warning(key, self._deprecation_replacements[key]))

[2022-05-02 04:26:41,602] {taskinstance.py:1426} INFO - Exporting the following env vars:
AIRFLOW_CTX_DAG_OWNER=***
AIRFLOW_CTX_DAG_ID=GreenDataIngestionDag
AIRFLOW_CTX_TASK_ID=upload_to_gcs_task
AIRFLOW_CTX_EXECUTION_DATE=2020-11-02T07:00:00+00:00
AIRFLOW_CTX_DAG_RUN_ID=scheduled__2020-11-02T07:00:00+00:00
[2022-05-02 04:26:41,603] {logging_mixin.py:109} INFO - Entered Upload to GCS DAG
[2022-05-02 04:26:43,370] {logging_mixin.py:109} INFO - Uploaded File to GCS
[2022-05-02 04:26:43,370] {python.py:175} INFO - Done. Returned value was: None
[2022-05-02 04:26:43,385] {taskinstance.py:1277} INFO - Marking task as SUCCESS. dag_id=GreenDataIngestionDag, task_id=upload_to_gcs_task, execution_date=20201102T070000, start_date=20220502T042641, end_date=20220502T042643
[2022-05-02 04:26:43,458] {local_task_job.py:154} INFO - Task exited with return code 0
[2022-05-02 04:26:43,610] {local_task_job.py:264} INFO - 0 downstream tasks scheduled from follow-on schedule check
