[2022-05-02 04:31:08,722] {taskinstance.py:1032} INFO - Dependencies all met for <TaskInstance: YellowDataIngestionDag.download_dataset_task scheduled__2019-09-02T06:00:00+00:00 [queued]>
[2022-05-02 04:31:08,735] {taskinstance.py:1032} INFO - Dependencies all met for <TaskInstance: YellowDataIngestionDag.download_dataset_task scheduled__2019-09-02T06:00:00+00:00 [queued]>
[2022-05-02 04:31:08,735] {taskinstance.py:1238} INFO - 
--------------------------------------------------------------------------------
[2022-05-02 04:31:08,735] {taskinstance.py:1239} INFO - Starting attempt 1 of 2
[2022-05-02 04:31:08,735] {taskinstance.py:1240} INFO - 
--------------------------------------------------------------------------------
[2022-05-02 04:31:08,752] {taskinstance.py:1259} INFO - Executing <Task(BashOperator): download_dataset_task> on 2019-09-02 06:00:00+00:00
[2022-05-02 04:31:08,757] {standard_task_runner.py:52} INFO - Started process 1440 to run task
[2022-05-02 04:31:08,764] {standard_task_runner.py:76} INFO - Running: ['***', 'tasks', 'run', 'YellowDataIngestionDag', 'download_dataset_task', 'scheduled__2019-09-02T06:00:00+00:00', '--job-id', '183', '--raw', '--subdir', 'DAGS_FOLDER/ingest_yellow_green_fhv_zones_gcs_dag.py', '--cfg-path', '/tmp/tmpbtylfsf8', '--error-file', '/tmp/tmppjk626zj']
[2022-05-02 04:31:08,769] {standard_task_runner.py:77} INFO - Job 183: Subtask download_dataset_task
[2022-05-02 04:31:08,854] {logging_mixin.py:109} INFO - Running <TaskInstance: YellowDataIngestionDag.download_dataset_task scheduled__2019-09-02T06:00:00+00:00 [running]> on host 8238bde88e59
[2022-05-02 04:31:08,922] {warnings.py:110} WARNING - /home/***/.local/lib/python3.7/site-packages/***/utils/context.py:152: AirflowContextDeprecationWarning: Accessing 'execution_date' from the template is deprecated and will be removed in a future version. Please use 'data_interval_start' or 'logical_date' instead.
  warnings.warn(_create_deprecation_warning(key, self._deprecation_replacements[key]))

[2022-05-02 04:31:08,966] {taskinstance.py:1426} INFO - Exporting the following env vars:
AIRFLOW_CTX_DAG_OWNER=***
AIRFLOW_CTX_DAG_ID=YellowDataIngestionDag
AIRFLOW_CTX_TASK_ID=download_dataset_task
AIRFLOW_CTX_EXECUTION_DATE=2019-09-02T06:00:00+00:00
AIRFLOW_CTX_DAG_RUN_ID=scheduled__2019-09-02T06:00:00+00:00
[2022-05-02 04:31:08,967] {subprocess.py:62} INFO - Tmp dir root location: 
 /tmp
[2022-05-02 04:31:08,968] {subprocess.py:74} INFO - Running command: ['bash', '-c', 'curl -sSLf https://s3.amazonaws.com/nyc-tlc/trip+data/yellow_tripdata_2019-09.csv > /opt/***/yellow_taxi_2019-09.csv']
[2022-05-02 04:31:08,981] {subprocess.py:85} INFO - Output:
[2022-05-02 04:31:30,828] {subprocess.py:93} INFO - Command exited with return code 0
[2022-05-02 04:31:30,866] {taskinstance.py:1277} INFO - Marking task as SUCCESS. dag_id=YellowDataIngestionDag, task_id=download_dataset_task, execution_date=20190902T060000, start_date=20220502T043108, end_date=20220502T043130
[2022-05-02 04:31:30,908] {local_task_job.py:154} INFO - Task exited with return code 0
[2022-05-02 04:31:30,983] {local_task_job.py:264} INFO - 0 downstream tasks scheduled from follow-on schedule check
