[2022-05-02 04:30:43,854] {taskinstance.py:1032} INFO - Dependencies all met for <TaskInstance: YellowDataIngestionDag.rm_csv_parquet_task scheduled__2019-08-02T06:00:00+00:00 [queued]>
[2022-05-02 04:30:43,876] {taskinstance.py:1032} INFO - Dependencies all met for <TaskInstance: YellowDataIngestionDag.rm_csv_parquet_task scheduled__2019-08-02T06:00:00+00:00 [queued]>
[2022-05-02 04:30:43,876] {taskinstance.py:1238} INFO - 
--------------------------------------------------------------------------------
[2022-05-02 04:30:43,876] {taskinstance.py:1239} INFO - Starting attempt 1 of 2
[2022-05-02 04:30:43,876] {taskinstance.py:1240} INFO - 
--------------------------------------------------------------------------------
[2022-05-02 04:30:43,899] {taskinstance.py:1259} INFO - Executing <Task(BashOperator): rm_csv_parquet_task> on 2019-08-02 06:00:00+00:00
[2022-05-02 04:30:43,906] {standard_task_runner.py:52} INFO - Started process 1426 to run task
[2022-05-02 04:30:43,913] {standard_task_runner.py:76} INFO - Running: ['***', 'tasks', 'run', 'YellowDataIngestionDag', 'rm_csv_parquet_task', 'scheduled__2019-08-02T06:00:00+00:00', '--job-id', '182', '--raw', '--subdir', 'DAGS_FOLDER/ingest_yellow_green_fhv_zones_gcs_dag.py', '--cfg-path', '/tmp/tmpk0krgt_v', '--error-file', '/tmp/tmpb8cbw58l']
[2022-05-02 04:30:43,914] {standard_task_runner.py:77} INFO - Job 182: Subtask rm_csv_parquet_task
[2022-05-02 04:30:44,022] {logging_mixin.py:109} INFO - Running <TaskInstance: YellowDataIngestionDag.rm_csv_parquet_task scheduled__2019-08-02T06:00:00+00:00 [running]> on host 8238bde88e59
[2022-05-02 04:30:44,105] {warnings.py:110} WARNING - /home/***/.local/lib/python3.7/site-packages/***/utils/context.py:152: AirflowContextDeprecationWarning: Accessing 'execution_date' from the template is deprecated and will be removed in a future version. Please use 'data_interval_start' or 'logical_date' instead.
  warnings.warn(_create_deprecation_warning(key, self._deprecation_replacements[key]))

[2022-05-02 04:30:44,140] {taskinstance.py:1426} INFO - Exporting the following env vars:
AIRFLOW_CTX_DAG_OWNER=***
AIRFLOW_CTX_DAG_ID=YellowDataIngestionDag
AIRFLOW_CTX_TASK_ID=rm_csv_parquet_task
AIRFLOW_CTX_EXECUTION_DATE=2019-08-02T06:00:00+00:00
AIRFLOW_CTX_DAG_RUN_ID=scheduled__2019-08-02T06:00:00+00:00
[2022-05-02 04:30:44,141] {subprocess.py:62} INFO - Tmp dir root location: 
 /tmp
[2022-05-02 04:30:44,142] {subprocess.py:74} INFO - Running command: ['bash', '-c', 'rm /opt/***/yellow_taxi_2019-08.csv /opt/***/yellow_taxi_2019-08.parquet']
[2022-05-02 04:30:44,154] {subprocess.py:85} INFO - Output:
[2022-05-02 04:30:44,265] {subprocess.py:93} INFO - Command exited with return code 0
[2022-05-02 04:30:44,307] {taskinstance.py:1277} INFO - Marking task as SUCCESS. dag_id=YellowDataIngestionDag, task_id=rm_csv_parquet_task, execution_date=20190802T060000, start_date=20220502T043043, end_date=20220502T043044
[2022-05-02 04:30:44,366] {local_task_job.py:154} INFO - Task exited with return code 0
[2022-05-02 04:30:44,414] {local_task_job.py:264} INFO - 0 downstream tasks scheduled from follow-on schedule check
