[2022-05-02 04:26:07,161] {taskinstance.py:1032} INFO - Dependencies all met for <TaskInstance: GreenDataIngestionDag.format_to_parquet_task scheduled__2020-07-02T07:00:00+00:00 [queued]>
[2022-05-02 04:26:07,180] {taskinstance.py:1032} INFO - Dependencies all met for <TaskInstance: GreenDataIngestionDag.format_to_parquet_task scheduled__2020-07-02T07:00:00+00:00 [queued]>
[2022-05-02 04:26:07,180] {taskinstance.py:1238} INFO - 
--------------------------------------------------------------------------------
[2022-05-02 04:26:07,181] {taskinstance.py:1239} INFO - Starting attempt 1 of 2
[2022-05-02 04:26:07,181] {taskinstance.py:1240} INFO - 
--------------------------------------------------------------------------------
[2022-05-02 04:26:07,203] {taskinstance.py:1259} INFO - Executing <Task(PythonOperator): format_to_parquet_task> on 2020-07-02 07:00:00+00:00
[2022-05-02 04:26:07,210] {standard_task_runner.py:52} INFO - Started process 1040 to run task
[2022-05-02 04:26:07,217] {standard_task_runner.py:76} INFO - Running: ['***', 'tasks', 'run', 'GreenDataIngestionDag', 'format_to_parquet_task', 'scheduled__2020-07-02T07:00:00+00:00', '--job-id', '143', '--raw', '--subdir', 'DAGS_FOLDER/ingest_yellow_green_fhv_zones_gcs_dag.py', '--cfg-path', '/tmp/tmp_5qi_8xw', '--error-file', '/tmp/tmp5mbtx_bk']
[2022-05-02 04:26:07,218] {standard_task_runner.py:77} INFO - Job 143: Subtask format_to_parquet_task
[2022-05-02 04:26:07,317] {logging_mixin.py:109} INFO - Running <TaskInstance: GreenDataIngestionDag.format_to_parquet_task scheduled__2020-07-02T07:00:00+00:00 [running]> on host 8238bde88e59
[2022-05-02 04:26:07,391] {warnings.py:110} WARNING - /home/***/.local/lib/python3.7/site-packages/***/utils/context.py:152: AirflowContextDeprecationWarning: Accessing 'execution_date' from the template is deprecated and will be removed in a future version. Please use 'data_interval_start' or 'logical_date' instead.
  warnings.warn(_create_deprecation_warning(key, self._deprecation_replacements[key]))

[2022-05-02 04:26:07,422] {taskinstance.py:1426} INFO - Exporting the following env vars:
AIRFLOW_CTX_DAG_OWNER=***
AIRFLOW_CTX_DAG_ID=GreenDataIngestionDag
AIRFLOW_CTX_TASK_ID=format_to_parquet_task
AIRFLOW_CTX_EXECUTION_DATE=2020-07-02T07:00:00+00:00
AIRFLOW_CTX_DAG_RUN_ID=scheduled__2020-07-02T07:00:00+00:00
[2022-05-02 04:26:07,423] {logging_mixin.py:109} INFO - Entered Parquet format DAG
[2022-05-02 04:26:07,681] {logging_mixin.py:109} INFO - File converted to Parquet
[2022-05-02 04:26:07,682] {python.py:175} INFO - Done. Returned value was: None
[2022-05-02 04:26:07,706] {taskinstance.py:1277} INFO - Marking task as SUCCESS. dag_id=GreenDataIngestionDag, task_id=format_to_parquet_task, execution_date=20200702T070000, start_date=20220502T042607, end_date=20220502T042607
[2022-05-02 04:26:07,798] {local_task_job.py:154} INFO - Task exited with return code 0
[2022-05-02 04:26:07,865] {local_task_job.py:264} INFO - 1 downstream tasks scheduled from follow-on schedule check
