[2022-05-02 04:23:38,937] {taskinstance.py:1032} INFO - Dependencies all met for <TaskInstance: GreenDataIngestionDag.upload_to_gcs_task scheduled__2019-04-02T07:00:00+00:00 [queued]>
[2022-05-02 04:23:38,996] {taskinstance.py:1032} INFO - Dependencies all met for <TaskInstance: GreenDataIngestionDag.upload_to_gcs_task scheduled__2019-04-02T07:00:00+00:00 [queued]>
[2022-05-02 04:23:39,007] {taskinstance.py:1238} INFO - 
--------------------------------------------------------------------------------
[2022-05-02 04:23:39,008] {taskinstance.py:1239} INFO - Starting attempt 1 of 2
[2022-05-02 04:23:39,008] {taskinstance.py:1240} INFO - 
--------------------------------------------------------------------------------
[2022-05-02 04:23:39,044] {taskinstance.py:1259} INFO - Executing <Task(PythonOperator): upload_to_gcs_task> on 2019-04-02 07:00:00+00:00
[2022-05-02 04:23:39,060] {standard_task_runner.py:52} INFO - Started process 459 to run task
[2022-05-02 04:23:39,085] {standard_task_runner.py:76} INFO - Running: ['***', 'tasks', 'run', 'GreenDataIngestionDag', 'upload_to_gcs_task', 'scheduled__2019-04-02T07:00:00+00:00', '--job-id', '46', '--raw', '--subdir', 'DAGS_FOLDER/ingest_yellow_green_fhv_zones_gcs_dag.py', '--cfg-path', '/tmp/tmphv9clz3j', '--error-file', '/tmp/tmpxblaeomp']
[2022-05-02 04:23:39,095] {standard_task_runner.py:77} INFO - Job 46: Subtask upload_to_gcs_task
[2022-05-02 04:23:39,275] {logging_mixin.py:109} INFO - Running <TaskInstance: GreenDataIngestionDag.upload_to_gcs_task scheduled__2019-04-02T07:00:00+00:00 [running]> on host 8238bde88e59
[2022-05-02 04:23:39,454] {warnings.py:110} WARNING - /home/***/.local/lib/python3.7/site-packages/***/utils/context.py:152: AirflowContextDeprecationWarning: Accessing 'execution_date' from the template is deprecated and will be removed in a future version. Please use 'data_interval_start' or 'logical_date' instead.
  warnings.warn(_create_deprecation_warning(key, self._deprecation_replacements[key]))

[2022-05-02 04:23:39,523] {taskinstance.py:1426} INFO - Exporting the following env vars:
AIRFLOW_CTX_DAG_OWNER=***
AIRFLOW_CTX_DAG_ID=GreenDataIngestionDag
AIRFLOW_CTX_TASK_ID=upload_to_gcs_task
AIRFLOW_CTX_EXECUTION_DATE=2019-04-02T07:00:00+00:00
AIRFLOW_CTX_DAG_RUN_ID=scheduled__2019-04-02T07:00:00+00:00
[2022-05-02 04:23:39,524] {logging_mixin.py:109} INFO - Entered Upload to GCS DAG
[2022-05-02 04:23:41,784] {logging_mixin.py:109} INFO - Uploaded File to GCS
[2022-05-02 04:23:41,784] {python.py:175} INFO - Done. Returned value was: None
[2022-05-02 04:23:41,802] {taskinstance.py:1277} INFO - Marking task as SUCCESS. dag_id=GreenDataIngestionDag, task_id=upload_to_gcs_task, execution_date=20190402T070000, start_date=20220502T042338, end_date=20220502T042341
[2022-05-02 04:23:41,860] {local_task_job.py:154} INFO - Task exited with return code 0
[2022-05-02 04:23:41,943] {local_task_job.py:264} INFO - 1 downstream tasks scheduled from follow-on schedule check
