[2022-05-02 04:37:17,655] {taskinstance.py:1032} INFO - Dependencies all met for <TaskInstance: YellowDataIngestionDag.download_dataset_task scheduled__2020-03-02T06:00:00+00:00 [queued]>
[2022-05-02 04:37:17,670] {taskinstance.py:1032} INFO - Dependencies all met for <TaskInstance: YellowDataIngestionDag.download_dataset_task scheduled__2020-03-02T06:00:00+00:00 [queued]>
[2022-05-02 04:37:17,670] {taskinstance.py:1238} INFO - 
--------------------------------------------------------------------------------
[2022-05-02 04:37:17,670] {taskinstance.py:1239} INFO - Starting attempt 1 of 2
[2022-05-02 04:37:17,670] {taskinstance.py:1240} INFO - 
--------------------------------------------------------------------------------
[2022-05-02 04:37:17,688] {taskinstance.py:1259} INFO - Executing <Task(BashOperator): download_dataset_task> on 2020-03-02 06:00:00+00:00
[2022-05-02 04:37:17,694] {standard_task_runner.py:52} INFO - Started process 1824 to run task
[2022-05-02 04:37:17,702] {standard_task_runner.py:76} INFO - Running: ['***', 'tasks', 'run', 'YellowDataIngestionDag', 'download_dataset_task', 'scheduled__2020-03-02T06:00:00+00:00', '--job-id', '207', '--raw', '--subdir', 'DAGS_FOLDER/ingest_yellow_green_fhv_zones_gcs_dag.py', '--cfg-path', '/tmp/tmpah1jxn1q', '--error-file', '/tmp/tmp6s0g2xxk']
[2022-05-02 04:37:17,704] {standard_task_runner.py:77} INFO - Job 207: Subtask download_dataset_task
[2022-05-02 04:37:17,798] {logging_mixin.py:109} INFO - Running <TaskInstance: YellowDataIngestionDag.download_dataset_task scheduled__2020-03-02T06:00:00+00:00 [running]> on host 8238bde88e59
[2022-05-02 04:37:17,855] {warnings.py:110} WARNING - /home/***/.local/lib/python3.7/site-packages/***/utils/context.py:152: AirflowContextDeprecationWarning: Accessing 'execution_date' from the template is deprecated and will be removed in a future version. Please use 'data_interval_start' or 'logical_date' instead.
  warnings.warn(_create_deprecation_warning(key, self._deprecation_replacements[key]))

[2022-05-02 04:37:17,881] {taskinstance.py:1426} INFO - Exporting the following env vars:
AIRFLOW_CTX_DAG_OWNER=***
AIRFLOW_CTX_DAG_ID=YellowDataIngestionDag
AIRFLOW_CTX_TASK_ID=download_dataset_task
AIRFLOW_CTX_EXECUTION_DATE=2020-03-02T06:00:00+00:00
AIRFLOW_CTX_DAG_RUN_ID=scheduled__2020-03-02T06:00:00+00:00
[2022-05-02 04:37:17,882] {subprocess.py:62} INFO - Tmp dir root location: 
 /tmp
[2022-05-02 04:37:17,883] {subprocess.py:74} INFO - Running command: ['bash', '-c', 'curl -sSLf https://s3.amazonaws.com/nyc-tlc/trip+data/yellow_tripdata_2020-03.csv > /opt/***/yellow_taxi_2020-03.csv']
[2022-05-02 04:37:17,895] {subprocess.py:85} INFO - Output:
[2022-05-02 04:37:26,572] {subprocess.py:93} INFO - Command exited with return code 0
[2022-05-02 04:37:26,611] {taskinstance.py:1277} INFO - Marking task as SUCCESS. dag_id=YellowDataIngestionDag, task_id=download_dataset_task, execution_date=20200302T060000, start_date=20220502T043717, end_date=20220502T043726
[2022-05-02 04:37:26,650] {local_task_job.py:154} INFO - Task exited with return code 0
[2022-05-02 04:37:26,712] {local_task_job.py:264} INFO - 1 downstream tasks scheduled from follow-on schedule check
