[2022-05-02 04:24:12,697] {taskinstance.py:1032} INFO - Dependencies all met for <TaskInstance: GreenDataIngestionDag.rm_csv_parquet_task scheduled__2019-09-02T07:00:00+00:00 [queued]>
[2022-05-02 04:24:12,717] {taskinstance.py:1032} INFO - Dependencies all met for <TaskInstance: GreenDataIngestionDag.rm_csv_parquet_task scheduled__2019-09-02T07:00:00+00:00 [queued]>
[2022-05-02 04:24:12,718] {taskinstance.py:1238} INFO - 
--------------------------------------------------------------------------------
[2022-05-02 04:24:12,718] {taskinstance.py:1239} INFO - Starting attempt 1 of 2
[2022-05-02 04:24:12,718] {taskinstance.py:1240} INFO - 
--------------------------------------------------------------------------------
[2022-05-02 04:24:12,745] {taskinstance.py:1259} INFO - Executing <Task(BashOperator): rm_csv_parquet_task> on 2019-09-02 07:00:00+00:00
[2022-05-02 04:24:12,758] {standard_task_runner.py:52} INFO - Started process 600 to run task
[2022-05-02 04:24:12,778] {standard_task_runner.py:76} INFO - Running: ['***', 'tasks', 'run', 'GreenDataIngestionDag', 'rm_csv_parquet_task', 'scheduled__2019-09-02T07:00:00+00:00', '--job-id', '72', '--raw', '--subdir', 'DAGS_FOLDER/ingest_yellow_green_fhv_zones_gcs_dag.py', '--cfg-path', '/tmp/tmpw7potlc_', '--error-file', '/tmp/tmp1omqgo9m']
[2022-05-02 04:24:12,779] {standard_task_runner.py:77} INFO - Job 72: Subtask rm_csv_parquet_task
[2022-05-02 04:24:12,992] {logging_mixin.py:109} INFO - Running <TaskInstance: GreenDataIngestionDag.rm_csv_parquet_task scheduled__2019-09-02T07:00:00+00:00 [running]> on host 8238bde88e59
[2022-05-02 04:24:13,133] {warnings.py:110} WARNING - /home/***/.local/lib/python3.7/site-packages/***/utils/context.py:152: AirflowContextDeprecationWarning: Accessing 'execution_date' from the template is deprecated and will be removed in a future version. Please use 'data_interval_start' or 'logical_date' instead.
  warnings.warn(_create_deprecation_warning(key, self._deprecation_replacements[key]))

[2022-05-02 04:24:13,170] {taskinstance.py:1426} INFO - Exporting the following env vars:
AIRFLOW_CTX_DAG_OWNER=***
AIRFLOW_CTX_DAG_ID=GreenDataIngestionDag
AIRFLOW_CTX_TASK_ID=rm_csv_parquet_task
AIRFLOW_CTX_EXECUTION_DATE=2019-09-02T07:00:00+00:00
AIRFLOW_CTX_DAG_RUN_ID=scheduled__2019-09-02T07:00:00+00:00
[2022-05-02 04:24:13,171] {subprocess.py:62} INFO - Tmp dir root location: 
 /tmp
[2022-05-02 04:24:13,172] {subprocess.py:74} INFO - Running command: ['bash', '-c', 'rm /opt/***/green_taxi_2019-09.csv /opt/***/green_taxi_2019-09.parquet']
[2022-05-02 04:24:13,196] {subprocess.py:85} INFO - Output:
[2022-05-02 04:24:13,222] {subprocess.py:93} INFO - Command exited with return code 0
[2022-05-02 04:24:13,272] {taskinstance.py:1277} INFO - Marking task as SUCCESS. dag_id=GreenDataIngestionDag, task_id=rm_csv_parquet_task, execution_date=20190902T070000, start_date=20220502T042412, end_date=20220502T042413
[2022-05-02 04:24:13,316] {local_task_job.py:154} INFO - Task exited with return code 0
[2022-05-02 04:24:13,376] {local_task_job.py:264} INFO - 0 downstream tasks scheduled from follow-on schedule check
