[2022-05-02 04:23:34,132] {taskinstance.py:1032} INFO - Dependencies all met for <TaskInstance: FHVDataIngestionDag.rm_csv_parquet_task scheduled__2019-04-02T08:00:00+00:00 [queued]>
[2022-05-02 04:23:34,179] {taskinstance.py:1032} INFO - Dependencies all met for <TaskInstance: FHVDataIngestionDag.rm_csv_parquet_task scheduled__2019-04-02T08:00:00+00:00 [queued]>
[2022-05-02 04:23:34,183] {taskinstance.py:1238} INFO - 
--------------------------------------------------------------------------------
[2022-05-02 04:23:34,184] {taskinstance.py:1239} INFO - Starting attempt 1 of 2
[2022-05-02 04:23:34,184] {taskinstance.py:1240} INFO - 
--------------------------------------------------------------------------------
[2022-05-02 04:23:34,226] {taskinstance.py:1259} INFO - Executing <Task(BashOperator): rm_csv_parquet_task> on 2019-04-02 08:00:00+00:00
[2022-05-02 04:23:34,238] {standard_task_runner.py:52} INFO - Started process 432 to run task
[2022-05-02 04:23:34,254] {standard_task_runner.py:76} INFO - Running: ['***', 'tasks', 'run', 'FHVDataIngestionDag', 'rm_csv_parquet_task', 'scheduled__2019-04-02T08:00:00+00:00', '--job-id', '42', '--raw', '--subdir', 'DAGS_FOLDER/ingest_yellow_green_fhv_zones_gcs_dag.py', '--cfg-path', '/tmp/tmpickbnw28', '--error-file', '/tmp/tmp7mgbrc69']
[2022-05-02 04:23:34,262] {standard_task_runner.py:77} INFO - Job 42: Subtask rm_csv_parquet_task
[2022-05-02 04:23:34,482] {logging_mixin.py:109} INFO - Running <TaskInstance: FHVDataIngestionDag.rm_csv_parquet_task scheduled__2019-04-02T08:00:00+00:00 [running]> on host 8238bde88e59
[2022-05-02 04:23:34,676] {warnings.py:110} WARNING - /home/***/.local/lib/python3.7/site-packages/***/utils/context.py:152: AirflowContextDeprecationWarning: Accessing 'execution_date' from the template is deprecated and will be removed in a future version. Please use 'data_interval_start' or 'logical_date' instead.
  warnings.warn(_create_deprecation_warning(key, self._deprecation_replacements[key]))

[2022-05-02 04:23:34,754] {taskinstance.py:1426} INFO - Exporting the following env vars:
AIRFLOW_CTX_DAG_OWNER=***
AIRFLOW_CTX_DAG_ID=FHVDataIngestionDag
AIRFLOW_CTX_TASK_ID=rm_csv_parquet_task
AIRFLOW_CTX_EXECUTION_DATE=2019-04-02T08:00:00+00:00
AIRFLOW_CTX_DAG_RUN_ID=scheduled__2019-04-02T08:00:00+00:00
[2022-05-02 04:23:34,755] {subprocess.py:62} INFO - Tmp dir root location: 
 /tmp
[2022-05-02 04:23:34,756] {subprocess.py:74} INFO - Running command: ['bash', '-c', 'rm /opt/***/fhv_2019-04.csv /opt/***/fhv_2019-04.parquet']
[2022-05-02 04:23:34,794] {subprocess.py:85} INFO - Output:
[2022-05-02 04:23:34,853] {subprocess.py:93} INFO - Command exited with return code 0
[2022-05-02 04:23:34,925] {taskinstance.py:1277} INFO - Marking task as SUCCESS. dag_id=FHVDataIngestionDag, task_id=rm_csv_parquet_task, execution_date=20190402T080000, start_date=20220502T042334, end_date=20220502T042334
[2022-05-02 04:23:34,997] {local_task_job.py:154} INFO - Task exited with return code 0
[2022-05-02 04:23:35,078] {local_task_job.py:264} INFO - 0 downstream tasks scheduled from follow-on schedule check
